<?xml version="1.0" encoding="UTF-8"?>
<testsuite xmlns:xsi="http://www.w3.org/2001/XMLSchema-instance" xsi:noNamespaceSchemaLocation="https://maven.apache.org/surefire/maven-failsafe-plugin/xsd/failsafe-test-report-3.0.xsd" version="3.0" name="Tests.AddCommentTest" time="8.762" tests="2" errors="0" skipped="0" failures="0">
  <properties>
    <property name="sun.desktop" value="windows"/>
    <property name="awt.toolkit" value="sun.awt.windows.WToolkit"/>
    <property name="java.specification.version" value="11"/>
    <property name="sun.cpu.isalist" value="amd64"/>
    <property name="sun.jnu.encoding" value="Cp1252"/>
    <property name="java.class.path" value="D:\API Testing\JiraAPI\target\test-classes;C:\Users\Ritesh Ranjan Mishra\.m2\repository\javax\xml\bind\jaxb-api\2.4.0-b180830.0359\jaxb-api-2.4.0-b180830.0359.jar;C:\Users\Ritesh Ranjan Mishra\.m2\repository\javax\activation\javax.activation-api\1.2.0\javax.activation-api-1.2.0.jar;C:\Users\Ritesh Ranjan Mishra\.m2\repository\net\serenity-bdd\serenity-core\3.3.2\serenity-core-3.3.2.jar;C:\Users\Ritesh Ranjan Mishra\.m2\repository\net\serenity-bdd\serenity-model\3.3.2\serenity-model-3.3.2.jar;C:\Users\Ritesh Ranjan Mishra\.m2\repository\org\apache\commons\commons-text\1.9\commons-text-1.9.jar;C:\Users\Ritesh Ranjan Mishra\.m2\repository\commons-net\commons-net\3.8.0\commons-net-3.8.0.jar;C:\Users\Ritesh Ranjan Mishra\.m2\repository\com\google\guava\guava\31.1-jre\guava-31.1-jre.jar;C:\Users\Ritesh Ranjan Mishra\.m2\repository\com\google\guava\failureaccess\1.0.1\failureaccess-1.0.1.jar;C:\Users\Ritesh Ranjan Mishra\.m2\repository\com\google\guava\listenablefuture\9999.0-empty-to-avoid-conflict-with-guava\listenablefuture-9999.0-empty-to-avoid-conflict-with-guava.jar;C:\Users\Ritesh Ranjan Mishra\.m2\repository\com\google\code\findbugs\jsr305\3.0.2\jsr305-3.0.2.jar;C:\Users\Ritesh Ranjan Mishra\.m2\repository\org\checkerframework\checker-qual\3.12.0\checker-qual-3.12.0.jar;C:\Users\Ritesh Ranjan Mishra\.m2\repository\com\google\errorprone\error_prone_annotations\2.11.0\error_prone_annotations-2.11.0.jar;C:\Users\Ritesh Ranjan Mishra\.m2\repository\com\google\j2objc\j2objc-annotations\1.3\j2objc-annotations-1.3.jar;C:\Users\Ritesh Ranjan Mishra\.m2\repository\com\google\inject\guice\5.1.0\guice-5.1.0.jar;C:\Users\Ritesh Ranjan Mishra\.m2\repository\javax\inject\javax.inject\1\javax.inject-1.jar;C:\Users\Ritesh Ranjan Mishra\.m2\repository\aopalliance\aopalliance\1.0\aopalliance-1.0.jar;C:\Users\Ritesh Ranjan Mishra\.m2\repository\org\jsoup\jsoup\1.14.3\jsoup-1.14.3.jar;C:\Users\Ritesh Ranjan Mishra\.m2\repository\com\thoughtworks\xstream\xstream\1.4.19\xstream-1.4.19.jar;C:\Users\Ritesh Ranjan Mishra\.m2\repository\io\github\x-stream\mxparser\1.2.2\mxparser-1.2.2.jar;C:\Users\Ritesh Ranjan Mishra\.m2\repository\xmlpull\xmlpull\1.1.3.1\xmlpull-1.1.3.1.jar;C:\Users\Ritesh Ranjan Mishra\.m2\repository\com\typesafe\config\1.4.2\config-1.4.2.jar;C:\Users\Ritesh Ranjan Mishra\.m2\repository\org\imgscalr\imgscalr-lib\4.2\imgscalr-lib-4.2.jar;C:\Users\Ritesh Ranjan Mishra\.m2\repository\org\awaitility\awaitility\4.2.0\awaitility-4.2.0.jar;C:\Users\Ritesh Ranjan Mishra\.m2\repository\org\freemarker\freemarker\2.3.31\freemarker-2.3.31.jar;C:\Users\Ritesh Ranjan Mishra\.m2\repository\io\github\classgraph\classgraph\4.8.138\classgraph-4.8.138.jar;C:\Users\Ritesh Ranjan Mishra\.m2\repository\net\sourceforge\jexcelapi\jxl\2.6.12\jxl-2.6.12.jar;C:\Users\Ritesh Ranjan Mishra\.m2\repository\net\bytebuddy\byte-buddy-agent\1.12.12\byte-buddy-agent-1.12.12.jar;C:\Users\Ritesh Ranjan Mishra\.m2\repository\org\objenesis\objenesis\3.1\objenesis-3.1.jar;C:\Users\Ritesh Ranjan Mishra\.m2\repository\net\serenity-bdd\serenity-reports\3.3.2\serenity-reports-3.3.2.jar;C:\Users\Ritesh Ranjan Mishra\.m2\repository\net\serenity-bdd\serenity-stats\3.3.2\serenity-stats-3.3.2.jar;C:\Users\Ritesh Ranjan Mishra\.m2\repository\net\serenity-bdd\serenity-reports-configuration\3.3.2\serenity-reports-configuration-3.3.2.jar;C:\Users\Ritesh Ranjan Mishra\.m2\repository\com\vladsch\flexmark\flexmark-all\0.34.30\flexmark-all-0.34.30.jar;C:\Users\Ritesh Ranjan Mishra\.m2\repository\com\vladsch\flexmark\flexmark\0.34.30\flexmark-0.34.30.jar;C:\Users\Ritesh Ranjan Mishra\.m2\repository\com\vladsch\flexmark\flexmark-ext-abbreviation\0.34.30\flexmark-ext-abbreviation-0.34.30.jar;C:\Users\Ritesh Ranjan Mishra\.m2\repository\com\vladsch\flexmark\flexmark-ext-admonition\0.34.30\flexmark-ext-admonition-0.34.30.jar;C:\Users\Ritesh Ranjan Mishra\.m2\repository\com\vladsch\flexmark\flexmark-ext-anchorlink\0.34.30\flexmark-ext-anchorlink-0.34.30.jar;C:\Users\Ritesh Ranjan Mishra\.m2\repository\com\vladsch\flexmark\flexmark-ext-aside\0.34.30\flexmark-ext-aside-0.34.30.jar;C:\Users\Ritesh Ranjan Mishra\.m2\repository\com\vladsch\flexmark\flexmark-ext-attributes\0.34.30\flexmark-ext-attributes-0.34.30.jar;C:\Users\Ritesh Ranjan Mishra\.m2\repository\com\vladsch\flexmark\flexmark-ext-autolink\0.34.30\flexmark-ext-autolink-0.34.30.jar;C:\Users\Ritesh Ranjan Mishra\.m2\repository\org\nibor\autolink\autolink\0.6.0\autolink-0.6.0.jar;C:\Users\Ritesh Ranjan Mishra\.m2\repository\com\vladsch\flexmark\flexmark-ext-definition\0.34.30\flexmark-ext-definition-0.34.30.jar;C:\Users\Ritesh Ranjan Mishra\.m2\repository\com\vladsch\flexmark\flexmark-ext-emoji\0.34.30\flexmark-ext-emoji-0.34.30.jar;C:\Users\Ritesh Ranjan Mishra\.m2\repository\com\vladsch\flexmark\flexmark-ext-enumerated-reference\0.34.30\flexmark-ext-enumerated-reference-0.34.30.jar;C:\Users\Ritesh Ranjan Mishra\.m2\repository\com\vladsch\flexmark\flexmark-ext-escaped-character\0.34.30\flexmark-ext-escaped-character-0.34.30.jar;C:\Users\Ritesh Ranjan Mishra\.m2\repository\com\vladsch\flexmark\flexmark-ext-footnotes\0.34.30\flexmark-ext-footnotes-0.34.30.jar;C:\Users\Ritesh Ranjan Mishra\.m2\repository\com\vladsch\flexmark\flexmark-ext-gfm-issues\0.34.30\flexmark-ext-gfm-issues-0.34.30.jar;C:\Users\Ritesh Ranjan Mishra\.m2\repository\com\vladsch\flexmark\flexmark-ext-gfm-strikethrough\0.34.30\flexmark-ext-gfm-strikethrough-0.34.30.jar;C:\Users\Ritesh Ranjan Mishra\.m2\repository\com\vladsch\flexmark\flexmark-ext-gfm-tables\0.34.30\flexmark-ext-gfm-tables-0.34.30.jar;C:\Users\Ritesh Ranjan Mishra\.m2\repository\com\vladsch\flexmark\flexmark-ext-gfm-tasklist\0.34.30\flexmark-ext-gfm-tasklist-0.34.30.jar;C:\Users\Ritesh Ranjan Mishra\.m2\repository\com\vladsch\flexmark\flexmark-ext-gfm-users\0.34.30\flexmark-ext-gfm-users-0.34.30.jar;C:\Users\Ritesh Ranjan Mishra\.m2\repository\com\vladsch\flexmark\flexmark-ext-gitlab\0.34.30\flexmark-ext-gitlab-0.34.30.jar;C:\Users\Ritesh Ranjan Mishra\.m2\repository\com\vladsch\flexmark\flexmark-ext-jekyll-front-matter\0.34.30\flexmark-ext-jekyll-front-matter-0.34.30.jar;C:\Users\Ritesh Ranjan Mishra\.m2\repository\com\vladsch\flexmark\flexmark-ext-jekyll-tag\0.34.30\flexmark-ext-jekyll-tag-0.34.30.jar;C:\Users\Ritesh Ranjan Mishra\.m2\repository\com\vladsch\flexmark\flexmark-ext-media-tags\0.34.30\flexmark-ext-media-tags-0.34.30.jar;C:\Users\Ritesh Ranjan Mishra\.m2\repository\com\vladsch\flexmark\flexmark-test-util\0.34.30\flexmark-test-util-0.34.30.jar;C:\Users\Ritesh Ranjan Mishra\.m2\repository\com\vladsch\flexmark\flexmark-ext-ins\0.34.30\flexmark-ext-ins-0.34.30.jar;C:\Users\Ritesh Ranjan Mishra\.m2\repository\com\vladsch\flexmark\flexmark-ext-xwiki-macros\0.34.30\flexmark-ext-xwiki-macros-0.34.30.jar;C:\Users\Ritesh Ranjan Mishra\.m2\repository\com\vladsch\flexmark\flexmark-ext-superscript\0.34.30\flexmark-ext-superscript-0.34.30.jar;C:\Users\Ritesh Ranjan Mishra\.m2\repository\com\vladsch\flexmark\flexmark-ext-tables\0.34.30\flexmark-ext-tables-0.34.30.jar;C:\Users\Ritesh Ranjan Mishra\.m2\repository\com\vladsch\flexmark\flexmark-ext-toc\0.34.30\flexmark-ext-toc-0.34.30.jar;C:\Users\Ritesh Ranjan Mishra\.m2\repository\com\vladsch\flexmark\flexmark-ext-typographic\0.34.30\flexmark-ext-typographic-0.34.30.jar;C:\Users\Ritesh Ranjan Mishra\.m2\repository\com\vladsch\flexmark\flexmark-ext-wikilink\0.34.30\flexmark-ext-wikilink-0.34.30.jar;C:\Users\Ritesh Ranjan Mishra\.m2\repository\com\vladsch\flexmark\flexmark-ext-yaml-front-matter\0.34.30\flexmark-ext-yaml-front-matter-0.34.30.jar;C:\Users\Ritesh Ranjan Mishra\.m2\repository\com\vladsch\flexmark\flexmark-ext-youtube-embedded\0.34.30\flexmark-ext-youtube-embedded-0.34.30.jar;C:\Users\Ritesh Ranjan Mishra\.m2\repository\com\vladsch\flexmark\flexmark-formatter\0.34.30\flexmark-formatter-0.34.30.jar;C:\Users\Ritesh Ranjan Mishra\.m2\repository\com\vladsch\flexmark\flexmark-html-parser\0.34.30\flexmark-html-parser-0.34.30.jar;C:\Users\Ritesh Ranjan Mishra\.m2\repository\com\vladsch\flexmark\flexmark-jira-converter\0.34.30\flexmark-jira-converter-0.34.30.jar;C:\Users\Ritesh Ranjan Mishra\.m2\repository\com\vladsch\flexmark\flexmark-pdf-converter\0.34.30\flexmark-pdf-converter-0.34.30.jar;C:\Users\Ritesh Ranjan Mishra\.m2\repository\com\openhtmltopdf\openhtmltopdf-core\0.0.1-RC13\openhtmltopdf-core-0.0.1-RC13.jar;C:\Users\Ritesh Ranjan Mishra\.m2\repository\com\openhtmltopdf\openhtmltopdf-pdfbox\0.0.1-RC13\openhtmltopdf-pdfbox-0.0.1-RC13.jar;C:\Users\Ritesh Ranjan Mishra\.m2\repository\org\apache\pdfbox\pdfbox\2.0.8\pdfbox-2.0.8.jar;C:\Users\Ritesh Ranjan Mishra\.m2\repository\org\apache\pdfbox\fontbox\2.0.8\fontbox-2.0.8.jar;C:\Users\Ritesh Ranjan Mishra\.m2\repository\org\apache\pdfbox\xmpbox\2.0.8\xmpbox-2.0.8.jar;C:\Users\Ritesh Ranjan Mishra\.m2\repository\de\rototor\pdfbox\graphics2d\0.12\graphics2d-0.12.jar;C:\Users\Ritesh Ranjan Mishra\.m2\repository\com\openhtmltopdf\openhtmltopdf-rtl-support\0.0.1-RC13\openhtmltopdf-rtl-support-0.0.1-RC13.jar;C:\Users\Ritesh Ranjan Mishra\.m2\repository\com\ibm\icu\icu4j\59.1\icu4j-59.1.jar;C:\Users\Ritesh Ranjan Mishra\.m2\repository\com\openhtmltopdf\openhtmltopdf-jsoup-dom-converter\0.0.1-RC13\openhtmltopdf-jsoup-dom-converter-0.0.1-RC13.jar;C:\Users\Ritesh Ranjan Mishra\.m2\repository\com\vladsch\flexmark\flexmark-profile-pegdown\0.34.30\flexmark-profile-pegdown-0.34.30.jar;C:\Users\Ritesh Ranjan Mishra\.m2\repository\com\vladsch\flexmark\flexmark-util\0.34.30\flexmark-util-0.34.30.jar;C:\Users\Ritesh Ranjan Mishra\.m2\repository\com\vladsch\flexmark\flexmark-youtrack-converter\0.34.30\flexmark-youtrack-converter-0.34.30.jar;C:\Users\Ritesh Ranjan Mishra\.m2\repository\es\nitaur\markdown\txtmark\0.16\txtmark-0.16.jar;C:\Users\Ritesh Ranjan Mishra\.m2\repository\net\serenity-bdd\serenity-report-resources\3.3.2\serenity-report-resources-3.3.2.jar;C:\Users\Ritesh Ranjan Mishra\.m2\repository\com\google\code\gson\gson\2.9.0\gson-2.9.0.jar;C:\Users\Ritesh Ranjan Mishra\.m2\repository\com\fasterxml\jackson\core\jackson-core\2.13.3\jackson-core-2.13.3.jar;C:\Users\Ritesh Ranjan Mishra\.m2\repository\commons-codec\commons-codec\1.15\commons-codec-1.15.jar;C:\Users\Ritesh Ranjan Mishra\.m2\repository\commons-io\commons-io\2.11.0\commons-io-2.11.0.jar;C:\Users\Ritesh Ranjan Mishra\.m2\repository\org\seleniumhq\selenium\htmlunit-driver\3.62.0\htmlunit-driver-3.62.0.jar;C:\Users\Ritesh Ranjan Mishra\.m2\repository\net\sourceforge\htmlunit\htmlunit\2.62.0\htmlunit-2.62.0.jar;C:\Users\Ritesh Ranjan Mishra\.m2\repository\xalan\xalan\2.7.2\xalan-2.7.2.jar;C:\Users\Ritesh Ranjan Mishra\.m2\repository\xalan\serializer\2.7.2\serializer-2.7.2.jar;C:\Users\Ritesh Ranjan Mishra\.m2\repository\net\sourceforge\htmlunit\htmlunit-core-js\2.62.0\htmlunit-core-js-2.62.0.jar;C:\Users\Ritesh Ranjan Mishra\.m2\repository\net\sourceforge\htmlunit\neko-htmlunit\2.62.0\neko-htmlunit-2.62.0.jar;C:\Users\Ritesh Ranjan Mishra\.m2\repository\xerces\xercesImpl\2.12.2\xercesImpl-2.12.2.jar;C:\Users\Ritesh Ranjan Mishra\.m2\repository\xml-apis\xml-apis\1.4.01\xml-apis-1.4.01.jar;C:\Users\Ritesh Ranjan Mishra\.m2\repository\net\sourceforge\htmlunit\htmlunit-cssparser\1.12.0\htmlunit-cssparser-1.12.0.jar;C:\Users\Ritesh Ranjan Mishra\.m2\repository\com\shapesecurity\salvation2\3.0.0\salvation2-3.0.0.jar;C:\Users\Ritesh Ranjan Mishra\.m2\repository\org\eclipse\jetty\websocket\websocket-client\9.4.46.v20220331\websocket-client-9.4.46.v20220331.jar;C:\Users\Ritesh Ranjan Mishra\.m2\repository\org\eclipse\jetty\jetty-client\9.4.46.v20220331\jetty-client-9.4.46.v20220331.jar;C:\Users\Ritesh Ranjan Mishra\.m2\repository\org\eclipse\jetty\jetty-http\9.4.46.v20220331\jetty-http-9.4.46.v20220331.jar;C:\Users\Ritesh Ranjan Mishra\.m2\repository\org\eclipse\jetty\jetty-util\9.4.46.v20220331\jetty-util-9.4.46.v20220331.jar;C:\Users\Ritesh Ranjan Mishra\.m2\repository\org\eclipse\jetty\jetty-io\9.4.46.v20220331\jetty-io-9.4.46.v20220331.jar;C:\Users\Ritesh Ranjan Mishra\.m2\repository\org\eclipse\jetty\websocket\websocket-common\9.4.46.v20220331\websocket-common-9.4.46.v20220331.jar;C:\Users\Ritesh Ranjan Mishra\.m2\repository\org\eclipse\jetty\websocket\websocket-api\9.4.46.v20220331\websocket-api-9.4.46.v20220331.jar;C:\Users\Ritesh Ranjan Mishra\.m2\repository\org\seleniumhq\selenium\selenium-java\4.4.0\selenium-java-4.4.0.jar;C:\Users\Ritesh Ranjan Mishra\.m2\repository\org\seleniumhq\selenium\selenium-devtools-v102\4.4.0\selenium-devtools-v102-4.4.0.jar;C:\Users\Ritesh Ranjan Mishra\.m2\repository\org\seleniumhq\selenium\selenium-devtools-v103\4.4.0\selenium-devtools-v103-4.4.0.jar;C:\Users\Ritesh Ranjan Mishra\.m2\repository\org\seleniumhq\selenium\selenium-devtools-v104\4.4.0\selenium-devtools-v104-4.4.0.jar;C:\Users\Ritesh Ranjan Mishra\.m2\repository\org\seleniumhq\selenium\selenium-devtools-v85\4.4.0\selenium-devtools-v85-4.4.0.jar;C:\Users\Ritesh Ranjan Mishra\.m2\repository\org\seleniumhq\selenium\selenium-opera-driver\4.4.0\selenium-opera-driver-4.4.0.jar;C:\Users\Ritesh Ranjan Mishra\.m2\repository\org\seleniumhq\selenium\selenium-remote-driver\4.4.0\selenium-remote-driver-4.4.0.jar;C:\Users\Ritesh Ranjan Mishra\.m2\repository\com\beust\jcommander\1.82\jcommander-1.82.jar;C:\Users\Ritesh Ranjan Mishra\.m2\repository\io\netty\netty-buffer\4.1.78.Final\netty-buffer-4.1.78.Final.jar;C:\Users\Ritesh Ranjan Mishra\.m2\repository\io\netty\netty-codec-http\4.1.78.Final\netty-codec-http-4.1.78.Final.jar;C:\Users\Ritesh Ranjan Mishra\.m2\repository\io\netty\netty-codec\4.1.78.Final\netty-codec-4.1.78.Final.jar;C:\Users\Ritesh Ranjan Mishra\.m2\repository\io\netty\netty-handler\4.1.78.Final\netty-handler-4.1.78.Final.jar;C:\Users\Ritesh Ranjan Mishra\.m2\repository\io\netty\netty-common\4.1.78.Final\netty-common-4.1.78.Final.jar;C:\Users\Ritesh Ranjan Mishra\.m2\repository\io\netty\netty-transport-classes-epoll\4.1.78.Final\netty-transport-classes-epoll-4.1.78.Final.jar;C:\Users\Ritesh Ranjan Mishra\.m2\repository\io\netty\netty-transport-classes-kqueue\4.1.78.Final\netty-transport-classes-kqueue-4.1.78.Final.jar;C:\Users\Ritesh Ranjan Mishra\.m2\repository\io\netty\netty-transport-native-epoll\4.1.78.Final\netty-transport-native-epoll-4.1.78.Final.jar;C:\Users\Ritesh Ranjan Mishra\.m2\repository\io\netty\netty-transport-native-kqueue\4.1.78.Final\netty-transport-native-kqueue-4.1.78.Final.jar;C:\Users\Ritesh Ranjan Mishra\.m2\repository\io\netty\netty-transport-native-unix-common\4.1.78.Final\netty-transport-native-unix-common-4.1.78.Final.jar;C:\Users\Ritesh Ranjan Mishra\.m2\repository\io\netty\netty-transport\4.1.78.Final\netty-transport-4.1.78.Final.jar;C:\Users\Ritesh Ranjan Mishra\.m2\repository\io\netty\netty-resolver\4.1.78.Final\netty-resolver-4.1.78.Final.jar;C:\Users\Ritesh Ranjan Mishra\.m2\repository\io\opentelemetry\opentelemetry-api\1.16.0\opentelemetry-api-1.16.0.jar;C:\Users\Ritesh Ranjan Mishra\.m2\repository\io\opentelemetry\opentelemetry-context\1.16.0\opentelemetry-context-1.16.0.jar;C:\Users\Ritesh Ranjan Mishra\.m2\repository\io\opentelemetry\opentelemetry-exporter-logging\1.16.0\opentelemetry-exporter-logging-1.16.0.jar;C:\Users\Ritesh Ranjan Mishra\.m2\repository\io\opentelemetry\opentelemetry-sdk-metrics\1.16.0\opentelemetry-sdk-metrics-1.16.0.jar;C:\Users\Ritesh Ranjan Mishra\.m2\repository\io\opentelemetry\opentelemetry-sdk-logs\1.16.0-alpha\opentelemetry-sdk-logs-1.16.0-alpha.jar;C:\Users\Ritesh Ranjan Mishra\.m2\repository\io\opentelemetry\opentelemetry-sdk-common\1.16.0\opentelemetry-sdk-common-1.16.0.jar;C:\Users\Ritesh Ranjan Mishra\.m2\repository\io\opentelemetry\opentelemetry-sdk-extension-autoconfigure-spi\1.16.0\opentelemetry-sdk-extension-autoconfigure-spi-1.16.0.jar;C:\Users\Ritesh Ranjan Mishra\.m2\repository\io\opentelemetry\opentelemetry-sdk-extension-autoconfigure\1.16.0-alpha\opentelemetry-sdk-extension-autoconfigure-1.16.0-alpha.jar;C:\Users\Ritesh Ranjan Mishra\.m2\repository\io\opentelemetry\opentelemetry-sdk-trace\1.16.0\opentelemetry-sdk-trace-1.16.0.jar;C:\Users\Ritesh Ranjan Mishra\.m2\repository\io\opentelemetry\opentelemetry-sdk\1.16.0\opentelemetry-sdk-1.16.0.jar;C:\Users\Ritesh Ranjan Mishra\.m2\repository\io\opentelemetry\opentelemetry-semconv\1.16.0-alpha\opentelemetry-semconv-1.16.0-alpha.jar;C:\Users\Ritesh Ranjan Mishra\.m2\repository\io\ous\jtoml\2.0.0\jtoml-2.0.0.jar;C:\Users\Ritesh Ranjan Mishra\.m2\repository\org\apache\commons\commons-exec\1.3\commons-exec-1.3.jar;C:\Users\Ritesh Ranjan Mishra\.m2\repository\org\asynchttpclient\async-http-client\2.12.3\async-http-client-2.12.3.jar;C:\Users\Ritesh Ranjan Mishra\.m2\repository\org\asynchttpclient\async-http-client-netty-utils\2.12.3\async-http-client-netty-utils-2.12.3.jar;C:\Users\Ritesh Ranjan Mishra\.m2\repository\io\netty\netty-codec-socks\4.1.60.Final\netty-codec-socks-4.1.60.Final.jar;C:\Users\Ritesh Ranjan Mishra\.m2\repository\io\netty\netty-handler-proxy\4.1.60.Final\netty-handler-proxy-4.1.60.Final.jar;C:\Users\Ritesh Ranjan Mishra\.m2\repository\io\netty\netty-transport-native-epoll\4.1.60.Final\netty-transport-native-epoll-4.1.60.Final-linux-x86_64.jar;C:\Users\Ritesh Ranjan Mishra\.m2\repository\io\netty\netty-transport-native-kqueue\4.1.60.Final\netty-transport-native-kqueue-4.1.60.Final-osx-x86_64.jar;C:\Users\Ritesh Ranjan Mishra\.m2\repository\org\reactivestreams\reactive-streams\1.0.3\reactive-streams-1.0.3.jar;C:\Users\Ritesh Ranjan Mishra\.m2\repository\com\typesafe\netty\netty-reactive-streams\2.0.4\netty-reactive-streams-2.0.4.jar;C:\Users\Ritesh Ranjan Mishra\.m2\repository\org\seleniumhq\selenium\selenium-http\4.4.0\selenium-http-4.4.0.jar;C:\Users\Ritesh Ranjan Mishra\.m2\repository\dev\failsafe\failsafe\3.2.4\failsafe-3.2.4.jar;C:\Users\Ritesh Ranjan Mishra\.m2\repository\org\seleniumhq\selenium\selenium-safari-driver\4.4.0\selenium-safari-driver-4.4.0.jar;C:\Users\Ritesh Ranjan Mishra\.m2\repository\org\seleniumhq\selenium\selenium-api\4.4.0\selenium-api-4.4.0.jar;C:\Users\Ritesh Ranjan Mishra\.m2\repository\org\seleniumhq\selenium\selenium-support\4.4.0\selenium-support-4.4.0.jar;C:\Users\Ritesh Ranjan Mishra\.m2\repository\com\google\auto\service\auto-service-annotations\1.0.1\auto-service-annotations-1.0.1.jar;C:\Users\Ritesh Ranjan Mishra\.m2\repository\com\google\auto\service\auto-service\1.0.1\auto-service-1.0.1.jar;C:\Users\Ritesh Ranjan Mishra\.m2\repository\com\google\auto\auto-common\1.2\auto-common-1.2.jar;C:\Users\Ritesh Ranjan Mishra\.m2\repository\org\seleniumhq\selenium\selenium-json\4.4.0\selenium-json-4.4.0.jar;C:\Users\Ritesh Ranjan Mishra\.m2\repository\org\seleniumhq\selenium\selenium-chrome-driver\4.4.0\selenium-chrome-driver-4.4.0.jar;C:\Users\Ritesh Ranjan Mishra\.m2\repository\org\seleniumhq\selenium\selenium-chromium-driver\4.4.0\selenium-chromium-driver-4.4.0.jar;C:\Users\Ritesh Ranjan Mishra\.m2\repository\org\seleniumhq\selenium\selenium-firefox-driver\4.4.0\selenium-firefox-driver-4.4.0.jar;C:\Users\Ritesh Ranjan Mishra\.m2\repository\org\seleniumhq\selenium\selenium-edge-driver\4.4.0\selenium-edge-driver-4.4.0.jar;C:\Users\Ritesh Ranjan Mishra\.m2\repository\org\seleniumhq\selenium\selenium-ie-driver\4.4.0\selenium-ie-driver-4.4.0.jar;C:\Users\Ritesh Ranjan Mishra\.m2\repository\org\projectlombok\lombok\1.18.20\lombok-1.18.20.jar;C:\Users\Ritesh Ranjan Mishra\.m2\repository\io\appium\java-client\8.1.1\java-client-8.1.1.jar;C:\Users\Ritesh Ranjan Mishra\.m2\repository\commons-validator\commons-validator\1.7\commons-validator-1.7.jar;C:\Users\Ritesh Ranjan Mishra\.m2\repository\commons-digester\commons-digester\2.1\commons-digester-2.1.jar;C:\Users\Ritesh Ranjan Mishra\.m2\repository\org\apache\groovy\groovy\4.0.1\groovy-4.0.1.jar;C:\Users\Ritesh Ranjan Mishra\.m2\repository\net\sf\opencsv\opencsv\2.0\opencsv-2.0.jar;C:\Users\Ritesh Ranjan Mishra\.m2\repository\commons-beanutils\commons-beanutils\1.9.4\commons-beanutils-1.9.4.jar;C:\Users\Ritesh Ranjan Mishra\.m2\repository\org\apache\commons\commons-lang3\3.12.0\commons-lang3-3.12.0.jar;C:\Users\Ritesh Ranjan Mishra\.m2\repository\commons-collections\commons-collections\3.2.2\commons-collections-3.2.2.jar;C:\Users\Ritesh Ranjan Mishra\.m2\repository\org\fluentlenium\fluentlenium-core\0.10.2\fluentlenium-core-0.10.2.jar;C:\Users\Ritesh Ranjan Mishra\.m2\repository\io\github\bonigarcia\webdrivermanager\5.2.1\webdrivermanager-5.2.1.jar;C:\Users\Ritesh Ranjan Mishra\.m2\repository\com\github\docker-java\docker-java\3.2.13\docker-java-3.2.13.jar;C:\Users\Ritesh Ranjan Mishra\.m2\repository\com\github\docker-java\docker-java-core\3.2.13\docker-java-core-3.2.13.jar;C:\Users\Ritesh Ranjan Mishra\.m2\repository\com\github\docker-java\docker-java-api\3.2.13\docker-java-api-3.2.13.jar;C:\Users\Ritesh Ranjan Mishra\.m2\repository\org\bouncycastle\bcpkix-jdk15on\1.64\bcpkix-jdk15on-1.64.jar;C:\Users\Ritesh Ranjan Mishra\.m2\repository\org\bouncycastle\bcprov-jdk15on\1.64\bcprov-jdk15on-1.64.jar;C:\Users\Ritesh Ranjan Mishra\.m2\repository\org\slf4j\jcl-over-slf4j\1.7.30\jcl-over-slf4j-1.7.30.jar;C:\Users\Ritesh Ranjan Mishra\.m2\repository\com\github\docker-java\docker-java-transport-httpclient5\3.2.13\docker-java-transport-httpclient5-3.2.13.jar;C:\Users\Ritesh Ranjan Mishra\.m2\repository\com\github\docker-java\docker-java-transport\3.2.13\docker-java-transport-3.2.13.jar;C:\Users\Ritesh Ranjan Mishra\.m2\repository\net\java\dev\jna\jna\5.8.0\jna-5.8.0.jar;C:\Users\Ritesh Ranjan Mishra\.m2\repository\org\brotli\dec\0.1.2\dec-0.1.2.jar;C:\Users\Ritesh Ranjan Mishra\.m2\repository\org\apache\httpcomponents\client5\httpclient5\5.1.3\httpclient5-5.1.3.jar;C:\Users\Ritesh Ranjan Mishra\.m2\repository\org\apache\httpcomponents\core5\httpcore5\5.1.3\httpcore5-5.1.3.jar;C:\Users\Ritesh Ranjan Mishra\.m2\repository\org\apache\httpcomponents\core5\httpcore5-h2\5.1.3\httpcore5-h2-5.1.3.jar;C:\Users\Ritesh Ranjan Mishra\.m2\repository\com\jhlabs\filters\2.0.235\filters-2.0.235.jar;C:\Users\Ritesh Ranjan Mishra\.m2\repository\com\paulhammant\ngwebdriver\1.1.6\ngwebdriver-1.1.6.jar;C:\Users\Ritesh Ranjan Mishra\.m2\repository\joda-time\joda-time\2.8.2\joda-time-2.8.2.jar;C:\Users\Ritesh Ranjan Mishra\.m2\repository\org\hamcrest\hamcrest\2.2\hamcrest-2.2.jar;C:\Users\Ritesh Ranjan Mishra\.m2\repository\com\google\jimfs\jimfs\1.2\jimfs-1.2.jar;C:\Users\Ritesh Ranjan Mishra\.m2\repository\org\mockito\mockito-core\3.3.3\mockito-core-3.3.3.jar;C:\Users\Ritesh Ranjan Mishra\.m2\repository\com\sun\xml\bind\jaxb-core\2.3.0.1\jaxb-core-2.3.0.1.jar;C:\Users\Ritesh Ranjan Mishra\.m2\repository\com\sun\xml\bind\jaxb-impl\2.3.3\jaxb-impl-2.3.3.jar;C:\Users\Ritesh Ranjan Mishra\.m2\repository\jakarta\xml\bind\jakarta.xml.bind-api\2.3.3\jakarta.xml.bind-api-2.3.3.jar;C:\Users\Ritesh Ranjan Mishra\.m2\repository\com\sun\activation\jakarta.activation\1.2.2\jakarta.activation-1.2.2.jar;C:\Users\Ritesh Ranjan Mishra\.m2\repository\javax\activation\activation\1.1.1\activation-1.1.1.jar;C:\Users\Ritesh Ranjan Mishra\.m2\repository\net\serenity-bdd\serenity-cucumber\3.3.2\serenity-cucumber-3.3.2.jar;C:\Users\Ritesh Ranjan Mishra\.m2\repository\io\cucumber\cucumber-core\7.4.1\cucumber-core-7.4.1.jar;C:\Users\Ritesh Ranjan Mishra\.m2\repository\io\cucumber\cucumber-gherkin\7.4.1\cucumber-gherkin-7.4.1.jar;C:\Users\Ritesh Ranjan Mishra\.m2\repository\io\cucumber\cucumber-gherkin-messages\7.4.1\cucumber-gherkin-messages-7.4.1.jar;C:\Users\Ritesh Ranjan Mishra\.m2\repository\io\cucumber\gherkin\23.0.1\gherkin-23.0.1.jar;C:\Users\Ritesh Ranjan Mishra\.m2\repository\io\cucumber\messages\18.0.0\messages-18.0.0.jar;C:\Users\Ritesh Ranjan Mishra\.m2\repository\io\cucumber\tag-expressions\4.1.0\tag-expressions-4.1.0.jar;C:\Users\Ritesh Ranjan Mishra\.m2\repository\io\cucumber\cucumber-expressions\16.0.0\cucumber-expressions-16.0.0.jar;C:\Users\Ritesh Ranjan Mishra\.m2\repository\io\cucumber\datatable\7.4.1\datatable-7.4.1.jar;C:\Users\Ritesh Ranjan Mishra\.m2\repository\io\cucumber\cucumber-plugin\7.4.1\cucumber-plugin-7.4.1.jar;C:\Users\Ritesh Ranjan Mishra\.m2\repository\io\cucumber\docstring\7.4.1\docstring-7.4.1.jar;C:\Users\Ritesh Ranjan Mishra\.m2\repository\io\cucumber\html-formatter\19.2.0\html-formatter-19.2.0.jar;C:\Users\Ritesh Ranjan Mishra\.m2\repository\io\cucumber\ci-environment\9.0.4\ci-environment-9.0.4.jar;C:\Users\Ritesh Ranjan Mishra\.m2\repository\io\cucumber\cucumber-java\7.4.1\cucumber-java-7.4.1.jar;C:\Users\Ritesh Ranjan Mishra\.m2\repository\io\cucumber\cucumber-junit\7.4.1\cucumber-junit-7.4.1.jar;C:\Users\Ritesh Ranjan Mishra\.m2\repository\org\apache\commons\commons-csv\1.5\commons-csv-1.5.jar;C:\Users\Ritesh Ranjan Mishra\.m2\repository\net\serenity-bdd\serenity-screenplay\3.3.2\serenity-screenplay-3.3.2.jar;C:\Users\Ritesh Ranjan Mishra\.m2\repository\net\serenity-bdd\serenity-screenplay-webdriver\3.3.2\serenity-screenplay-webdriver-3.3.2.jar;C:\Users\Ritesh Ranjan Mishra\.m2\repository\net\serenity-bdd\serenity-ensure\3.3.2\serenity-ensure-3.3.2.jar;C:\Users\Ritesh Ranjan Mishra\.m2\repository\net\serenity-bdd\serenity-junit\3.3.2\serenity-junit-3.3.2.jar;C:\Users\Ritesh Ranjan Mishra\.m2\repository\org\jetbrains\kotlin\kotlin-stdlib\1.7.0\kotlin-stdlib-1.7.0.jar;C:\Users\Ritesh Ranjan Mishra\.m2\repository\org\jetbrains\kotlin\kotlin-stdlib-common\1.7.0\kotlin-stdlib-common-1.7.0.jar;C:\Users\Ritesh Ranjan Mishra\.m2\repository\org\jetbrains\annotations\13.0\annotations-13.0.jar;C:\Users\Ritesh Ranjan Mishra\.m2\repository\net\serenity-bdd\serenity-rest-assured\3.3.2\serenity-rest-assured-3.3.2.jar;C:\Users\Ritesh Ranjan Mishra\.m2\repository\org\apache\httpcomponents\httpclient\4.5.13\httpclient-4.5.13.jar;C:\Users\Ritesh Ranjan Mishra\.m2\repository\org\apache\httpcomponents\httpcore\4.4.13\httpcore-4.4.13.jar;C:\Users\Ritesh Ranjan Mishra\.m2\repository\commons-logging\commons-logging\1.2\commons-logging-1.2.jar;C:\Users\Ritesh Ranjan Mishra\.m2\repository\io\rest-assured\rest-assured\5.1.1\rest-assured-5.1.1.jar;C:\Users\Ritesh Ranjan Mishra\.m2\repository\org\apache\httpcomponents\httpmime\4.5.13\httpmime-4.5.13.jar;C:\Users\Ritesh Ranjan Mishra\.m2\repository\org\ccil\cowan\tagsoup\tagsoup\1.2.1\tagsoup-1.2.1.jar;C:\Users\Ritesh Ranjan Mishra\.m2\repository\io\rest-assured\json-path\5.1.1\json-path-5.1.1.jar;C:\Users\Ritesh Ranjan Mishra\.m2\repository\io\rest-assured\rest-assured-common\5.1.1\rest-assured-common-5.1.1.jar;C:\Users\Ritesh Ranjan Mishra\.m2\repository\io\rest-assured\xml-path\5.1.1\xml-path-5.1.1.jar;C:\Users\Ritesh Ranjan Mishra\.m2\repository\org\apache\groovy\groovy-json\4.0.1\groovy-json-4.0.1.jar;C:\Users\Ritesh Ranjan Mishra\.m2\repository\org\apache\groovy\groovy-xml\4.0.1\groovy-xml-4.0.1.jar;C:\Users\Ritesh Ranjan Mishra\.m2\repository\org\opentest4j\opentest4j\1.2.0\opentest4j-1.2.0.jar;C:\Users\Ritesh Ranjan Mishra\.m2\repository\org\junit\platform\junit-platform-launcher\1.9.0\junit-platform-launcher-1.9.0.jar;C:\Users\Ritesh Ranjan Mishra\.m2\repository\org\junit\platform\junit-platform-engine\1.9.0\junit-platform-engine-1.9.0.jar;C:\Users\Ritesh Ranjan Mishra\.m2\repository\org\junit\platform\junit-platform-commons\1.9.0\junit-platform-commons-1.9.0.jar;C:\Users\Ritesh Ranjan Mishra\.m2\repository\org\apiguardian\apiguardian-api\1.1.2\apiguardian-api-1.1.2.jar;C:\Users\Ritesh Ranjan Mishra\.m2\repository\com\fasterxml\jackson\core\jackson-databind\2.13.4\jackson-databind-2.13.4.jar;C:\Users\Ritesh Ranjan Mishra\.m2\repository\com\fasterxml\jackson\core\jackson-annotations\2.13.4\jackson-annotations-2.13.4.jar;C:\Users\Ritesh Ranjan Mishra\.m2\repository\com\fasterxml\jackson\datatype\jackson-datatype-jdk8\2.13.4\jackson-datatype-jdk8-2.13.4.jar;C:\Users\Ritesh Ranjan Mishra\.m2\repository\org\junit\jupiter\junit-jupiter-engine\5.9.0\junit-jupiter-engine-5.9.0.jar;C:\Users\Ritesh Ranjan Mishra\.m2\repository\org\junit\jupiter\junit-jupiter-api\5.9.0\junit-jupiter-api-5.9.0.jar;C:\Users\Ritesh Ranjan Mishra\.m2\repository\org\junit\vintage\junit-vintage-engine\5.9.0\junit-vintage-engine-5.9.0.jar;C:\Users\Ritesh Ranjan Mishra\.m2\repository\junit\junit\4.13.2\junit-4.13.2.jar;C:\Users\Ritesh Ranjan Mishra\.m2\repository\org\hamcrest\hamcrest-core\1.3\hamcrest-core-1.3.jar;C:\Users\Ritesh Ranjan Mishra\.m2\repository\ch\qos\logback\logback-classic\1.2.11\logback-classic-1.2.11.jar;C:\Users\Ritesh Ranjan Mishra\.m2\repository\ch\qos\logback\logback-core\1.2.11\logback-core-1.2.11.jar;C:\Users\Ritesh Ranjan Mishra\.m2\repository\org\slf4j\slf4j-api\1.7.32\slf4j-api-1.7.32.jar;C:\Users\Ritesh Ranjan Mishra\.m2\repository\org\assertj\assertj-core\3.23.1\assertj-core-3.23.1.jar;C:\Users\Ritesh Ranjan Mishra\.m2\repository\net\bytebuddy\byte-buddy\1.12.10\byte-buddy-1.12.10.jar;C:\Users\Ritesh Ranjan Mishra\.m2\repository\org\apache\poi\poi\5.2.2\poi-5.2.2.jar;C:\Users\Ritesh Ranjan Mishra\.m2\repository\org\apache\commons\commons-collections4\4.4\commons-collections4-4.4.jar;C:\Users\Ritesh Ranjan Mishra\.m2\repository\org\apache\commons\commons-math3\3.6.1\commons-math3-3.6.1.jar;C:\Users\Ritesh Ranjan Mishra\.m2\repository\com\zaxxer\SparseBitSet\1.2\SparseBitSet-1.2.jar;C:\Users\Ritesh Ranjan Mishra\.m2\repository\org\apache\logging\log4j\log4j-api\2.17.2\log4j-api-2.17.2.jar;C:\Users\Ritesh Ranjan Mishra\.m2\repository\org\apache\poi\poi-ooxml\5.2.2\poi-ooxml-5.2.2.jar;C:\Users\Ritesh Ranjan Mishra\.m2\repository\org\apache\poi\poi-ooxml-lite\5.2.2\poi-ooxml-lite-5.2.2.jar;C:\Users\Ritesh Ranjan Mishra\.m2\repository\org\apache\commons\commons-compress\1.21\commons-compress-1.21.jar;C:\Users\Ritesh Ranjan Mishra\.m2\repository\com\github\virtuald\curvesapi\1.07\curvesapi-1.07.jar;C:\Users\Ritesh Ranjan Mishra\.m2\repository\org\apache\poi\poi-ooxml-schemas\4.1.2\poi-ooxml-schemas-4.1.2.jar;C:\Users\Ritesh Ranjan Mishra\.m2\repository\org\apache\xmlbeans\xmlbeans\5.1.1\xmlbeans-5.1.1.jar;C:\Users\Ritesh Ranjan Mishra\.m2\repository\mysql\mysql-connector-java\8.0.30\mysql-connector-java-8.0.30.jar;C:\Users\Ritesh Ranjan Mishra\.m2\repository\com\google\protobuf\protobuf-java\3.19.4\protobuf-java-3.19.4.jar;"/>
    <property name="java.vm.vendor" value="Oracle Corporation"/>
    <property name="sun.arch.data.model" value="64"/>
    <property name="user.variant" value=""/>
    <property name="java.vendor.url" value="https://openjdk.java.net/"/>
    <property name="user.timezone" value="Asia/Calcutta"/>
    <property name="java.vm.specification.version" value="11"/>
    <property name="os.name" value="Windows 10"/>
    <property name="sun.java.launcher" value="SUN_STANDARD"/>
    <property name="user.country" value="IN"/>
    <property name="sun.boot.library.path" value="C:\Program Files\Java\jdk-11.0.13\bin"/>
    <property name="sun.java.command" value="org.apache.maven.surefire.booter.ForkedBooter C:\Users\Ritesh Ranjan Mishra\AppData\Local\Temp\surefire8781179118048509006 2022-10-26T17-02-55_698-jvmRun1 surefire1188913548302085900tmp surefire_04658724151676643657tmp"/>
    <property name="jdk.debug" value="release"/>
    <property name="surefire.test.class.path" value="D:\API Testing\JiraAPI\target\test-classes;C:\Users\Ritesh Ranjan Mishra\.m2\repository\javax\xml\bind\jaxb-api\2.4.0-b180830.0359\jaxb-api-2.4.0-b180830.0359.jar;C:\Users\Ritesh Ranjan Mishra\.m2\repository\javax\activation\javax.activation-api\1.2.0\javax.activation-api-1.2.0.jar;C:\Users\Ritesh Ranjan Mishra\.m2\repository\net\serenity-bdd\serenity-core\3.3.2\serenity-core-3.3.2.jar;C:\Users\Ritesh Ranjan Mishra\.m2\repository\net\serenity-bdd\serenity-model\3.3.2\serenity-model-3.3.2.jar;C:\Users\Ritesh Ranjan Mishra\.m2\repository\org\apache\commons\commons-text\1.9\commons-text-1.9.jar;C:\Users\Ritesh Ranjan Mishra\.m2\repository\commons-net\commons-net\3.8.0\commons-net-3.8.0.jar;C:\Users\Ritesh Ranjan Mishra\.m2\repository\com\google\guava\guava\31.1-jre\guava-31.1-jre.jar;C:\Users\Ritesh Ranjan Mishra\.m2\repository\com\google\guava\failureaccess\1.0.1\failureaccess-1.0.1.jar;C:\Users\Ritesh Ranjan Mishra\.m2\repository\com\google\guava\listenablefuture\9999.0-empty-to-avoid-conflict-with-guava\listenablefuture-9999.0-empty-to-avoid-conflict-with-guava.jar;C:\Users\Ritesh Ranjan Mishra\.m2\repository\com\google\code\findbugs\jsr305\3.0.2\jsr305-3.0.2.jar;C:\Users\Ritesh Ranjan Mishra\.m2\repository\org\checkerframework\checker-qual\3.12.0\checker-qual-3.12.0.jar;C:\Users\Ritesh Ranjan Mishra\.m2\repository\com\google\errorprone\error_prone_annotations\2.11.0\error_prone_annotations-2.11.0.jar;C:\Users\Ritesh Ranjan Mishra\.m2\repository\com\google\j2objc\j2objc-annotations\1.3\j2objc-annotations-1.3.jar;C:\Users\Ritesh Ranjan Mishra\.m2\repository\com\google\inject\guice\5.1.0\guice-5.1.0.jar;C:\Users\Ritesh Ranjan Mishra\.m2\repository\javax\inject\javax.inject\1\javax.inject-1.jar;C:\Users\Ritesh Ranjan Mishra\.m2\repository\aopalliance\aopalliance\1.0\aopalliance-1.0.jar;C:\Users\Ritesh Ranjan Mishra\.m2\repository\org\jsoup\jsoup\1.14.3\jsoup-1.14.3.jar;C:\Users\Ritesh Ranjan Mishra\.m2\repository\com\thoughtworks\xstream\xstream\1.4.19\xstream-1.4.19.jar;C:\Users\Ritesh Ranjan Mishra\.m2\repository\io\github\x-stream\mxparser\1.2.2\mxparser-1.2.2.jar;C:\Users\Ritesh Ranjan Mishra\.m2\repository\xmlpull\xmlpull\1.1.3.1\xmlpull-1.1.3.1.jar;C:\Users\Ritesh Ranjan Mishra\.m2\repository\com\typesafe\config\1.4.2\config-1.4.2.jar;C:\Users\Ritesh Ranjan Mishra\.m2\repository\org\imgscalr\imgscalr-lib\4.2\imgscalr-lib-4.2.jar;C:\Users\Ritesh Ranjan Mishra\.m2\repository\org\awaitility\awaitility\4.2.0\awaitility-4.2.0.jar;C:\Users\Ritesh Ranjan Mishra\.m2\repository\org\freemarker\freemarker\2.3.31\freemarker-2.3.31.jar;C:\Users\Ritesh Ranjan Mishra\.m2\repository\io\github\classgraph\classgraph\4.8.138\classgraph-4.8.138.jar;C:\Users\Ritesh Ranjan Mishra\.m2\repository\net\sourceforge\jexcelapi\jxl\2.6.12\jxl-2.6.12.jar;C:\Users\Ritesh Ranjan Mishra\.m2\repository\net\bytebuddy\byte-buddy-agent\1.12.12\byte-buddy-agent-1.12.12.jar;C:\Users\Ritesh Ranjan Mishra\.m2\repository\org\objenesis\objenesis\3.1\objenesis-3.1.jar;C:\Users\Ritesh Ranjan Mishra\.m2\repository\net\serenity-bdd\serenity-reports\3.3.2\serenity-reports-3.3.2.jar;C:\Users\Ritesh Ranjan Mishra\.m2\repository\net\serenity-bdd\serenity-stats\3.3.2\serenity-stats-3.3.2.jar;C:\Users\Ritesh Ranjan Mishra\.m2\repository\net\serenity-bdd\serenity-reports-configuration\3.3.2\serenity-reports-configuration-3.3.2.jar;C:\Users\Ritesh Ranjan Mishra\.m2\repository\com\vladsch\flexmark\flexmark-all\0.34.30\flexmark-all-0.34.30.jar;C:\Users\Ritesh Ranjan Mishra\.m2\repository\com\vladsch\flexmark\flexmark\0.34.30\flexmark-0.34.30.jar;C:\Users\Ritesh Ranjan Mishra\.m2\repository\com\vladsch\flexmark\flexmark-ext-abbreviation\0.34.30\flexmark-ext-abbreviation-0.34.30.jar;C:\Users\Ritesh Ranjan Mishra\.m2\repository\com\vladsch\flexmark\flexmark-ext-admonition\0.34.30\flexmark-ext-admonition-0.34.30.jar;C:\Users\Ritesh Ranjan Mishra\.m2\repository\com\vladsch\flexmark\flexmark-ext-anchorlink\0.34.30\flexmark-ext-anchorlink-0.34.30.jar;C:\Users\Ritesh Ranjan Mishra\.m2\repository\com\vladsch\flexmark\flexmark-ext-aside\0.34.30\flexmark-ext-aside-0.34.30.jar;C:\Users\Ritesh Ranjan Mishra\.m2\repository\com\vladsch\flexmark\flexmark-ext-attributes\0.34.30\flexmark-ext-attributes-0.34.30.jar;C:\Users\Ritesh Ranjan Mishra\.m2\repository\com\vladsch\flexmark\flexmark-ext-autolink\0.34.30\flexmark-ext-autolink-0.34.30.jar;C:\Users\Ritesh Ranjan Mishra\.m2\repository\org\nibor\autolink\autolink\0.6.0\autolink-0.6.0.jar;C:\Users\Ritesh Ranjan Mishra\.m2\repository\com\vladsch\flexmark\flexmark-ext-definition\0.34.30\flexmark-ext-definition-0.34.30.jar;C:\Users\Ritesh Ranjan Mishra\.m2\repository\com\vladsch\flexmark\flexmark-ext-emoji\0.34.30\flexmark-ext-emoji-0.34.30.jar;C:\Users\Ritesh Ranjan Mishra\.m2\repository\com\vladsch\flexmark\flexmark-ext-enumerated-reference\0.34.30\flexmark-ext-enumerated-reference-0.34.30.jar;C:\Users\Ritesh Ranjan Mishra\.m2\repository\com\vladsch\flexmark\flexmark-ext-escaped-character\0.34.30\flexmark-ext-escaped-character-0.34.30.jar;C:\Users\Ritesh Ranjan Mishra\.m2\repository\com\vladsch\flexmark\flexmark-ext-footnotes\0.34.30\flexmark-ext-footnotes-0.34.30.jar;C:\Users\Ritesh Ranjan Mishra\.m2\repository\com\vladsch\flexmark\flexmark-ext-gfm-issues\0.34.30\flexmark-ext-gfm-issues-0.34.30.jar;C:\Users\Ritesh Ranjan Mishra\.m2\repository\com\vladsch\flexmark\flexmark-ext-gfm-strikethrough\0.34.30\flexmark-ext-gfm-strikethrough-0.34.30.jar;C:\Users\Ritesh Ranjan Mishra\.m2\repository\com\vladsch\flexmark\flexmark-ext-gfm-tables\0.34.30\flexmark-ext-gfm-tables-0.34.30.jar;C:\Users\Ritesh Ranjan Mishra\.m2\repository\com\vladsch\flexmark\flexmark-ext-gfm-tasklist\0.34.30\flexmark-ext-gfm-tasklist-0.34.30.jar;C:\Users\Ritesh Ranjan Mishra\.m2\repository\com\vladsch\flexmark\flexmark-ext-gfm-users\0.34.30\flexmark-ext-gfm-users-0.34.30.jar;C:\Users\Ritesh Ranjan Mishra\.m2\repository\com\vladsch\flexmark\flexmark-ext-gitlab\0.34.30\flexmark-ext-gitlab-0.34.30.jar;C:\Users\Ritesh Ranjan Mishra\.m2\repository\com\vladsch\flexmark\flexmark-ext-jekyll-front-matter\0.34.30\flexmark-ext-jekyll-front-matter-0.34.30.jar;C:\Users\Ritesh Ranjan Mishra\.m2\repository\com\vladsch\flexmark\flexmark-ext-jekyll-tag\0.34.30\flexmark-ext-jekyll-tag-0.34.30.jar;C:\Users\Ritesh Ranjan Mishra\.m2\repository\com\vladsch\flexmark\flexmark-ext-media-tags\0.34.30\flexmark-ext-media-tags-0.34.30.jar;C:\Users\Ritesh Ranjan Mishra\.m2\repository\com\vladsch\flexmark\flexmark-test-util\0.34.30\flexmark-test-util-0.34.30.jar;C:\Users\Ritesh Ranjan Mishra\.m2\repository\com\vladsch\flexmark\flexmark-ext-ins\0.34.30\flexmark-ext-ins-0.34.30.jar;C:\Users\Ritesh Ranjan Mishra\.m2\repository\com\vladsch\flexmark\flexmark-ext-xwiki-macros\0.34.30\flexmark-ext-xwiki-macros-0.34.30.jar;C:\Users\Ritesh Ranjan Mishra\.m2\repository\com\vladsch\flexmark\flexmark-ext-superscript\0.34.30\flexmark-ext-superscript-0.34.30.jar;C:\Users\Ritesh Ranjan Mishra\.m2\repository\com\vladsch\flexmark\flexmark-ext-tables\0.34.30\flexmark-ext-tables-0.34.30.jar;C:\Users\Ritesh Ranjan Mishra\.m2\repository\com\vladsch\flexmark\flexmark-ext-toc\0.34.30\flexmark-ext-toc-0.34.30.jar;C:\Users\Ritesh Ranjan Mishra\.m2\repository\com\vladsch\flexmark\flexmark-ext-typographic\0.34.30\flexmark-ext-typographic-0.34.30.jar;C:\Users\Ritesh Ranjan Mishra\.m2\repository\com\vladsch\flexmark\flexmark-ext-wikilink\0.34.30\flexmark-ext-wikilink-0.34.30.jar;C:\Users\Ritesh Ranjan Mishra\.m2\repository\com\vladsch\flexmark\flexmark-ext-yaml-front-matter\0.34.30\flexmark-ext-yaml-front-matter-0.34.30.jar;C:\Users\Ritesh Ranjan Mishra\.m2\repository\com\vladsch\flexmark\flexmark-ext-youtube-embedded\0.34.30\flexmark-ext-youtube-embedded-0.34.30.jar;C:\Users\Ritesh Ranjan Mishra\.m2\repository\com\vladsch\flexmark\flexmark-formatter\0.34.30\flexmark-formatter-0.34.30.jar;C:\Users\Ritesh Ranjan Mishra\.m2\repository\com\vladsch\flexmark\flexmark-html-parser\0.34.30\flexmark-html-parser-0.34.30.jar;C:\Users\Ritesh Ranjan Mishra\.m2\repository\com\vladsch\flexmark\flexmark-jira-converter\0.34.30\flexmark-jira-converter-0.34.30.jar;C:\Users\Ritesh Ranjan Mishra\.m2\repository\com\vladsch\flexmark\flexmark-pdf-converter\0.34.30\flexmark-pdf-converter-0.34.30.jar;C:\Users\Ritesh Ranjan Mishra\.m2\repository\com\openhtmltopdf\openhtmltopdf-core\0.0.1-RC13\openhtmltopdf-core-0.0.1-RC13.jar;C:\Users\Ritesh Ranjan Mishra\.m2\repository\com\openhtmltopdf\openhtmltopdf-pdfbox\0.0.1-RC13\openhtmltopdf-pdfbox-0.0.1-RC13.jar;C:\Users\Ritesh Ranjan Mishra\.m2\repository\org\apache\pdfbox\pdfbox\2.0.8\pdfbox-2.0.8.jar;C:\Users\Ritesh Ranjan Mishra\.m2\repository\org\apache\pdfbox\fontbox\2.0.8\fontbox-2.0.8.jar;C:\Users\Ritesh Ranjan Mishra\.m2\repository\org\apache\pdfbox\xmpbox\2.0.8\xmpbox-2.0.8.jar;C:\Users\Ritesh Ranjan Mishra\.m2\repository\de\rototor\pdfbox\graphics2d\0.12\graphics2d-0.12.jar;C:\Users\Ritesh Ranjan Mishra\.m2\repository\com\openhtmltopdf\openhtmltopdf-rtl-support\0.0.1-RC13\openhtmltopdf-rtl-support-0.0.1-RC13.jar;C:\Users\Ritesh Ranjan Mishra\.m2\repository\com\ibm\icu\icu4j\59.1\icu4j-59.1.jar;C:\Users\Ritesh Ranjan Mishra\.m2\repository\com\openhtmltopdf\openhtmltopdf-jsoup-dom-converter\0.0.1-RC13\openhtmltopdf-jsoup-dom-converter-0.0.1-RC13.jar;C:\Users\Ritesh Ranjan Mishra\.m2\repository\com\vladsch\flexmark\flexmark-profile-pegdown\0.34.30\flexmark-profile-pegdown-0.34.30.jar;C:\Users\Ritesh Ranjan Mishra\.m2\repository\com\vladsch\flexmark\flexmark-util\0.34.30\flexmark-util-0.34.30.jar;C:\Users\Ritesh Ranjan Mishra\.m2\repository\com\vladsch\flexmark\flexmark-youtrack-converter\0.34.30\flexmark-youtrack-converter-0.34.30.jar;C:\Users\Ritesh Ranjan Mishra\.m2\repository\es\nitaur\markdown\txtmark\0.16\txtmark-0.16.jar;C:\Users\Ritesh Ranjan Mishra\.m2\repository\net\serenity-bdd\serenity-report-resources\3.3.2\serenity-report-resources-3.3.2.jar;C:\Users\Ritesh Ranjan Mishra\.m2\repository\com\google\code\gson\gson\2.9.0\gson-2.9.0.jar;C:\Users\Ritesh Ranjan Mishra\.m2\repository\com\fasterxml\jackson\core\jackson-core\2.13.3\jackson-core-2.13.3.jar;C:\Users\Ritesh Ranjan Mishra\.m2\repository\commons-codec\commons-codec\1.15\commons-codec-1.15.jar;C:\Users\Ritesh Ranjan Mishra\.m2\repository\commons-io\commons-io\2.11.0\commons-io-2.11.0.jar;C:\Users\Ritesh Ranjan Mishra\.m2\repository\org\seleniumhq\selenium\htmlunit-driver\3.62.0\htmlunit-driver-3.62.0.jar;C:\Users\Ritesh Ranjan Mishra\.m2\repository\net\sourceforge\htmlunit\htmlunit\2.62.0\htmlunit-2.62.0.jar;C:\Users\Ritesh Ranjan Mishra\.m2\repository\xalan\xalan\2.7.2\xalan-2.7.2.jar;C:\Users\Ritesh Ranjan Mishra\.m2\repository\xalan\serializer\2.7.2\serializer-2.7.2.jar;C:\Users\Ritesh Ranjan Mishra\.m2\repository\net\sourceforge\htmlunit\htmlunit-core-js\2.62.0\htmlunit-core-js-2.62.0.jar;C:\Users\Ritesh Ranjan Mishra\.m2\repository\net\sourceforge\htmlunit\neko-htmlunit\2.62.0\neko-htmlunit-2.62.0.jar;C:\Users\Ritesh Ranjan Mishra\.m2\repository\xerces\xercesImpl\2.12.2\xercesImpl-2.12.2.jar;C:\Users\Ritesh Ranjan Mishra\.m2\repository\xml-apis\xml-apis\1.4.01\xml-apis-1.4.01.jar;C:\Users\Ritesh Ranjan Mishra\.m2\repository\net\sourceforge\htmlunit\htmlunit-cssparser\1.12.0\htmlunit-cssparser-1.12.0.jar;C:\Users\Ritesh Ranjan Mishra\.m2\repository\com\shapesecurity\salvation2\3.0.0\salvation2-3.0.0.jar;C:\Users\Ritesh Ranjan Mishra\.m2\repository\org\eclipse\jetty\websocket\websocket-client\9.4.46.v20220331\websocket-client-9.4.46.v20220331.jar;C:\Users\Ritesh Ranjan Mishra\.m2\repository\org\eclipse\jetty\jetty-client\9.4.46.v20220331\jetty-client-9.4.46.v20220331.jar;C:\Users\Ritesh Ranjan Mishra\.m2\repository\org\eclipse\jetty\jetty-http\9.4.46.v20220331\jetty-http-9.4.46.v20220331.jar;C:\Users\Ritesh Ranjan Mishra\.m2\repository\org\eclipse\jetty\jetty-util\9.4.46.v20220331\jetty-util-9.4.46.v20220331.jar;C:\Users\Ritesh Ranjan Mishra\.m2\repository\org\eclipse\jetty\jetty-io\9.4.46.v20220331\jetty-io-9.4.46.v20220331.jar;C:\Users\Ritesh Ranjan Mishra\.m2\repository\org\eclipse\jetty\websocket\websocket-common\9.4.46.v20220331\websocket-common-9.4.46.v20220331.jar;C:\Users\Ritesh Ranjan Mishra\.m2\repository\org\eclipse\jetty\websocket\websocket-api\9.4.46.v20220331\websocket-api-9.4.46.v20220331.jar;C:\Users\Ritesh Ranjan Mishra\.m2\repository\org\seleniumhq\selenium\selenium-java\4.4.0\selenium-java-4.4.0.jar;C:\Users\Ritesh Ranjan Mishra\.m2\repository\org\seleniumhq\selenium\selenium-devtools-v102\4.4.0\selenium-devtools-v102-4.4.0.jar;C:\Users\Ritesh Ranjan Mishra\.m2\repository\org\seleniumhq\selenium\selenium-devtools-v103\4.4.0\selenium-devtools-v103-4.4.0.jar;C:\Users\Ritesh Ranjan Mishra\.m2\repository\org\seleniumhq\selenium\selenium-devtools-v104\4.4.0\selenium-devtools-v104-4.4.0.jar;C:\Users\Ritesh Ranjan Mishra\.m2\repository\org\seleniumhq\selenium\selenium-devtools-v85\4.4.0\selenium-devtools-v85-4.4.0.jar;C:\Users\Ritesh Ranjan Mishra\.m2\repository\org\seleniumhq\selenium\selenium-opera-driver\4.4.0\selenium-opera-driver-4.4.0.jar;C:\Users\Ritesh Ranjan Mishra\.m2\repository\org\seleniumhq\selenium\selenium-remote-driver\4.4.0\selenium-remote-driver-4.4.0.jar;C:\Users\Ritesh Ranjan Mishra\.m2\repository\com\beust\jcommander\1.82\jcommander-1.82.jar;C:\Users\Ritesh Ranjan Mishra\.m2\repository\io\netty\netty-buffer\4.1.78.Final\netty-buffer-4.1.78.Final.jar;C:\Users\Ritesh Ranjan Mishra\.m2\repository\io\netty\netty-codec-http\4.1.78.Final\netty-codec-http-4.1.78.Final.jar;C:\Users\Ritesh Ranjan Mishra\.m2\repository\io\netty\netty-codec\4.1.78.Final\netty-codec-4.1.78.Final.jar;C:\Users\Ritesh Ranjan Mishra\.m2\repository\io\netty\netty-handler\4.1.78.Final\netty-handler-4.1.78.Final.jar;C:\Users\Ritesh Ranjan Mishra\.m2\repository\io\netty\netty-common\4.1.78.Final\netty-common-4.1.78.Final.jar;C:\Users\Ritesh Ranjan Mishra\.m2\repository\io\netty\netty-transport-classes-epoll\4.1.78.Final\netty-transport-classes-epoll-4.1.78.Final.jar;C:\Users\Ritesh Ranjan Mishra\.m2\repository\io\netty\netty-transport-classes-kqueue\4.1.78.Final\netty-transport-classes-kqueue-4.1.78.Final.jar;C:\Users\Ritesh Ranjan Mishra\.m2\repository\io\netty\netty-transport-native-epoll\4.1.78.Final\netty-transport-native-epoll-4.1.78.Final.jar;C:\Users\Ritesh Ranjan Mishra\.m2\repository\io\netty\netty-transport-native-kqueue\4.1.78.Final\netty-transport-native-kqueue-4.1.78.Final.jar;C:\Users\Ritesh Ranjan Mishra\.m2\repository\io\netty\netty-transport-native-unix-common\4.1.78.Final\netty-transport-native-unix-common-4.1.78.Final.jar;C:\Users\Ritesh Ranjan Mishra\.m2\repository\io\netty\netty-transport\4.1.78.Final\netty-transport-4.1.78.Final.jar;C:\Users\Ritesh Ranjan Mishra\.m2\repository\io\netty\netty-resolver\4.1.78.Final\netty-resolver-4.1.78.Final.jar;C:\Users\Ritesh Ranjan Mishra\.m2\repository\io\opentelemetry\opentelemetry-api\1.16.0\opentelemetry-api-1.16.0.jar;C:\Users\Ritesh Ranjan Mishra\.m2\repository\io\opentelemetry\opentelemetry-context\1.16.0\opentelemetry-context-1.16.0.jar;C:\Users\Ritesh Ranjan Mishra\.m2\repository\io\opentelemetry\opentelemetry-exporter-logging\1.16.0\opentelemetry-exporter-logging-1.16.0.jar;C:\Users\Ritesh Ranjan Mishra\.m2\repository\io\opentelemetry\opentelemetry-sdk-metrics\1.16.0\opentelemetry-sdk-metrics-1.16.0.jar;C:\Users\Ritesh Ranjan Mishra\.m2\repository\io\opentelemetry\opentelemetry-sdk-logs\1.16.0-alpha\opentelemetry-sdk-logs-1.16.0-alpha.jar;C:\Users\Ritesh Ranjan Mishra\.m2\repository\io\opentelemetry\opentelemetry-sdk-common\1.16.0\opentelemetry-sdk-common-1.16.0.jar;C:\Users\Ritesh Ranjan Mishra\.m2\repository\io\opentelemetry\opentelemetry-sdk-extension-autoconfigure-spi\1.16.0\opentelemetry-sdk-extension-autoconfigure-spi-1.16.0.jar;C:\Users\Ritesh Ranjan Mishra\.m2\repository\io\opentelemetry\opentelemetry-sdk-extension-autoconfigure\1.16.0-alpha\opentelemetry-sdk-extension-autoconfigure-1.16.0-alpha.jar;C:\Users\Ritesh Ranjan Mishra\.m2\repository\io\opentelemetry\opentelemetry-sdk-trace\1.16.0\opentelemetry-sdk-trace-1.16.0.jar;C:\Users\Ritesh Ranjan Mishra\.m2\repository\io\opentelemetry\opentelemetry-sdk\1.16.0\opentelemetry-sdk-1.16.0.jar;C:\Users\Ritesh Ranjan Mishra\.m2\repository\io\opentelemetry\opentelemetry-semconv\1.16.0-alpha\opentelemetry-semconv-1.16.0-alpha.jar;C:\Users\Ritesh Ranjan Mishra\.m2\repository\io\ous\jtoml\2.0.0\jtoml-2.0.0.jar;C:\Users\Ritesh Ranjan Mishra\.m2\repository\org\apache\commons\commons-exec\1.3\commons-exec-1.3.jar;C:\Users\Ritesh Ranjan Mishra\.m2\repository\org\asynchttpclient\async-http-client\2.12.3\async-http-client-2.12.3.jar;C:\Users\Ritesh Ranjan Mishra\.m2\repository\org\asynchttpclient\async-http-client-netty-utils\2.12.3\async-http-client-netty-utils-2.12.3.jar;C:\Users\Ritesh Ranjan Mishra\.m2\repository\io\netty\netty-codec-socks\4.1.60.Final\netty-codec-socks-4.1.60.Final.jar;C:\Users\Ritesh Ranjan Mishra\.m2\repository\io\netty\netty-handler-proxy\4.1.60.Final\netty-handler-proxy-4.1.60.Final.jar;C:\Users\Ritesh Ranjan Mishra\.m2\repository\io\netty\netty-transport-native-epoll\4.1.60.Final\netty-transport-native-epoll-4.1.60.Final-linux-x86_64.jar;C:\Users\Ritesh Ranjan Mishra\.m2\repository\io\netty\netty-transport-native-kqueue\4.1.60.Final\netty-transport-native-kqueue-4.1.60.Final-osx-x86_64.jar;C:\Users\Ritesh Ranjan Mishra\.m2\repository\org\reactivestreams\reactive-streams\1.0.3\reactive-streams-1.0.3.jar;C:\Users\Ritesh Ranjan Mishra\.m2\repository\com\typesafe\netty\netty-reactive-streams\2.0.4\netty-reactive-streams-2.0.4.jar;C:\Users\Ritesh Ranjan Mishra\.m2\repository\org\seleniumhq\selenium\selenium-http\4.4.0\selenium-http-4.4.0.jar;C:\Users\Ritesh Ranjan Mishra\.m2\repository\dev\failsafe\failsafe\3.2.4\failsafe-3.2.4.jar;C:\Users\Ritesh Ranjan Mishra\.m2\repository\org\seleniumhq\selenium\selenium-safari-driver\4.4.0\selenium-safari-driver-4.4.0.jar;C:\Users\Ritesh Ranjan Mishra\.m2\repository\org\seleniumhq\selenium\selenium-api\4.4.0\selenium-api-4.4.0.jar;C:\Users\Ritesh Ranjan Mishra\.m2\repository\org\seleniumhq\selenium\selenium-support\4.4.0\selenium-support-4.4.0.jar;C:\Users\Ritesh Ranjan Mishra\.m2\repository\com\google\auto\service\auto-service-annotations\1.0.1\auto-service-annotations-1.0.1.jar;C:\Users\Ritesh Ranjan Mishra\.m2\repository\com\google\auto\service\auto-service\1.0.1\auto-service-1.0.1.jar;C:\Users\Ritesh Ranjan Mishra\.m2\repository\com\google\auto\auto-common\1.2\auto-common-1.2.jar;C:\Users\Ritesh Ranjan Mishra\.m2\repository\org\seleniumhq\selenium\selenium-json\4.4.0\selenium-json-4.4.0.jar;C:\Users\Ritesh Ranjan Mishra\.m2\repository\org\seleniumhq\selenium\selenium-chrome-driver\4.4.0\selenium-chrome-driver-4.4.0.jar;C:\Users\Ritesh Ranjan Mishra\.m2\repository\org\seleniumhq\selenium\selenium-chromium-driver\4.4.0\selenium-chromium-driver-4.4.0.jar;C:\Users\Ritesh Ranjan Mishra\.m2\repository\org\seleniumhq\selenium\selenium-firefox-driver\4.4.0\selenium-firefox-driver-4.4.0.jar;C:\Users\Ritesh Ranjan Mishra\.m2\repository\org\seleniumhq\selenium\selenium-edge-driver\4.4.0\selenium-edge-driver-4.4.0.jar;C:\Users\Ritesh Ranjan Mishra\.m2\repository\org\seleniumhq\selenium\selenium-ie-driver\4.4.0\selenium-ie-driver-4.4.0.jar;C:\Users\Ritesh Ranjan Mishra\.m2\repository\org\projectlombok\lombok\1.18.20\lombok-1.18.20.jar;C:\Users\Ritesh Ranjan Mishra\.m2\repository\io\appium\java-client\8.1.1\java-client-8.1.1.jar;C:\Users\Ritesh Ranjan Mishra\.m2\repository\commons-validator\commons-validator\1.7\commons-validator-1.7.jar;C:\Users\Ritesh Ranjan Mishra\.m2\repository\commons-digester\commons-digester\2.1\commons-digester-2.1.jar;C:\Users\Ritesh Ranjan Mishra\.m2\repository\org\apache\groovy\groovy\4.0.1\groovy-4.0.1.jar;C:\Users\Ritesh Ranjan Mishra\.m2\repository\net\sf\opencsv\opencsv\2.0\opencsv-2.0.jar;C:\Users\Ritesh Ranjan Mishra\.m2\repository\commons-beanutils\commons-beanutils\1.9.4\commons-beanutils-1.9.4.jar;C:\Users\Ritesh Ranjan Mishra\.m2\repository\org\apache\commons\commons-lang3\3.12.0\commons-lang3-3.12.0.jar;C:\Users\Ritesh Ranjan Mishra\.m2\repository\commons-collections\commons-collections\3.2.2\commons-collections-3.2.2.jar;C:\Users\Ritesh Ranjan Mishra\.m2\repository\org\fluentlenium\fluentlenium-core\0.10.2\fluentlenium-core-0.10.2.jar;C:\Users\Ritesh Ranjan Mishra\.m2\repository\io\github\bonigarcia\webdrivermanager\5.2.1\webdrivermanager-5.2.1.jar;C:\Users\Ritesh Ranjan Mishra\.m2\repository\com\github\docker-java\docker-java\3.2.13\docker-java-3.2.13.jar;C:\Users\Ritesh Ranjan Mishra\.m2\repository\com\github\docker-java\docker-java-core\3.2.13\docker-java-core-3.2.13.jar;C:\Users\Ritesh Ranjan Mishra\.m2\repository\com\github\docker-java\docker-java-api\3.2.13\docker-java-api-3.2.13.jar;C:\Users\Ritesh Ranjan Mishra\.m2\repository\org\bouncycastle\bcpkix-jdk15on\1.64\bcpkix-jdk15on-1.64.jar;C:\Users\Ritesh Ranjan Mishra\.m2\repository\org\bouncycastle\bcprov-jdk15on\1.64\bcprov-jdk15on-1.64.jar;C:\Users\Ritesh Ranjan Mishra\.m2\repository\org\slf4j\jcl-over-slf4j\1.7.30\jcl-over-slf4j-1.7.30.jar;C:\Users\Ritesh Ranjan Mishra\.m2\repository\com\github\docker-java\docker-java-transport-httpclient5\3.2.13\docker-java-transport-httpclient5-3.2.13.jar;C:\Users\Ritesh Ranjan Mishra\.m2\repository\com\github\docker-java\docker-java-transport\3.2.13\docker-java-transport-3.2.13.jar;C:\Users\Ritesh Ranjan Mishra\.m2\repository\net\java\dev\jna\jna\5.8.0\jna-5.8.0.jar;C:\Users\Ritesh Ranjan Mishra\.m2\repository\org\brotli\dec\0.1.2\dec-0.1.2.jar;C:\Users\Ritesh Ranjan Mishra\.m2\repository\org\apache\httpcomponents\client5\httpclient5\5.1.3\httpclient5-5.1.3.jar;C:\Users\Ritesh Ranjan Mishra\.m2\repository\org\apache\httpcomponents\core5\httpcore5\5.1.3\httpcore5-5.1.3.jar;C:\Users\Ritesh Ranjan Mishra\.m2\repository\org\apache\httpcomponents\core5\httpcore5-h2\5.1.3\httpcore5-h2-5.1.3.jar;C:\Users\Ritesh Ranjan Mishra\.m2\repository\com\jhlabs\filters\2.0.235\filters-2.0.235.jar;C:\Users\Ritesh Ranjan Mishra\.m2\repository\com\paulhammant\ngwebdriver\1.1.6\ngwebdriver-1.1.6.jar;C:\Users\Ritesh Ranjan Mishra\.m2\repository\joda-time\joda-time\2.8.2\joda-time-2.8.2.jar;C:\Users\Ritesh Ranjan Mishra\.m2\repository\org\hamcrest\hamcrest\2.2\hamcrest-2.2.jar;C:\Users\Ritesh Ranjan Mishra\.m2\repository\com\google\jimfs\jimfs\1.2\jimfs-1.2.jar;C:\Users\Ritesh Ranjan Mishra\.m2\repository\org\mockito\mockito-core\3.3.3\mockito-core-3.3.3.jar;C:\Users\Ritesh Ranjan Mishra\.m2\repository\com\sun\xml\bind\jaxb-core\2.3.0.1\jaxb-core-2.3.0.1.jar;C:\Users\Ritesh Ranjan Mishra\.m2\repository\com\sun\xml\bind\jaxb-impl\2.3.3\jaxb-impl-2.3.3.jar;C:\Users\Ritesh Ranjan Mishra\.m2\repository\jakarta\xml\bind\jakarta.xml.bind-api\2.3.3\jakarta.xml.bind-api-2.3.3.jar;C:\Users\Ritesh Ranjan Mishra\.m2\repository\com\sun\activation\jakarta.activation\1.2.2\jakarta.activation-1.2.2.jar;C:\Users\Ritesh Ranjan Mishra\.m2\repository\javax\activation\activation\1.1.1\activation-1.1.1.jar;C:\Users\Ritesh Ranjan Mishra\.m2\repository\net\serenity-bdd\serenity-cucumber\3.3.2\serenity-cucumber-3.3.2.jar;C:\Users\Ritesh Ranjan Mishra\.m2\repository\io\cucumber\cucumber-core\7.4.1\cucumber-core-7.4.1.jar;C:\Users\Ritesh Ranjan Mishra\.m2\repository\io\cucumber\cucumber-gherkin\7.4.1\cucumber-gherkin-7.4.1.jar;C:\Users\Ritesh Ranjan Mishra\.m2\repository\io\cucumber\cucumber-gherkin-messages\7.4.1\cucumber-gherkin-messages-7.4.1.jar;C:\Users\Ritesh Ranjan Mishra\.m2\repository\io\cucumber\gherkin\23.0.1\gherkin-23.0.1.jar;C:\Users\Ritesh Ranjan Mishra\.m2\repository\io\cucumber\messages\18.0.0\messages-18.0.0.jar;C:\Users\Ritesh Ranjan Mishra\.m2\repository\io\cucumber\tag-expressions\4.1.0\tag-expressions-4.1.0.jar;C:\Users\Ritesh Ranjan Mishra\.m2\repository\io\cucumber\cucumber-expressions\16.0.0\cucumber-expressions-16.0.0.jar;C:\Users\Ritesh Ranjan Mishra\.m2\repository\io\cucumber\datatable\7.4.1\datatable-7.4.1.jar;C:\Users\Ritesh Ranjan Mishra\.m2\repository\io\cucumber\cucumber-plugin\7.4.1\cucumber-plugin-7.4.1.jar;C:\Users\Ritesh Ranjan Mishra\.m2\repository\io\cucumber\docstring\7.4.1\docstring-7.4.1.jar;C:\Users\Ritesh Ranjan Mishra\.m2\repository\io\cucumber\html-formatter\19.2.0\html-formatter-19.2.0.jar;C:\Users\Ritesh Ranjan Mishra\.m2\repository\io\cucumber\ci-environment\9.0.4\ci-environment-9.0.4.jar;C:\Users\Ritesh Ranjan Mishra\.m2\repository\io\cucumber\cucumber-java\7.4.1\cucumber-java-7.4.1.jar;C:\Users\Ritesh Ranjan Mishra\.m2\repository\io\cucumber\cucumber-junit\7.4.1\cucumber-junit-7.4.1.jar;C:\Users\Ritesh Ranjan Mishra\.m2\repository\org\apache\commons\commons-csv\1.5\commons-csv-1.5.jar;C:\Users\Ritesh Ranjan Mishra\.m2\repository\net\serenity-bdd\serenity-screenplay\3.3.2\serenity-screenplay-3.3.2.jar;C:\Users\Ritesh Ranjan Mishra\.m2\repository\net\serenity-bdd\serenity-screenplay-webdriver\3.3.2\serenity-screenplay-webdriver-3.3.2.jar;C:\Users\Ritesh Ranjan Mishra\.m2\repository\net\serenity-bdd\serenity-ensure\3.3.2\serenity-ensure-3.3.2.jar;C:\Users\Ritesh Ranjan Mishra\.m2\repository\net\serenity-bdd\serenity-junit\3.3.2\serenity-junit-3.3.2.jar;C:\Users\Ritesh Ranjan Mishra\.m2\repository\org\jetbrains\kotlin\kotlin-stdlib\1.7.0\kotlin-stdlib-1.7.0.jar;C:\Users\Ritesh Ranjan Mishra\.m2\repository\org\jetbrains\kotlin\kotlin-stdlib-common\1.7.0\kotlin-stdlib-common-1.7.0.jar;C:\Users\Ritesh Ranjan Mishra\.m2\repository\org\jetbrains\annotations\13.0\annotations-13.0.jar;C:\Users\Ritesh Ranjan Mishra\.m2\repository\net\serenity-bdd\serenity-rest-assured\3.3.2\serenity-rest-assured-3.3.2.jar;C:\Users\Ritesh Ranjan Mishra\.m2\repository\org\apache\httpcomponents\httpclient\4.5.13\httpclient-4.5.13.jar;C:\Users\Ritesh Ranjan Mishra\.m2\repository\org\apache\httpcomponents\httpcore\4.4.13\httpcore-4.4.13.jar;C:\Users\Ritesh Ranjan Mishra\.m2\repository\commons-logging\commons-logging\1.2\commons-logging-1.2.jar;C:\Users\Ritesh Ranjan Mishra\.m2\repository\io\rest-assured\rest-assured\5.1.1\rest-assured-5.1.1.jar;C:\Users\Ritesh Ranjan Mishra\.m2\repository\org\apache\httpcomponents\httpmime\4.5.13\httpmime-4.5.13.jar;C:\Users\Ritesh Ranjan Mishra\.m2\repository\org\ccil\cowan\tagsoup\tagsoup\1.2.1\tagsoup-1.2.1.jar;C:\Users\Ritesh Ranjan Mishra\.m2\repository\io\rest-assured\json-path\5.1.1\json-path-5.1.1.jar;C:\Users\Ritesh Ranjan Mishra\.m2\repository\io\rest-assured\rest-assured-common\5.1.1\rest-assured-common-5.1.1.jar;C:\Users\Ritesh Ranjan Mishra\.m2\repository\io\rest-assured\xml-path\5.1.1\xml-path-5.1.1.jar;C:\Users\Ritesh Ranjan Mishra\.m2\repository\org\apache\groovy\groovy-json\4.0.1\groovy-json-4.0.1.jar;C:\Users\Ritesh Ranjan Mishra\.m2\repository\org\apache\groovy\groovy-xml\4.0.1\groovy-xml-4.0.1.jar;C:\Users\Ritesh Ranjan Mishra\.m2\repository\org\opentest4j\opentest4j\1.2.0\opentest4j-1.2.0.jar;C:\Users\Ritesh Ranjan Mishra\.m2\repository\org\junit\platform\junit-platform-launcher\1.9.0\junit-platform-launcher-1.9.0.jar;C:\Users\Ritesh Ranjan Mishra\.m2\repository\org\junit\platform\junit-platform-engine\1.9.0\junit-platform-engine-1.9.0.jar;C:\Users\Ritesh Ranjan Mishra\.m2\repository\org\junit\platform\junit-platform-commons\1.9.0\junit-platform-commons-1.9.0.jar;C:\Users\Ritesh Ranjan Mishra\.m2\repository\org\apiguardian\apiguardian-api\1.1.2\apiguardian-api-1.1.2.jar;C:\Users\Ritesh Ranjan Mishra\.m2\repository\com\fasterxml\jackson\core\jackson-databind\2.13.4\jackson-databind-2.13.4.jar;C:\Users\Ritesh Ranjan Mishra\.m2\repository\com\fasterxml\jackson\core\jackson-annotations\2.13.4\jackson-annotations-2.13.4.jar;C:\Users\Ritesh Ranjan Mishra\.m2\repository\com\fasterxml\jackson\datatype\jackson-datatype-jdk8\2.13.4\jackson-datatype-jdk8-2.13.4.jar;C:\Users\Ritesh Ranjan Mishra\.m2\repository\org\junit\jupiter\junit-jupiter-engine\5.9.0\junit-jupiter-engine-5.9.0.jar;C:\Users\Ritesh Ranjan Mishra\.m2\repository\org\junit\jupiter\junit-jupiter-api\5.9.0\junit-jupiter-api-5.9.0.jar;C:\Users\Ritesh Ranjan Mishra\.m2\repository\org\junit\vintage\junit-vintage-engine\5.9.0\junit-vintage-engine-5.9.0.jar;C:\Users\Ritesh Ranjan Mishra\.m2\repository\junit\junit\4.13.2\junit-4.13.2.jar;C:\Users\Ritesh Ranjan Mishra\.m2\repository\org\hamcrest\hamcrest-core\1.3\hamcrest-core-1.3.jar;C:\Users\Ritesh Ranjan Mishra\.m2\repository\ch\qos\logback\logback-classic\1.2.11\logback-classic-1.2.11.jar;C:\Users\Ritesh Ranjan Mishra\.m2\repository\ch\qos\logback\logback-core\1.2.11\logback-core-1.2.11.jar;C:\Users\Ritesh Ranjan Mishra\.m2\repository\org\slf4j\slf4j-api\1.7.32\slf4j-api-1.7.32.jar;C:\Users\Ritesh Ranjan Mishra\.m2\repository\org\assertj\assertj-core\3.23.1\assertj-core-3.23.1.jar;C:\Users\Ritesh Ranjan Mishra\.m2\repository\net\bytebuddy\byte-buddy\1.12.10\byte-buddy-1.12.10.jar;C:\Users\Ritesh Ranjan Mishra\.m2\repository\org\apache\poi\poi\5.2.2\poi-5.2.2.jar;C:\Users\Ritesh Ranjan Mishra\.m2\repository\org\apache\commons\commons-collections4\4.4\commons-collections4-4.4.jar;C:\Users\Ritesh Ranjan Mishra\.m2\repository\org\apache\commons\commons-math3\3.6.1\commons-math3-3.6.1.jar;C:\Users\Ritesh Ranjan Mishra\.m2\repository\com\zaxxer\SparseBitSet\1.2\SparseBitSet-1.2.jar;C:\Users\Ritesh Ranjan Mishra\.m2\repository\org\apache\logging\log4j\log4j-api\2.17.2\log4j-api-2.17.2.jar;C:\Users\Ritesh Ranjan Mishra\.m2\repository\org\apache\poi\poi-ooxml\5.2.2\poi-ooxml-5.2.2.jar;C:\Users\Ritesh Ranjan Mishra\.m2\repository\org\apache\poi\poi-ooxml-lite\5.2.2\poi-ooxml-lite-5.2.2.jar;C:\Users\Ritesh Ranjan Mishra\.m2\repository\org\apache\commons\commons-compress\1.21\commons-compress-1.21.jar;C:\Users\Ritesh Ranjan Mishra\.m2\repository\com\github\virtuald\curvesapi\1.07\curvesapi-1.07.jar;C:\Users\Ritesh Ranjan Mishra\.m2\repository\org\apache\poi\poi-ooxml-schemas\4.1.2\poi-ooxml-schemas-4.1.2.jar;C:\Users\Ritesh Ranjan Mishra\.m2\repository\org\apache\xmlbeans\xmlbeans\5.1.1\xmlbeans-5.1.1.jar;C:\Users\Ritesh Ranjan Mishra\.m2\repository\mysql\mysql-connector-java\8.0.30\mysql-connector-java-8.0.30.jar;C:\Users\Ritesh Ranjan Mishra\.m2\repository\com\google\protobuf\protobuf-java\3.19.4\protobuf-java-3.19.4.jar;"/>
    <property name="sun.cpu.endian" value="little"/>
    <property name="user.home" value="C:\Users\Ritesh Ranjan Mishra"/>
    <property name="user.language" value="en"/>
    <property name="java.specification.vendor" value="Oracle Corporation"/>
    <property name="jdk.module.path" value="D:\API Testing\JiraAPI\target\JiraAPI-1.0-SNAPSHOT.jar"/>
    <property name="java.version.date" value="2021-10-19"/>
    <property name="java.home" value="C:\Program Files\Java\jdk-11.0.13"/>
    <property name="file.separator" value="\"/>
    <property name="basedir" value="D:\API Testing\JiraAPI"/>
    <property name="java.vm.compressedOopsMode" value="Zero based"/>
    <property name="line.separator" value="&#10;"/>
    <property name="java.specification.name" value="Java Platform API Specification"/>
    <property name="java.vm.specification.vendor" value="Oracle Corporation"/>
    <property name="java.awt.graphicsenv" value="sun.awt.Win32GraphicsEnvironment"/>
    <property name="surefire.real.class.path" value="C:\Users\Ritesh Ranjan Mishra\.m2\repository\org\apache\maven\surefire\surefire-booter\3.0.0-M5\surefire-booter-3.0.0-M5.jar;C:\Users\Ritesh Ranjan Mishra\.m2\repository\org\apache\maven\surefire\surefire-api\3.0.0-M5\surefire-api-3.0.0-M5.jar;C:\Users\Ritesh Ranjan Mishra\.m2\repository\org\apache\maven\surefire\surefire-logger-api\3.0.0-M5\surefire-logger-api-3.0.0-M5.jar;C:\Users\Ritesh Ranjan Mishra\.m2\repository\org\apache\maven\surefire\surefire-shared-utils\3.0.0-M4\surefire-shared-utils-3.0.0-M4.jar;C:\Users\Ritesh Ranjan Mishra\.m2\repository\org\apache\maven\surefire\surefire-extensions-spi\3.0.0-M5\surefire-extensions-spi-3.0.0-M5.jar;D:\API Testing\JiraAPI\target\test-classes;C:\Users\Ritesh Ranjan Mishra\.m2\repository\javax\xml\bind\jaxb-api\2.4.0-b180830.0359\jaxb-api-2.4.0-b180830.0359.jar;C:\Users\Ritesh Ranjan Mishra\.m2\repository\javax\activation\javax.activation-api\1.2.0\javax.activation-api-1.2.0.jar;C:\Users\Ritesh Ranjan Mishra\.m2\repository\net\serenity-bdd\serenity-core\3.3.2\serenity-core-3.3.2.jar;C:\Users\Ritesh Ranjan Mishra\.m2\repository\net\serenity-bdd\serenity-model\3.3.2\serenity-model-3.3.2.jar;C:\Users\Ritesh Ranjan Mishra\.m2\repository\org\apache\commons\commons-text\1.9\commons-text-1.9.jar;C:\Users\Ritesh Ranjan Mishra\.m2\repository\commons-net\commons-net\3.8.0\commons-net-3.8.0.jar;C:\Users\Ritesh Ranjan Mishra\.m2\repository\com\google\guava\guava\31.1-jre\guava-31.1-jre.jar;C:\Users\Ritesh Ranjan Mishra\.m2\repository\com\google\guava\failureaccess\1.0.1\failureaccess-1.0.1.jar;C:\Users\Ritesh Ranjan Mishra\.m2\repository\com\google\guava\listenablefuture\9999.0-empty-to-avoid-conflict-with-guava\listenablefuture-9999.0-empty-to-avoid-conflict-with-guava.jar;C:\Users\Ritesh Ranjan Mishra\.m2\repository\com\google\code\findbugs\jsr305\3.0.2\jsr305-3.0.2.jar;C:\Users\Ritesh Ranjan Mishra\.m2\repository\org\checkerframework\checker-qual\3.12.0\checker-qual-3.12.0.jar;C:\Users\Ritesh Ranjan Mishra\.m2\repository\com\google\errorprone\error_prone_annotations\2.11.0\error_prone_annotations-2.11.0.jar;C:\Users\Ritesh Ranjan Mishra\.m2\repository\com\google\j2objc\j2objc-annotations\1.3\j2objc-annotations-1.3.jar;C:\Users\Ritesh Ranjan Mishra\.m2\repository\com\google\inject\guice\5.1.0\guice-5.1.0.jar;C:\Users\Ritesh Ranjan Mishra\.m2\repository\javax\inject\javax.inject\1\javax.inject-1.jar;C:\Users\Ritesh Ranjan Mishra\.m2\repository\aopalliance\aopalliance\1.0\aopalliance-1.0.jar;C:\Users\Ritesh Ranjan Mishra\.m2\repository\org\jsoup\jsoup\1.14.3\jsoup-1.14.3.jar;C:\Users\Ritesh Ranjan Mishra\.m2\repository\com\thoughtworks\xstream\xstream\1.4.19\xstream-1.4.19.jar;C:\Users\Ritesh Ranjan Mishra\.m2\repository\io\github\x-stream\mxparser\1.2.2\mxparser-1.2.2.jar;C:\Users\Ritesh Ranjan Mishra\.m2\repository\xmlpull\xmlpull\1.1.3.1\xmlpull-1.1.3.1.jar;C:\Users\Ritesh Ranjan Mishra\.m2\repository\com\typesafe\config\1.4.2\config-1.4.2.jar;C:\Users\Ritesh Ranjan Mishra\.m2\repository\org\imgscalr\imgscalr-lib\4.2\imgscalr-lib-4.2.jar;C:\Users\Ritesh Ranjan Mishra\.m2\repository\org\awaitility\awaitility\4.2.0\awaitility-4.2.0.jar;C:\Users\Ritesh Ranjan Mishra\.m2\repository\org\freemarker\freemarker\2.3.31\freemarker-2.3.31.jar;C:\Users\Ritesh Ranjan Mishra\.m2\repository\io\github\classgraph\classgraph\4.8.138\classgraph-4.8.138.jar;C:\Users\Ritesh Ranjan Mishra\.m2\repository\net\sourceforge\jexcelapi\jxl\2.6.12\jxl-2.6.12.jar;C:\Users\Ritesh Ranjan Mishra\.m2\repository\net\bytebuddy\byte-buddy-agent\1.12.12\byte-buddy-agent-1.12.12.jar;C:\Users\Ritesh Ranjan Mishra\.m2\repository\org\objenesis\objenesis\3.1\objenesis-3.1.jar;C:\Users\Ritesh Ranjan Mishra\.m2\repository\net\serenity-bdd\serenity-reports\3.3.2\serenity-reports-3.3.2.jar;C:\Users\Ritesh Ranjan Mishra\.m2\repository\net\serenity-bdd\serenity-stats\3.3.2\serenity-stats-3.3.2.jar;C:\Users\Ritesh Ranjan Mishra\.m2\repository\net\serenity-bdd\serenity-reports-configuration\3.3.2\serenity-reports-configuration-3.3.2.jar;C:\Users\Ritesh Ranjan Mishra\.m2\repository\com\vladsch\flexmark\flexmark-all\0.34.30\flexmark-all-0.34.30.jar;C:\Users\Ritesh Ranjan Mishra\.m2\repository\com\vladsch\flexmark\flexmark\0.34.30\flexmark-0.34.30.jar;C:\Users\Ritesh Ranjan Mishra\.m2\repository\com\vladsch\flexmark\flexmark-ext-abbreviation\0.34.30\flexmark-ext-abbreviation-0.34.30.jar;C:\Users\Ritesh Ranjan Mishra\.m2\repository\com\vladsch\flexmark\flexmark-ext-admonition\0.34.30\flexmark-ext-admonition-0.34.30.jar;C:\Users\Ritesh Ranjan Mishra\.m2\repository\com\vladsch\flexmark\flexmark-ext-anchorlink\0.34.30\flexmark-ext-anchorlink-0.34.30.jar;C:\Users\Ritesh Ranjan Mishra\.m2\repository\com\vladsch\flexmark\flexmark-ext-aside\0.34.30\flexmark-ext-aside-0.34.30.jar;C:\Users\Ritesh Ranjan Mishra\.m2\repository\com\vladsch\flexmark\flexmark-ext-attributes\0.34.30\flexmark-ext-attributes-0.34.30.jar;C:\Users\Ritesh Ranjan Mishra\.m2\repository\com\vladsch\flexmark\flexmark-ext-autolink\0.34.30\flexmark-ext-autolink-0.34.30.jar;C:\Users\Ritesh Ranjan Mishra\.m2\repository\org\nibor\autolink\autolink\0.6.0\autolink-0.6.0.jar;C:\Users\Ritesh Ranjan Mishra\.m2\repository\com\vladsch\flexmark\flexmark-ext-definition\0.34.30\flexmark-ext-definition-0.34.30.jar;C:\Users\Ritesh Ranjan Mishra\.m2\repository\com\vladsch\flexmark\flexmark-ext-emoji\0.34.30\flexmark-ext-emoji-0.34.30.jar;C:\Users\Ritesh Ranjan Mishra\.m2\repository\com\vladsch\flexmark\flexmark-ext-enumerated-reference\0.34.30\flexmark-ext-enumerated-reference-0.34.30.jar;C:\Users\Ritesh Ranjan Mishra\.m2\repository\com\vladsch\flexmark\flexmark-ext-escaped-character\0.34.30\flexmark-ext-escaped-character-0.34.30.jar;C:\Users\Ritesh Ranjan Mishra\.m2\repository\com\vladsch\flexmark\flexmark-ext-footnotes\0.34.30\flexmark-ext-footnotes-0.34.30.jar;C:\Users\Ritesh Ranjan Mishra\.m2\repository\com\vladsch\flexmark\flexmark-ext-gfm-issues\0.34.30\flexmark-ext-gfm-issues-0.34.30.jar;C:\Users\Ritesh Ranjan Mishra\.m2\repository\com\vladsch\flexmark\flexmark-ext-gfm-strikethrough\0.34.30\flexmark-ext-gfm-strikethrough-0.34.30.jar;C:\Users\Ritesh Ranjan Mishra\.m2\repository\com\vladsch\flexmark\flexmark-ext-gfm-tables\0.34.30\flexmark-ext-gfm-tables-0.34.30.jar;C:\Users\Ritesh Ranjan Mishra\.m2\repository\com\vladsch\flexmark\flexmark-ext-gfm-tasklist\0.34.30\flexmark-ext-gfm-tasklist-0.34.30.jar;C:\Users\Ritesh Ranjan Mishra\.m2\repository\com\vladsch\flexmark\flexmark-ext-gfm-users\0.34.30\flexmark-ext-gfm-users-0.34.30.jar;C:\Users\Ritesh Ranjan Mishra\.m2\repository\com\vladsch\flexmark\flexmark-ext-gitlab\0.34.30\flexmark-ext-gitlab-0.34.30.jar;C:\Users\Ritesh Ranjan Mishra\.m2\repository\com\vladsch\flexmark\flexmark-ext-jekyll-front-matter\0.34.30\flexmark-ext-jekyll-front-matter-0.34.30.jar;C:\Users\Ritesh Ranjan Mishra\.m2\repository\com\vladsch\flexmark\flexmark-ext-jekyll-tag\0.34.30\flexmark-ext-jekyll-tag-0.34.30.jar;C:\Users\Ritesh Ranjan Mishra\.m2\repository\com\vladsch\flexmark\flexmark-ext-media-tags\0.34.30\flexmark-ext-media-tags-0.34.30.jar;C:\Users\Ritesh Ranjan Mishra\.m2\repository\com\vladsch\flexmark\flexmark-test-util\0.34.30\flexmark-test-util-0.34.30.jar;C:\Users\Ritesh Ranjan Mishra\.m2\repository\com\vladsch\flexmark\flexmark-ext-ins\0.34.30\flexmark-ext-ins-0.34.30.jar;C:\Users\Ritesh Ranjan Mishra\.m2\repository\com\vladsch\flexmark\flexmark-ext-xwiki-macros\0.34.30\flexmark-ext-xwiki-macros-0.34.30.jar;C:\Users\Ritesh Ranjan Mishra\.m2\repository\com\vladsch\flexmark\flexmark-ext-superscript\0.34.30\flexmark-ext-superscript-0.34.30.jar;C:\Users\Ritesh Ranjan Mishra\.m2\repository\com\vladsch\flexmark\flexmark-ext-tables\0.34.30\flexmark-ext-tables-0.34.30.jar;C:\Users\Ritesh Ranjan Mishra\.m2\repository\com\vladsch\flexmark\flexmark-ext-toc\0.34.30\flexmark-ext-toc-0.34.30.jar;C:\Users\Ritesh Ranjan Mishra\.m2\repository\com\vladsch\flexmark\flexmark-ext-typographic\0.34.30\flexmark-ext-typographic-0.34.30.jar;C:\Users\Ritesh Ranjan Mishra\.m2\repository\com\vladsch\flexmark\flexmark-ext-wikilink\0.34.30\flexmark-ext-wikilink-0.34.30.jar;C:\Users\Ritesh Ranjan Mishra\.m2\repository\com\vladsch\flexmark\flexmark-ext-yaml-front-matter\0.34.30\flexmark-ext-yaml-front-matter-0.34.30.jar;C:\Users\Ritesh Ranjan Mishra\.m2\repository\com\vladsch\flexmark\flexmark-ext-youtube-embedded\0.34.30\flexmark-ext-youtube-embedded-0.34.30.jar;C:\Users\Ritesh Ranjan Mishra\.m2\repository\com\vladsch\flexmark\flexmark-formatter\0.34.30\flexmark-formatter-0.34.30.jar;C:\Users\Ritesh Ranjan Mishra\.m2\repository\com\vladsch\flexmark\flexmark-html-parser\0.34.30\flexmark-html-parser-0.34.30.jar;C:\Users\Ritesh Ranjan Mishra\.m2\repository\com\vladsch\flexmark\flexmark-jira-converter\0.34.30\flexmark-jira-converter-0.34.30.jar;C:\Users\Ritesh Ranjan Mishra\.m2\repository\com\vladsch\flexmark\flexmark-pdf-converter\0.34.30\flexmark-pdf-converter-0.34.30.jar;C:\Users\Ritesh Ranjan Mishra\.m2\repository\com\openhtmltopdf\openhtmltopdf-core\0.0.1-RC13\openhtmltopdf-core-0.0.1-RC13.jar;C:\Users\Ritesh Ranjan Mishra\.m2\repository\com\openhtmltopdf\openhtmltopdf-pdfbox\0.0.1-RC13\openhtmltopdf-pdfbox-0.0.1-RC13.jar;C:\Users\Ritesh Ranjan Mishra\.m2\repository\org\apache\pdfbox\pdfbox\2.0.8\pdfbox-2.0.8.jar;C:\Users\Ritesh Ranjan Mishra\.m2\repository\org\apache\pdfbox\fontbox\2.0.8\fontbox-2.0.8.jar;C:\Users\Ritesh Ranjan Mishra\.m2\repository\org\apache\pdfbox\xmpbox\2.0.8\xmpbox-2.0.8.jar;C:\Users\Ritesh Ranjan Mishra\.m2\repository\de\rototor\pdfbox\graphics2d\0.12\graphics2d-0.12.jar;C:\Users\Ritesh Ranjan Mishra\.m2\repository\com\openhtmltopdf\openhtmltopdf-rtl-support\0.0.1-RC13\openhtmltopdf-rtl-support-0.0.1-RC13.jar;C:\Users\Ritesh Ranjan Mishra\.m2\repository\com\ibm\icu\icu4j\59.1\icu4j-59.1.jar;C:\Users\Ritesh Ranjan Mishra\.m2\repository\com\openhtmltopdf\openhtmltopdf-jsoup-dom-converter\0.0.1-RC13\openhtmltopdf-jsoup-dom-converter-0.0.1-RC13.jar;C:\Users\Ritesh Ranjan Mishra\.m2\repository\com\vladsch\flexmark\flexmark-profile-pegdown\0.34.30\flexmark-profile-pegdown-0.34.30.jar;C:\Users\Ritesh Ranjan Mishra\.m2\repository\com\vladsch\flexmark\flexmark-util\0.34.30\flexmark-util-0.34.30.jar;C:\Users\Ritesh Ranjan Mishra\.m2\repository\com\vladsch\flexmark\flexmark-youtrack-converter\0.34.30\flexmark-youtrack-converter-0.34.30.jar;C:\Users\Ritesh Ranjan Mishra\.m2\repository\es\nitaur\markdown\txtmark\0.16\txtmark-0.16.jar;C:\Users\Ritesh Ranjan Mishra\.m2\repository\net\serenity-bdd\serenity-report-resources\3.3.2\serenity-report-resources-3.3.2.jar;C:\Users\Ritesh Ranjan Mishra\.m2\repository\com\google\code\gson\gson\2.9.0\gson-2.9.0.jar;C:\Users\Ritesh Ranjan Mishra\.m2\repository\com\fasterxml\jackson\core\jackson-core\2.13.3\jackson-core-2.13.3.jar;C:\Users\Ritesh Ranjan Mishra\.m2\repository\commons-codec\commons-codec\1.15\commons-codec-1.15.jar;C:\Users\Ritesh Ranjan Mishra\.m2\repository\commons-io\commons-io\2.11.0\commons-io-2.11.0.jar;C:\Users\Ritesh Ranjan Mishra\.m2\repository\org\seleniumhq\selenium\htmlunit-driver\3.62.0\htmlunit-driver-3.62.0.jar;C:\Users\Ritesh Ranjan Mishra\.m2\repository\net\sourceforge\htmlunit\htmlunit\2.62.0\htmlunit-2.62.0.jar;C:\Users\Ritesh Ranjan Mishra\.m2\repository\xalan\xalan\2.7.2\xalan-2.7.2.jar;C:\Users\Ritesh Ranjan Mishra\.m2\repository\xalan\serializer\2.7.2\serializer-2.7.2.jar;C:\Users\Ritesh Ranjan Mishra\.m2\repository\net\sourceforge\htmlunit\htmlunit-core-js\2.62.0\htmlunit-core-js-2.62.0.jar;C:\Users\Ritesh Ranjan Mishra\.m2\repository\net\sourceforge\htmlunit\neko-htmlunit\2.62.0\neko-htmlunit-2.62.0.jar;C:\Users\Ritesh Ranjan Mishra\.m2\repository\xerces\xercesImpl\2.12.2\xercesImpl-2.12.2.jar;C:\Users\Ritesh Ranjan Mishra\.m2\repository\xml-apis\xml-apis\1.4.01\xml-apis-1.4.01.jar;C:\Users\Ritesh Ranjan Mishra\.m2\repository\net\sourceforge\htmlunit\htmlunit-cssparser\1.12.0\htmlunit-cssparser-1.12.0.jar;C:\Users\Ritesh Ranjan Mishra\.m2\repository\com\shapesecurity\salvation2\3.0.0\salvation2-3.0.0.jar;C:\Users\Ritesh Ranjan Mishra\.m2\repository\org\eclipse\jetty\websocket\websocket-client\9.4.46.v20220331\websocket-client-9.4.46.v20220331.jar;C:\Users\Ritesh Ranjan Mishra\.m2\repository\org\eclipse\jetty\jetty-client\9.4.46.v20220331\jetty-client-9.4.46.v20220331.jar;C:\Users\Ritesh Ranjan Mishra\.m2\repository\org\eclipse\jetty\jetty-http\9.4.46.v20220331\jetty-http-9.4.46.v20220331.jar;C:\Users\Ritesh Ranjan Mishra\.m2\repository\org\eclipse\jetty\jetty-util\9.4.46.v20220331\jetty-util-9.4.46.v20220331.jar;C:\Users\Ritesh Ranjan Mishra\.m2\repository\org\eclipse\jetty\jetty-io\9.4.46.v20220331\jetty-io-9.4.46.v20220331.jar;C:\Users\Ritesh Ranjan Mishra\.m2\repository\org\eclipse\jetty\websocket\websocket-common\9.4.46.v20220331\websocket-common-9.4.46.v20220331.jar;C:\Users\Ritesh Ranjan Mishra\.m2\repository\org\eclipse\jetty\websocket\websocket-api\9.4.46.v20220331\websocket-api-9.4.46.v20220331.jar;C:\Users\Ritesh Ranjan Mishra\.m2\repository\org\seleniumhq\selenium\selenium-java\4.4.0\selenium-java-4.4.0.jar;C:\Users\Ritesh Ranjan Mishra\.m2\repository\org\seleniumhq\selenium\selenium-devtools-v102\4.4.0\selenium-devtools-v102-4.4.0.jar;C:\Users\Ritesh Ranjan Mishra\.m2\repository\org\seleniumhq\selenium\selenium-devtools-v103\4.4.0\selenium-devtools-v103-4.4.0.jar;C:\Users\Ritesh Ranjan Mishra\.m2\repository\org\seleniumhq\selenium\selenium-devtools-v104\4.4.0\selenium-devtools-v104-4.4.0.jar;C:\Users\Ritesh Ranjan Mishra\.m2\repository\org\seleniumhq\selenium\selenium-devtools-v85\4.4.0\selenium-devtools-v85-4.4.0.jar;C:\Users\Ritesh Ranjan Mishra\.m2\repository\org\seleniumhq\selenium\selenium-opera-driver\4.4.0\selenium-opera-driver-4.4.0.jar;C:\Users\Ritesh Ranjan Mishra\.m2\repository\org\seleniumhq\selenium\selenium-remote-driver\4.4.0\selenium-remote-driver-4.4.0.jar;C:\Users\Ritesh Ranjan Mishra\.m2\repository\com\beust\jcommander\1.82\jcommander-1.82.jar;C:\Users\Ritesh Ranjan Mishra\.m2\repository\io\netty\netty-buffer\4.1.78.Final\netty-buffer-4.1.78.Final.jar;C:\Users\Ritesh Ranjan Mishra\.m2\repository\io\netty\netty-codec-http\4.1.78.Final\netty-codec-http-4.1.78.Final.jar;C:\Users\Ritesh Ranjan Mishra\.m2\repository\io\netty\netty-codec\4.1.78.Final\netty-codec-4.1.78.Final.jar;C:\Users\Ritesh Ranjan Mishra\.m2\repository\io\netty\netty-handler\4.1.78.Final\netty-handler-4.1.78.Final.jar;C:\Users\Ritesh Ranjan Mishra\.m2\repository\io\netty\netty-common\4.1.78.Final\netty-common-4.1.78.Final.jar;C:\Users\Ritesh Ranjan Mishra\.m2\repository\io\netty\netty-transport-classes-epoll\4.1.78.Final\netty-transport-classes-epoll-4.1.78.Final.jar;C:\Users\Ritesh Ranjan Mishra\.m2\repository\io\netty\netty-transport-classes-kqueue\4.1.78.Final\netty-transport-classes-kqueue-4.1.78.Final.jar;C:\Users\Ritesh Ranjan Mishra\.m2\repository\io\netty\netty-transport-native-epoll\4.1.78.Final\netty-transport-native-epoll-4.1.78.Final.jar;C:\Users\Ritesh Ranjan Mishra\.m2\repository\io\netty\netty-transport-native-kqueue\4.1.78.Final\netty-transport-native-kqueue-4.1.78.Final.jar;C:\Users\Ritesh Ranjan Mishra\.m2\repository\io\netty\netty-transport-native-unix-common\4.1.78.Final\netty-transport-native-unix-common-4.1.78.Final.jar;C:\Users\Ritesh Ranjan Mishra\.m2\repository\io\netty\netty-transport\4.1.78.Final\netty-transport-4.1.78.Final.jar;C:\Users\Ritesh Ranjan Mishra\.m2\repository\io\netty\netty-resolver\4.1.78.Final\netty-resolver-4.1.78.Final.jar;C:\Users\Ritesh Ranjan Mishra\.m2\repository\io\opentelemetry\opentelemetry-api\1.16.0\opentelemetry-api-1.16.0.jar;C:\Users\Ritesh Ranjan Mishra\.m2\repository\io\opentelemetry\opentelemetry-context\1.16.0\opentelemetry-context-1.16.0.jar;C:\Users\Ritesh Ranjan Mishra\.m2\repository\io\opentelemetry\opentelemetry-exporter-logging\1.16.0\opentelemetry-exporter-logging-1.16.0.jar;C:\Users\Ritesh Ranjan Mishra\.m2\repository\io\opentelemetry\opentelemetry-sdk-metrics\1.16.0\opentelemetry-sdk-metrics-1.16.0.jar;C:\Users\Ritesh Ranjan Mishra\.m2\repository\io\opentelemetry\opentelemetry-sdk-logs\1.16.0-alpha\opentelemetry-sdk-logs-1.16.0-alpha.jar;C:\Users\Ritesh Ranjan Mishra\.m2\repository\io\opentelemetry\opentelemetry-sdk-common\1.16.0\opentelemetry-sdk-common-1.16.0.jar;C:\Users\Ritesh Ranjan Mishra\.m2\repository\io\opentelemetry\opentelemetry-sdk-extension-autoconfigure-spi\1.16.0\opentelemetry-sdk-extension-autoconfigure-spi-1.16.0.jar;C:\Users\Ritesh Ranjan Mishra\.m2\repository\io\opentelemetry\opentelemetry-sdk-extension-autoconfigure\1.16.0-alpha\opentelemetry-sdk-extension-autoconfigure-1.16.0-alpha.jar;C:\Users\Ritesh Ranjan Mishra\.m2\repository\io\opentelemetry\opentelemetry-sdk-trace\1.16.0\opentelemetry-sdk-trace-1.16.0.jar;C:\Users\Ritesh Ranjan Mishra\.m2\repository\io\opentelemetry\opentelemetry-sdk\1.16.0\opentelemetry-sdk-1.16.0.jar;C:\Users\Ritesh Ranjan Mishra\.m2\repository\io\opentelemetry\opentelemetry-semconv\1.16.0-alpha\opentelemetry-semconv-1.16.0-alpha.jar;C:\Users\Ritesh Ranjan Mishra\.m2\repository\io\ous\jtoml\2.0.0\jtoml-2.0.0.jar;C:\Users\Ritesh Ranjan Mishra\.m2\repository\org\apache\commons\commons-exec\1.3\commons-exec-1.3.jar;C:\Users\Ritesh Ranjan Mishra\.m2\repository\org\asynchttpclient\async-http-client\2.12.3\async-http-client-2.12.3.jar;C:\Users\Ritesh Ranjan Mishra\.m2\repository\org\asynchttpclient\async-http-client-netty-utils\2.12.3\async-http-client-netty-utils-2.12.3.jar;C:\Users\Ritesh Ranjan Mishra\.m2\repository\io\netty\netty-codec-socks\4.1.60.Final\netty-codec-socks-4.1.60.Final.jar;C:\Users\Ritesh Ranjan Mishra\.m2\repository\io\netty\netty-handler-proxy\4.1.60.Final\netty-handler-proxy-4.1.60.Final.jar;C:\Users\Ritesh Ranjan Mishra\.m2\repository\io\netty\netty-transport-native-epoll\4.1.60.Final\netty-transport-native-epoll-4.1.60.Final-linux-x86_64.jar;C:\Users\Ritesh Ranjan Mishra\.m2\repository\io\netty\netty-transport-native-kqueue\4.1.60.Final\netty-transport-native-kqueue-4.1.60.Final-osx-x86_64.jar;C:\Users\Ritesh Ranjan Mishra\.m2\repository\org\reactivestreams\reactive-streams\1.0.3\reactive-streams-1.0.3.jar;C:\Users\Ritesh Ranjan Mishra\.m2\repository\com\typesafe\netty\netty-reactive-streams\2.0.4\netty-reactive-streams-2.0.4.jar;C:\Users\Ritesh Ranjan Mishra\.m2\repository\org\seleniumhq\selenium\selenium-http\4.4.0\selenium-http-4.4.0.jar;C:\Users\Ritesh Ranjan Mishra\.m2\repository\dev\failsafe\failsafe\3.2.4\failsafe-3.2.4.jar;C:\Users\Ritesh Ranjan Mishra\.m2\repository\org\seleniumhq\selenium\selenium-safari-driver\4.4.0\selenium-safari-driver-4.4.0.jar;C:\Users\Ritesh Ranjan Mishra\.m2\repository\org\seleniumhq\selenium\selenium-api\4.4.0\selenium-api-4.4.0.jar;C:\Users\Ritesh Ranjan Mishra\.m2\repository\org\seleniumhq\selenium\selenium-support\4.4.0\selenium-support-4.4.0.jar;C:\Users\Ritesh Ranjan Mishra\.m2\repository\com\google\auto\service\auto-service-annotations\1.0.1\auto-service-annotations-1.0.1.jar;C:\Users\Ritesh Ranjan Mishra\.m2\repository\com\google\auto\service\auto-service\1.0.1\auto-service-1.0.1.jar;C:\Users\Ritesh Ranjan Mishra\.m2\repository\com\google\auto\auto-common\1.2\auto-common-1.2.jar;C:\Users\Ritesh Ranjan Mishra\.m2\repository\org\seleniumhq\selenium\selenium-json\4.4.0\selenium-json-4.4.0.jar;C:\Users\Ritesh Ranjan Mishra\.m2\repository\org\seleniumhq\selenium\selenium-chrome-driver\4.4.0\selenium-chrome-driver-4.4.0.jar;C:\Users\Ritesh Ranjan Mishra\.m2\repository\org\seleniumhq\selenium\selenium-chromium-driver\4.4.0\selenium-chromium-driver-4.4.0.jar;C:\Users\Ritesh Ranjan Mishra\.m2\repository\org\seleniumhq\selenium\selenium-firefox-driver\4.4.0\selenium-firefox-driver-4.4.0.jar;C:\Users\Ritesh Ranjan Mishra\.m2\repository\org\seleniumhq\selenium\selenium-edge-driver\4.4.0\selenium-edge-driver-4.4.0.jar;C:\Users\Ritesh Ranjan Mishra\.m2\repository\org\seleniumhq\selenium\selenium-ie-driver\4.4.0\selenium-ie-driver-4.4.0.jar;C:\Users\Ritesh Ranjan Mishra\.m2\repository\org\projectlombok\lombok\1.18.20\lombok-1.18.20.jar;C:\Users\Ritesh Ranjan Mishra\.m2\repository\io\appium\java-client\8.1.1\java-client-8.1.1.jar;C:\Users\Ritesh Ranjan Mishra\.m2\repository\commons-validator\commons-validator\1.7\commons-validator-1.7.jar;C:\Users\Ritesh Ranjan Mishra\.m2\repository\commons-digester\commons-digester\2.1\commons-digester-2.1.jar;C:\Users\Ritesh Ranjan Mishra\.m2\repository\org\apache\groovy\groovy\4.0.1\groovy-4.0.1.jar;C:\Users\Ritesh Ranjan Mishra\.m2\repository\net\sf\opencsv\opencsv\2.0\opencsv-2.0.jar;C:\Users\Ritesh Ranjan Mishra\.m2\repository\commons-beanutils\commons-beanutils\1.9.4\commons-beanutils-1.9.4.jar;C:\Users\Ritesh Ranjan Mishra\.m2\repository\org\apache\commons\commons-lang3\3.12.0\commons-lang3-3.12.0.jar;C:\Users\Ritesh Ranjan Mishra\.m2\repository\commons-collections\commons-collections\3.2.2\commons-collections-3.2.2.jar;C:\Users\Ritesh Ranjan Mishra\.m2\repository\org\fluentlenium\fluentlenium-core\0.10.2\fluentlenium-core-0.10.2.jar;C:\Users\Ritesh Ranjan Mishra\.m2\repository\io\github\bonigarcia\webdrivermanager\5.2.1\webdrivermanager-5.2.1.jar;C:\Users\Ritesh Ranjan Mishra\.m2\repository\com\github\docker-java\docker-java\3.2.13\docker-java-3.2.13.jar;C:\Users\Ritesh Ranjan Mishra\.m2\repository\com\github\docker-java\docker-java-core\3.2.13\docker-java-core-3.2.13.jar;C:\Users\Ritesh Ranjan Mishra\.m2\repository\com\github\docker-java\docker-java-api\3.2.13\docker-java-api-3.2.13.jar;C:\Users\Ritesh Ranjan Mishra\.m2\repository\org\bouncycastle\bcpkix-jdk15on\1.64\bcpkix-jdk15on-1.64.jar;C:\Users\Ritesh Ranjan Mishra\.m2\repository\org\bouncycastle\bcprov-jdk15on\1.64\bcprov-jdk15on-1.64.jar;C:\Users\Ritesh Ranjan Mishra\.m2\repository\org\slf4j\jcl-over-slf4j\1.7.30\jcl-over-slf4j-1.7.30.jar;C:\Users\Ritesh Ranjan Mishra\.m2\repository\com\github\docker-java\docker-java-transport-httpclient5\3.2.13\docker-java-transport-httpclient5-3.2.13.jar;C:\Users\Ritesh Ranjan Mishra\.m2\repository\com\github\docker-java\docker-java-transport\3.2.13\docker-java-transport-3.2.13.jar;C:\Users\Ritesh Ranjan Mishra\.m2\repository\net\java\dev\jna\jna\5.8.0\jna-5.8.0.jar;C:\Users\Ritesh Ranjan Mishra\.m2\repository\org\brotli\dec\0.1.2\dec-0.1.2.jar;C:\Users\Ritesh Ranjan Mishra\.m2\repository\org\apache\httpcomponents\client5\httpclient5\5.1.3\httpclient5-5.1.3.jar;C:\Users\Ritesh Ranjan Mishra\.m2\repository\org\apache\httpcomponents\core5\httpcore5\5.1.3\httpcore5-5.1.3.jar;C:\Users\Ritesh Ranjan Mishra\.m2\repository\org\apache\httpcomponents\core5\httpcore5-h2\5.1.3\httpcore5-h2-5.1.3.jar;C:\Users\Ritesh Ranjan Mishra\.m2\repository\com\jhlabs\filters\2.0.235\filters-2.0.235.jar;C:\Users\Ritesh Ranjan Mishra\.m2\repository\com\paulhammant\ngwebdriver\1.1.6\ngwebdriver-1.1.6.jar;C:\Users\Ritesh Ranjan Mishra\.m2\repository\joda-time\joda-time\2.8.2\joda-time-2.8.2.jar;C:\Users\Ritesh Ranjan Mishra\.m2\repository\org\hamcrest\hamcrest\2.2\hamcrest-2.2.jar;C:\Users\Ritesh Ranjan Mishra\.m2\repository\com\google\jimfs\jimfs\1.2\jimfs-1.2.jar;C:\Users\Ritesh Ranjan Mishra\.m2\repository\org\mockito\mockito-core\3.3.3\mockito-core-3.3.3.jar;C:\Users\Ritesh Ranjan Mishra\.m2\repository\com\sun\xml\bind\jaxb-core\2.3.0.1\jaxb-core-2.3.0.1.jar;C:\Users\Ritesh Ranjan Mishra\.m2\repository\com\sun\xml\bind\jaxb-impl\2.3.3\jaxb-impl-2.3.3.jar;C:\Users\Ritesh Ranjan Mishra\.m2\repository\jakarta\xml\bind\jakarta.xml.bind-api\2.3.3\jakarta.xml.bind-api-2.3.3.jar;C:\Users\Ritesh Ranjan Mishra\.m2\repository\com\sun\activation\jakarta.activation\1.2.2\jakarta.activation-1.2.2.jar;C:\Users\Ritesh Ranjan Mishra\.m2\repository\javax\activation\activation\1.1.1\activation-1.1.1.jar;C:\Users\Ritesh Ranjan Mishra\.m2\repository\net\serenity-bdd\serenity-cucumber\3.3.2\serenity-cucumber-3.3.2.jar;C:\Users\Ritesh Ranjan Mishra\.m2\repository\io\cucumber\cucumber-core\7.4.1\cucumber-core-7.4.1.jar;C:\Users\Ritesh Ranjan Mishra\.m2\repository\io\cucumber\cucumber-gherkin\7.4.1\cucumber-gherkin-7.4.1.jar;C:\Users\Ritesh Ranjan Mishra\.m2\repository\io\cucumber\cucumber-gherkin-messages\7.4.1\cucumber-gherkin-messages-7.4.1.jar;C:\Users\Ritesh Ranjan Mishra\.m2\repository\io\cucumber\gherkin\23.0.1\gherkin-23.0.1.jar;C:\Users\Ritesh Ranjan Mishra\.m2\repository\io\cucumber\messages\18.0.0\messages-18.0.0.jar;C:\Users\Ritesh Ranjan Mishra\.m2\repository\io\cucumber\tag-expressions\4.1.0\tag-expressions-4.1.0.jar;C:\Users\Ritesh Ranjan Mishra\.m2\repository\io\cucumber\cucumber-expressions\16.0.0\cucumber-expressions-16.0.0.jar;C:\Users\Ritesh Ranjan Mishra\.m2\repository\io\cucumber\datatable\7.4.1\datatable-7.4.1.jar;C:\Users\Ritesh Ranjan Mishra\.m2\repository\io\cucumber\cucumber-plugin\7.4.1\cucumber-plugin-7.4.1.jar;C:\Users\Ritesh Ranjan Mishra\.m2\repository\io\cucumber\docstring\7.4.1\docstring-7.4.1.jar;C:\Users\Ritesh Ranjan Mishra\.m2\repository\io\cucumber\html-formatter\19.2.0\html-formatter-19.2.0.jar;C:\Users\Ritesh Ranjan Mishra\.m2\repository\io\cucumber\ci-environment\9.0.4\ci-environment-9.0.4.jar;C:\Users\Ritesh Ranjan Mishra\.m2\repository\io\cucumber\cucumber-java\7.4.1\cucumber-java-7.4.1.jar;C:\Users\Ritesh Ranjan Mishra\.m2\repository\io\cucumber\cucumber-junit\7.4.1\cucumber-junit-7.4.1.jar;C:\Users\Ritesh Ranjan Mishra\.m2\repository\org\apache\commons\commons-csv\1.5\commons-csv-1.5.jar;C:\Users\Ritesh Ranjan Mishra\.m2\repository\net\serenity-bdd\serenity-screenplay\3.3.2\serenity-screenplay-3.3.2.jar;C:\Users\Ritesh Ranjan Mishra\.m2\repository\net\serenity-bdd\serenity-screenplay-webdriver\3.3.2\serenity-screenplay-webdriver-3.3.2.jar;C:\Users\Ritesh Ranjan Mishra\.m2\repository\net\serenity-bdd\serenity-ensure\3.3.2\serenity-ensure-3.3.2.jar;C:\Users\Ritesh Ranjan Mishra\.m2\repository\net\serenity-bdd\serenity-junit\3.3.2\serenity-junit-3.3.2.jar;C:\Users\Ritesh Ranjan Mishra\.m2\repository\org\jetbrains\kotlin\kotlin-stdlib\1.7.0\kotlin-stdlib-1.7.0.jar;C:\Users\Ritesh Ranjan Mishra\.m2\repository\org\jetbrains\kotlin\kotlin-stdlib-common\1.7.0\kotlin-stdlib-common-1.7.0.jar;C:\Users\Ritesh Ranjan Mishra\.m2\repository\org\jetbrains\annotations\13.0\annotations-13.0.jar;C:\Users\Ritesh Ranjan Mishra\.m2\repository\net\serenity-bdd\serenity-rest-assured\3.3.2\serenity-rest-assured-3.3.2.jar;C:\Users\Ritesh Ranjan Mishra\.m2\repository\org\apache\httpcomponents\httpclient\4.5.13\httpclient-4.5.13.jar;C:\Users\Ritesh Ranjan Mishra\.m2\repository\org\apache\httpcomponents\httpcore\4.4.13\httpcore-4.4.13.jar;C:\Users\Ritesh Ranjan Mishra\.m2\repository\commons-logging\commons-logging\1.2\commons-logging-1.2.jar;C:\Users\Ritesh Ranjan Mishra\.m2\repository\io\rest-assured\rest-assured\5.1.1\rest-assured-5.1.1.jar;C:\Users\Ritesh Ranjan Mishra\.m2\repository\org\apache\httpcomponents\httpmime\4.5.13\httpmime-4.5.13.jar;C:\Users\Ritesh Ranjan Mishra\.m2\repository\org\ccil\cowan\tagsoup\tagsoup\1.2.1\tagsoup-1.2.1.jar;C:\Users\Ritesh Ranjan Mishra\.m2\repository\io\rest-assured\json-path\5.1.1\json-path-5.1.1.jar;C:\Users\Ritesh Ranjan Mishra\.m2\repository\io\rest-assured\rest-assured-common\5.1.1\rest-assured-common-5.1.1.jar;C:\Users\Ritesh Ranjan Mishra\.m2\repository\io\rest-assured\xml-path\5.1.1\xml-path-5.1.1.jar;C:\Users\Ritesh Ranjan Mishra\.m2\repository\org\apache\groovy\groovy-json\4.0.1\groovy-json-4.0.1.jar;C:\Users\Ritesh Ranjan Mishra\.m2\repository\org\apache\groovy\groovy-xml\4.0.1\groovy-xml-4.0.1.jar;C:\Users\Ritesh Ranjan Mishra\.m2\repository\org\opentest4j\opentest4j\1.2.0\opentest4j-1.2.0.jar;C:\Users\Ritesh Ranjan Mishra\.m2\repository\org\junit\platform\junit-platform-launcher\1.9.0\junit-platform-launcher-1.9.0.jar;C:\Users\Ritesh Ranjan Mishra\.m2\repository\org\junit\platform\junit-platform-engine\1.9.0\junit-platform-engine-1.9.0.jar;C:\Users\Ritesh Ranjan Mishra\.m2\repository\org\junit\platform\junit-platform-commons\1.9.0\junit-platform-commons-1.9.0.jar;C:\Users\Ritesh Ranjan Mishra\.m2\repository\org\apiguardian\apiguardian-api\1.1.2\apiguardian-api-1.1.2.jar;C:\Users\Ritesh Ranjan Mishra\.m2\repository\com\fasterxml\jackson\core\jackson-databind\2.13.4\jackson-databind-2.13.4.jar;C:\Users\Ritesh Ranjan Mishra\.m2\repository\com\fasterxml\jackson\core\jackson-annotations\2.13.4\jackson-annotations-2.13.4.jar;C:\Users\Ritesh Ranjan Mishra\.m2\repository\com\fasterxml\jackson\datatype\jackson-datatype-jdk8\2.13.4\jackson-datatype-jdk8-2.13.4.jar;C:\Users\Ritesh Ranjan Mishra\.m2\repository\org\junit\jupiter\junit-jupiter-engine\5.9.0\junit-jupiter-engine-5.9.0.jar;C:\Users\Ritesh Ranjan Mishra\.m2\repository\org\junit\jupiter\junit-jupiter-api\5.9.0\junit-jupiter-api-5.9.0.jar;C:\Users\Ritesh Ranjan Mishra\.m2\repository\org\junit\vintage\junit-vintage-engine\5.9.0\junit-vintage-engine-5.9.0.jar;C:\Users\Ritesh Ranjan Mishra\.m2\repository\junit\junit\4.13.2\junit-4.13.2.jar;C:\Users\Ritesh Ranjan Mishra\.m2\repository\org\hamcrest\hamcrest-core\1.3\hamcrest-core-1.3.jar;C:\Users\Ritesh Ranjan Mishra\.m2\repository\ch\qos\logback\logback-classic\1.2.11\logback-classic-1.2.11.jar;C:\Users\Ritesh Ranjan Mishra\.m2\repository\ch\qos\logback\logback-core\1.2.11\logback-core-1.2.11.jar;C:\Users\Ritesh Ranjan Mishra\.m2\repository\org\slf4j\slf4j-api\1.7.32\slf4j-api-1.7.32.jar;C:\Users\Ritesh Ranjan Mishra\.m2\repository\org\assertj\assertj-core\3.23.1\assertj-core-3.23.1.jar;C:\Users\Ritesh Ranjan Mishra\.m2\repository\net\bytebuddy\byte-buddy\1.12.10\byte-buddy-1.12.10.jar;C:\Users\Ritesh Ranjan Mishra\.m2\repository\org\apache\poi\poi\5.2.2\poi-5.2.2.jar;C:\Users\Ritesh Ranjan Mishra\.m2\repository\org\apache\commons\commons-collections4\4.4\commons-collections4-4.4.jar;C:\Users\Ritesh Ranjan Mishra\.m2\repository\org\apache\commons\commons-math3\3.6.1\commons-math3-3.6.1.jar;C:\Users\Ritesh Ranjan Mishra\.m2\repository\com\zaxxer\SparseBitSet\1.2\SparseBitSet-1.2.jar;C:\Users\Ritesh Ranjan Mishra\.m2\repository\org\apache\logging\log4j\log4j-api\2.17.2\log4j-api-2.17.2.jar;C:\Users\Ritesh Ranjan Mishra\.m2\repository\org\apache\poi\poi-ooxml\5.2.2\poi-ooxml-5.2.2.jar;C:\Users\Ritesh Ranjan Mishra\.m2\repository\org\apache\poi\poi-ooxml-lite\5.2.2\poi-ooxml-lite-5.2.2.jar;C:\Users\Ritesh Ranjan Mishra\.m2\repository\org\apache\commons\commons-compress\1.21\commons-compress-1.21.jar;C:\Users\Ritesh Ranjan Mishra\.m2\repository\com\github\virtuald\curvesapi\1.07\curvesapi-1.07.jar;C:\Users\Ritesh Ranjan Mishra\.m2\repository\org\apache\poi\poi-ooxml-schemas\4.1.2\poi-ooxml-schemas-4.1.2.jar;C:\Users\Ritesh Ranjan Mishra\.m2\repository\org\apache\xmlbeans\xmlbeans\5.1.1\xmlbeans-5.1.1.jar;C:\Users\Ritesh Ranjan Mishra\.m2\repository\mysql\mysql-connector-java\8.0.30\mysql-connector-java-8.0.30.jar;C:\Users\Ritesh Ranjan Mishra\.m2\repository\com\google\protobuf\protobuf-java\3.19.4\protobuf-java-3.19.4.jar;C:\Users\Ritesh Ranjan Mishra\.m2\repository\org\apache\maven\surefire\surefire-junit-platform\3.0.0-M5\surefire-junit-platform-3.0.0-M5.jar;C:\Users\Ritesh Ranjan Mishra\.m2\repository\org\apache\maven\surefire\common-java5\3.0.0-M5\common-java5-3.0.0-M5.jar"/>
    <property name="user.script" value=""/>
    <property name="sun.management.compiler" value="HotSpot 64-Bit Tiered Compilers"/>
    <property name="java.runtime.version" value="11.0.13+10-LTS-370"/>
    <property name="user.name" value="Ritesh Ranjan Mishra"/>
    <property name="path.separator" value=";"/>
    <property name="os.version" value="10.0"/>
    <property name="java.runtime.name" value="Java(TM) SE Runtime Environment"/>
    <property name="file.encoding" value="Cp1252"/>
    <property name="webdriver.base.url" value=""/>
    <property name="java.vm.name" value="Java HotSpot(TM) 64-Bit Server VM"/>
    <property name="java.vendor.version" value="18.9"/>
    <property name="localRepository" value="C:\Users\Ritesh Ranjan Mishra\.m2\repository"/>
    <property name="java.vendor.url.bug" value="https://bugreport.java.com/bugreport/"/>
    <property name="java.io.tmpdir" value="C:\Users\RITESH~1\AppData\Local\Temp\"/>
    <property name="java.version" value="11.0.13"/>
    <property name="user.dir" value="D:\API Testing\JiraAPI"/>
    <property name="os.arch" value="amd64"/>
    <property name="java.vm.specification.name" value="Java Virtual Machine Specification"/>
    <property name="java.awt.printerjob" value="sun.awt.windows.WPrinterJob"/>
    <property name="sun.os.patch.level" value=""/>
    <property name="java.library.path" value="C:\Program Files\Java\jdk-11.0.13\bin;C:\Windows\Sun\Java\bin;C:\Windows\system32;C:\Windows;C:\Program Files\Common Files\Oracle\Java\javapath;C:\Windows\system32;C:\Windows;C:\Windows\System32\Wbem;C:\Windows\System32\WindowsPowerShell\v1.0\;C:\Windows\System32\OpenSSH\;C:\Program Files\nodejs\;C:\Program Files\Java\jdk-11.0.13\bin;C:\Program Files\apache-maven-3.8.4-bin\apache-maven-3.8.4\bin;D:\Tool\gradle-7.4.1\bin;C:\Program Files\Git\cmd;C:\Program Files\MySQL\MySQL Shell 8.0\bin\;C:\Users\Ritesh Ranjan Mishra\AppData\Local\Programs\Python\Python310\Scripts\;C:\Users\Ritesh Ranjan Mishra\AppData\Local\Programs\Python\Python310\;C:\Users\Ritesh Ranjan Mishra\AppData\Local\Microsoft\WindowsApps;C:\Users\Ritesh Ranjan Mishra\AppData\Roaming\npm;C:\Users\Ritesh Ranjan Mishra\AppData\Local\Programs\Microsoft VS Code\bin;C:\Program Files\JetBrains\PyCharm Community Edition 2021.3.2\bin;;."/>
    <property name="junit.jupiter.extensions.autodetection.enabled" value="true"/>
    <property name="java.vendor" value="Oracle Corporation"/>
    <property name="java.vm.info" value="mixed mode"/>
    <property name="java.vm.version" value="11.0.13+10-LTS-370"/>
    <property name="sun.io.unicode.encoding" value="UnicodeLittle"/>
    <property name="java.class.version" value="55.0"/>
  </properties>
  <testcase name="addComment" classname="Tests.AddCommentTest" time="6.048">
    <system-out><![CDATA[17:02:57.946 [main] DEBUG net.thucydides.core.guice.Injectors - Created injector for module net.thucydides.core.guice.webdriver.WebDriverModule
17:02:58.043 [main] DEBUG net.thucydides.core.guice.Injectors - Created injector for module net.thucydides.core.guice.ThucydidesModule
17:02:58.434 [main] INFO  - 

-------------------------------------------------------------------------------------
     _______. _______ .______       _______ .__   __.  __  .___________.____    ____ 
    /       ||   ____||   _  \     |   ____||  \ |  | |  | |           |\   \  /   / 
   |   (----`|  |__   |  |_)  |    |  |__   |   \|  | |  | `---|  |----` \   \/   /  
    \   \    |   __|  |      /     |   __|  |  . `  | |  |     |  |       \_    _/   
.----)   |   |  |____ |  |\  \----.|  |____ |  |\   | |  |     |  |         |  |     
|_______/    |_______|| _| `._____||_______||__| \__| |__|     |__|         |__|    
                                                                                     
 News and tutorials at http://www.serenity-bdd.info                                  
 Documentation at https://wakaleo.gitbooks.io/the-serenity-book/content/             
 Join the Serenity Community on Gitter: https://gitter.im/serenity-bdd/serenity-core 
 Serenity BDD Support and Training at http://serenity-bdd.info/#/trainingandsupport  
-------------------------------------------------------------------------------------

17:02:58.481 [main] DEBUG net.thucydides.core.steps.StepEventBus - Test suite started for class Tests.AddCommentTest
17:02:58.497 [main] INFO  - Test Suite Started: Add comment test
17:02:58.505 [main] INFO  - 
  _____   ___   ___   _____     ___   _____     _     ___   _____   ___   ___  
 |_   _| | __| / __| |_   _|   / __| |_   _|   /_\   | _ \ |_   _| | __| |   \ 
   | |   | _|  \__ \   | |     \__ \   | |    / _ \  |   /   | |   | _|  | |) |
   |_|   |___| |___/   |_|     |___/   |_|   /_/ \_\ |_|_\   |_|   |___| |___/ 

addComment
--------------------------------------------------------------------------------
17:03:00.840 [main] DEBUG net.thucydides.core.steps.StepInterceptor - STARTING STEP: AddCommentTest.addComment - addComment
17:03:01.532 [main] DEBUG org.apache.http.impl.conn.BasicClientConnectionManager - Get connection for route {s}->https://ritesh21.atlassian.net:443
17:03:01.675 [main] DEBUG org.apache.http.impl.conn.DefaultClientConnectionOperator - Connecting to ritesh21.atlassian.net:443
17:03:02.137 [main] DEBUG org.apache.http.client.protocol.RequestAddCookies - CookieSpec selected: ignoreCookies
17:03:02.145 [main] DEBUG org.apache.http.client.protocol.RequestAuthCache - Auth cache not set in the context
17:03:02.145 [main] DEBUG org.apache.http.client.protocol.RequestProxyAuthentication - Proxy auth state: UNCHALLENGED
17:03:02.145 [main] DEBUG org.apache.http.impl.client.DefaultHttpClient - Attempt 1 to execute request
17:03:02.145 [main] DEBUG org.apache.http.impl.conn.DefaultClientConnection - Sending request: POST /%2F%2Frest/api/2/issue/10022/comment HTTP/1.1
17:03:02.145 [main] DEBUG org.apache.http.wire -  >> "POST /%2F%2Frest/api/2/issue/10022/comment HTTP/1.1[\r][\n]"
17:03:02.145 [main] DEBUG org.apache.http.wire -  >> "Authorization: Basic cml0ZXNocmFuamFubWlzaHJhOTM4QGdtYWlsLmNvbTpmbk5xY2JFZTRUWGY4bnJtOUltRDkwNzg=[\r][\n]"
17:03:02.145 [main] DEBUG org.apache.http.wire -  >> "Accept: */*[\r][\n]"
17:03:02.145 [main] DEBUG org.apache.http.wire -  >> "Content-Type: application/json[\r][\n]"
17:03:02.145 [main] DEBUG org.apache.http.wire -  >> "Content-Length: 34[\r][\n]"
17:03:02.145 [main] DEBUG org.apache.http.wire -  >> "Host: ritesh21.atlassian.net[\r][\n]"
17:03:02.145 [main] DEBUG org.apache.http.wire -  >> "Connection: Keep-Alive[\r][\n]"
17:03:02.145 [main] DEBUG org.apache.http.wire -  >> "User-Agent: Apache-HttpClient/4.5.13 (Java/11.0.13)[\r][\n]"
17:03:02.145 [main] DEBUG org.apache.http.wire -  >> "Accept-Encoding: gzip,deflate[\r][\n]"
17:03:02.145 [main] DEBUG org.apache.http.wire -  >> "[\r][\n]"
17:03:02.145 [main] DEBUG org.apache.http.headers - >> POST /%2F%2Frest/api/2/issue/10022/comment HTTP/1.1
17:03:02.145 [main] DEBUG org.apache.http.headers - >> Authorization: Basic cml0ZXNocmFuamFubWlzaHJhOTM4QGdtYWlsLmNvbTpmbk5xY2JFZTRUWGY4bnJtOUltRDkwNzg=
17:03:02.145 [main] DEBUG org.apache.http.headers - >> Accept: */*
17:03:02.145 [main] DEBUG org.apache.http.headers - >> Content-Type: application/json
17:03:02.145 [main] DEBUG org.apache.http.headers - >> Content-Length: 34
17:03:02.145 [main] DEBUG org.apache.http.headers - >> Host: ritesh21.atlassian.net
17:03:02.145 [main] DEBUG org.apache.http.headers - >> Connection: Keep-Alive
17:03:02.145 [main] DEBUG org.apache.http.headers - >> User-Agent: Apache-HttpClient/4.5.13 (Java/11.0.13)
17:03:02.145 [main] DEBUG org.apache.http.headers - >> Accept-Encoding: gzip,deflate
17:03:02.145 [main] DEBUG org.apache.http.wire -  >> "{"body":"Add comment test ritesh"}"
17:03:03.006 [main] DEBUG org.apache.http.wire -  << "HTTP/1.1 201 Created[\r][\n]"
17:03:03.006 [main] DEBUG org.apache.http.wire -  << "Date: Wed, 26 Oct 2022 11:33:02 GMT[\r][\n]"
17:03:03.006 [main] DEBUG org.apache.http.wire -  << "Content-Type: application/json;charset=UTF-8[\r][\n]"
17:03:03.006 [main] DEBUG org.apache.http.wire -  << "Server: AtlassianEdge[\r][\n]"
17:03:03.006 [main] DEBUG org.apache.http.wire -  << "Timing-Allow-Origin: *[\r][\n]"
17:03:03.006 [main] DEBUG org.apache.http.wire -  << "X-Arequestid: 8f4ca6961acc3766733a174ac22c3458[\r][\n]"
17:03:03.006 [main] DEBUG org.apache.http.wire -  << "Set-Cookie: atlassian.xsrf.token=515d8807-db6a-4ba6-8626-62fa151662ad_30699c9c04aaffdaded201e598c9b3065a9f34ee_lin; path=/; SameSite=None; Secure[\r][\n]"
17:03:03.006 [main] DEBUG org.apache.http.wire -  << "X-Aaccountid: 5fab8a6ab45b2e0074a9616e[\r][\n]"
17:03:03.006 [main] DEBUG org.apache.http.wire -  << "Location: https://ritesh21.atlassian.net/rest/api/2/issue/10022/comment/10065[\r][\n]"
17:03:03.006 [main] DEBUG org.apache.http.wire -  << "Cache-Control: no-cache, no-store, no-transform[\r][\n]"
17:03:03.006 [main] DEBUG org.apache.http.wire -  << "Vary: Accept-Encoding[\r][\n]"
17:03:03.006 [main] DEBUG org.apache.http.wire -  << "Expect-Ct: report-uri="https://web-security-reports.services.atlassian.com/expect-ct-report/atlassian-proxy", max-age=86400[\r][\n]"
17:03:03.006 [main] DEBUG org.apache.http.wire -  << "Strict-Transport-Security: max-age=63072000; preload[\r][\n]"
17:03:03.006 [main] DEBUG org.apache.http.wire -  << "X-Content-Type-Options: nosniff[\r][\n]"
17:03:03.006 [main] DEBUG org.apache.http.wire -  << "X-Xss-Protection: 1; mode=block[\r][\n]"
17:03:03.006 [main] DEBUG org.apache.http.wire -  << "Atl-Traceid: 515f369ef81a1796[\r][\n]"
17:03:03.006 [main] DEBUG org.apache.http.wire -  << "Report-To: {"endpoints": [{"url": "https://dz8aopenkvv6s.cloudfront.net"}], "group": "endpoint-1", "include_subdomains": true, "max_age": 600}[\r][\n]"
17:03:03.006 [main] DEBUG org.apache.http.wire -  << "Nel: {"failure_fraction": 0.001, "include_subdomains": true, "max_age": 600, "report_to": "endpoint-1"}[\r][\n]"
17:03:03.006 [main] DEBUG org.apache.http.wire -  << "Transfer-Encoding: chunked[\r][\n]"
17:03:03.006 [main] DEBUG org.apache.http.wire -  << "[\r][\n]"
17:03:03.006 [main] DEBUG org.apache.http.impl.conn.DefaultClientConnection - Receiving response: HTTP/1.1 201 Created
17:03:03.006 [main] DEBUG org.apache.http.headers - << HTTP/1.1 201 Created
17:03:03.006 [main] DEBUG org.apache.http.headers - << Date: Wed, 26 Oct 2022 11:33:02 GMT
17:03:03.006 [main] DEBUG org.apache.http.headers - << Content-Type: application/json;charset=UTF-8
17:03:03.006 [main] DEBUG org.apache.http.headers - << Server: AtlassianEdge
17:03:03.006 [main] DEBUG org.apache.http.headers - << Timing-Allow-Origin: *
17:03:03.006 [main] DEBUG org.apache.http.headers - << X-Arequestid: 8f4ca6961acc3766733a174ac22c3458
17:03:03.006 [main] DEBUG org.apache.http.headers - << Set-Cookie: atlassian.xsrf.token=515d8807-db6a-4ba6-8626-62fa151662ad_30699c9c04aaffdaded201e598c9b3065a9f34ee_lin; path=/; SameSite=None; Secure
17:03:03.006 [main] DEBUG org.apache.http.headers - << X-Aaccountid: 5fab8a6ab45b2e0074a9616e
17:03:03.006 [main] DEBUG org.apache.http.headers - << Location: https://ritesh21.atlassian.net/rest/api/2/issue/10022/comment/10065
17:03:03.014 [main] DEBUG org.apache.http.headers - << Cache-Control: no-cache, no-store, no-transform
17:03:03.014 [main] DEBUG org.apache.http.headers - << Vary: Accept-Encoding
17:03:03.014 [main] DEBUG org.apache.http.headers - << Expect-Ct: report-uri="https://web-security-reports.services.atlassian.com/expect-ct-report/atlassian-proxy", max-age=86400
17:03:03.014 [main] DEBUG org.apache.http.headers - << Strict-Transport-Security: max-age=63072000; preload
17:03:03.014 [main] DEBUG org.apache.http.headers - << X-Content-Type-Options: nosniff
17:03:03.014 [main] DEBUG org.apache.http.headers - << X-Xss-Protection: 1; mode=block
17:03:03.014 [main] DEBUG org.apache.http.headers - << Atl-Traceid: 515f369ef81a1796
17:03:03.014 [main] DEBUG org.apache.http.headers - << Report-To: {"endpoints": [{"url": "https://dz8aopenkvv6s.cloudfront.net"}], "group": "endpoint-1", "include_subdomains": true, "max_age": 600}
17:03:03.014 [main] DEBUG org.apache.http.headers - << Nel: {"failure_fraction": 0.001, "include_subdomains": true, "max_age": 600, "report_to": "endpoint-1"}
17:03:03.014 [main] DEBUG org.apache.http.headers - << Transfer-Encoding: chunked
17:03:03.014 [main] DEBUG org.apache.http.impl.client.DefaultHttpClient - Connection can be kept alive indefinitely
17:03:03.014 [main] DEBUG io.restassured.internal.RestAssuredHttpBuilder - Parsing response as: application/json;charset=UTF-8
17:03:03.014 [main] DEBUG io.restassured.internal.RestAssuredHttpBuilder - Parsed data to instance of: class org.apache.http.conn.EofSensorInputStream
17:03:03.038 [main] DEBUG org.apache.http.wire -  << "8df[\r][\n]"
17:03:03.038 [main] DEBUG org.apache.http.wire -  << "{"self":"https://ritesh21.atlassian.net/rest/api/2/issue/10022/comment/10065","id":"10065","author":{"self":"https://ritesh21.atlassian.net/rest/api/2/user?accountId=5fab8a6ab45b2e0074a9616e","accountId":"5fab8a6ab45b2e0074a9616e","emailAddress":"riteshranjanmishra938@gmail.com","avatarUrls":{"48x48":"https://secure.gravatar.com/avatar/226b300e117f7ee299acda806b338ddf?d=https%3A%2F%2Favatar-management--avatars.us-west-2.prod.public.atl-paas.net%2Finitials%2FRM-2.png","24x24":"https://secure.gravatar.com/avatar/226b300e117f7ee299acda806b338ddf?d=https%3A%2F%2Favatar-management--avatars.us-west-2.prod.public.atl-paas.net%2Finitials%2FRM-2.png","16x16":"https://secure.gravatar.com/avatar/226b300e117f7ee299acda806b338ddf?d=https%3A%2F%2Favatar-management--avatars.us-west-2.prod.public.atl-paas.net%2Finitials%2FRM-2.png","32x32":"https://secure.gravatar.com/avatar/226b300e117f7ee299acda806b338ddf?d=https%3A%2F%2Favatar-management--avatars.us-west-2.prod.public.atl-paas.net%2Finitials%2FRM-2.png"},"displayName":"RITESH RANJAN MISHRA","active":true,"timeZone":"Asia/Calcutta","accountType":"atlassian"},"body":"Add comment test ritesh","updateAuthor":{"self":"https://ritesh21.atlassian.net/rest/api/2/user?accountId=5fab8a6ab45b2e0074a9616e","accountId":"5fab8a6ab45b2e0074a9616e","emailAddress":"riteshranjanmishra938@gmail.com","avatarUrls":{"48x48":"https://secure.gravatar.com/avatar/226b300e117f7ee299acda806b338ddf?d=https%3A%2F%2Favatar-management--avatars.us-west-2.prod.public.atl-paas.net%2Finitials%2FRM-2.png","24x24":"https://secure.gravatar.com/avatar/226b300e117f7ee299acda806b338ddf?d=https%3A%2F%2Favatar-management--avatars.us-west-2.prod.public.atl-paas.net%2Finitials%2FRM-2.png","16x16":"https://secure.gravatar.com/avatar/226b300e117f7ee299acda806b338ddf?d=https%3A%2F%2Favatar-management--avatars.us-west-2.prod.public.atl-paas.net%2Finitials%2FRM-2.png","32x32":"https://secure.gravatar.com/avatar/226b300e117f7ee299acda806b338ddf?d=https%3A%2F%2Favatar-management--avatars.us-west-2.prod.public.atl-paas.net%2Finitials%2FRM-2.png"},"displayName":"RITESH RANJAN MISHRA","active":true,"timeZone":"Asia/Calcutta","accountType":"atlassian"},"created":"2022-10-26T17:03:02.162+0530","updated":"2022-10-26T17:03:02.162+0530","jsdPublic":true}"
17:03:03.038 [main] DEBUG org.apache.http.wire -  << "[\r][\n]"
17:03:03.038 [main] DEBUG org.apache.http.wire -  << "0[\r][\n]"
17:03:03.038 [main] DEBUG org.apache.http.wire -  << "[\r][\n]"
17:03:03.038 [main] DEBUG org.apache.http.impl.conn.BasicClientConnectionManager - Releasing connection org.apache.http.impl.conn.ManagedClientConnectionImpl@7f8f5d37
17:03:03.038 [main] DEBUG org.apache.http.impl.conn.BasicClientConnectionManager - Connection can be kept alive indefinitely
17:03:03.070 [main] DEBUG net.thucydides.core.steps.StepInterceptor - STEP DONE: addComment
17:03:03.548 [main] DEBUG net.thucydides.core.steps.StepInterceptor - STARTING STEP: AddCommentTest.addComment - getIssueDetails
17:03:03.572 [main] DEBUG org.apache.http.impl.conn.BasicClientConnectionManager - Get connection for route {s}->https://ritesh21.atlassian.net:443
17:03:03.581 [main] DEBUG org.apache.http.impl.conn.DefaultClientConnectionOperator - Connecting to ritesh21.atlassian.net:443
17:03:03.946 [main] DEBUG org.apache.http.client.protocol.RequestAddCookies - CookieSpec selected: ignoreCookies
17:03:03.946 [main] DEBUG org.apache.http.client.protocol.RequestAuthCache - Auth cache not set in the context
17:03:03.946 [main] DEBUG org.apache.http.client.protocol.RequestProxyAuthentication - Proxy auth state: UNCHALLENGED
17:03:03.946 [main] DEBUG org.apache.http.impl.client.DefaultHttpClient - Attempt 1 to execute request
17:03:03.946 [main] DEBUG org.apache.http.impl.conn.DefaultClientConnection - Sending request: GET /%2F%2Frest/api/2/issue/10022 HTTP/1.1
17:03:03.946 [main] DEBUG org.apache.http.wire -  >> "GET /%2F%2Frest/api/2/issue/10022 HTTP/1.1[\r][\n]"
17:03:03.946 [main] DEBUG org.apache.http.wire -  >> "Authorization: Basic cml0ZXNocmFuamFubWlzaHJhOTM4QGdtYWlsLmNvbTpmbk5xY2JFZTRUWGY4bnJtOUltRDkwNzg=[\r][\n]"
17:03:03.946 [main] DEBUG org.apache.http.wire -  >> "Accept: */*[\r][\n]"
17:03:03.946 [main] DEBUG org.apache.http.wire -  >> "Content-Type: application/json[\r][\n]"
17:03:03.946 [main] DEBUG org.apache.http.wire -  >> "Content-Length: 34[\r][\n]"
17:03:03.946 [main] DEBUG org.apache.http.wire -  >> "Host: ritesh21.atlassian.net[\r][\n]"
17:03:03.946 [main] DEBUG org.apache.http.wire -  >> "Connection: Keep-Alive[\r][\n]"
17:03:03.946 [main] DEBUG org.apache.http.wire -  >> "User-Agent: Apache-HttpClient/4.5.13 (Java/11.0.13)[\r][\n]"
17:03:03.946 [main] DEBUG org.apache.http.wire -  >> "Accept-Encoding: gzip,deflate[\r][\n]"
17:03:03.946 [main] DEBUG org.apache.http.wire -  >> "[\r][\n]"
17:03:03.946 [main] DEBUG org.apache.http.headers - >> GET /%2F%2Frest/api/2/issue/10022 HTTP/1.1
17:03:03.946 [main] DEBUG org.apache.http.headers - >> Authorization: Basic cml0ZXNocmFuamFubWlzaHJhOTM4QGdtYWlsLmNvbTpmbk5xY2JFZTRUWGY4bnJtOUltRDkwNzg=
17:03:03.946 [main] DEBUG org.apache.http.headers - >> Accept: */*
17:03:03.946 [main] DEBUG org.apache.http.headers - >> Content-Type: application/json
17:03:03.946 [main] DEBUG org.apache.http.headers - >> Content-Length: 34
17:03:03.946 [main] DEBUG org.apache.http.headers - >> Host: ritesh21.atlassian.net
17:03:03.946 [main] DEBUG org.apache.http.headers - >> Connection: Keep-Alive
17:03:03.946 [main] DEBUG org.apache.http.headers - >> User-Agent: Apache-HttpClient/4.5.13 (Java/11.0.13)
17:03:03.946 [main] DEBUG org.apache.http.headers - >> Accept-Encoding: gzip,deflate
17:03:03.946 [main] DEBUG org.apache.http.wire -  >> "{"body":"Add comment test ritesh"}"
17:03:04.440 [main] DEBUG org.apache.http.wire -  << "HTTP/1.1 200 OK[\r][\n]"
17:03:04.440 [main] DEBUG org.apache.http.wire -  << "Date: Wed, 26 Oct 2022 11:33:03 GMT[\r][\n]"
17:03:04.440 [main] DEBUG org.apache.http.wire -  << "Content-Type: application/json;charset=UTF-8[\r][\n]"
17:03:04.440 [main] DEBUG org.apache.http.wire -  << "Server: AtlassianEdge[\r][\n]"
17:03:04.440 [main] DEBUG org.apache.http.wire -  << "Timing-Allow-Origin: *[\r][\n]"
17:03:04.440 [main] DEBUG org.apache.http.wire -  << "X-Arequestid: 67346682f38a0a74693095bf80f39066[\r][\n]"
17:03:04.440 [main] DEBUG org.apache.http.wire -  << "Set-Cookie: atlassian.xsrf.token=515d8807-db6a-4ba6-8626-62fa151662ad_18c7bc004d7cda368d40129fdb8814d2f80090c3_lin; path=/; SameSite=None; Secure[\r][\n]"
17:03:04.440 [main] DEBUG org.apache.http.wire -  << "X-Aaccountid: 5fab8a6ab45b2e0074a9616e[\r][\n]"
17:03:04.440 [main] DEBUG org.apache.http.wire -  << "Cache-Control: no-cache, no-store, no-transform[\r][\n]"
17:03:04.440 [main] DEBUG org.apache.http.wire -  << "Vary: Accept-Encoding[\r][\n]"
17:03:04.440 [main] DEBUG org.apache.http.wire -  << "Content-Encoding: gzip[\r][\n]"
17:03:04.440 [main] DEBUG org.apache.http.wire -  << "Expect-Ct: report-uri="https://web-security-reports.services.atlassian.com/expect-ct-report/atlassian-proxy", max-age=86400[\r][\n]"
17:03:04.440 [main] DEBUG org.apache.http.wire -  << "Strict-Transport-Security: max-age=63072000; preload[\r][\n]"
17:03:04.440 [main] DEBUG org.apache.http.wire -  << "X-Content-Type-Options: nosniff[\r][\n]"
17:03:04.440 [main] DEBUG org.apache.http.wire -  << "X-Xss-Protection: 1; mode=block[\r][\n]"
17:03:04.440 [main] DEBUG org.apache.http.wire -  << "Atl-Traceid: 427f22e555ee6401[\r][\n]"
17:03:04.440 [main] DEBUG org.apache.http.wire -  << "Report-To: {"endpoints": [{"url": "https://dz8aopenkvv6s.cloudfront.net"}], "group": "endpoint-1", "include_subdomains": true, "max_age": 600}[\r][\n]"
17:03:04.440 [main] DEBUG org.apache.http.wire -  << "Nel: {"failure_fraction": 0.001, "include_subdomains": true, "max_age": 600, "report_to": "endpoint-1"}[\r][\n]"
17:03:04.440 [main] DEBUG org.apache.http.wire -  << "Transfer-Encoding: chunked[\r][\n]"
17:03:04.440 [main] DEBUG org.apache.http.wire -  << "[\r][\n]"
17:03:04.440 [main] DEBUG org.apache.http.impl.conn.DefaultClientConnection - Receiving response: HTTP/1.1 200 OK
17:03:04.440 [main] DEBUG org.apache.http.headers - << HTTP/1.1 200 OK
17:03:04.440 [main] DEBUG org.apache.http.headers - << Date: Wed, 26 Oct 2022 11:33:03 GMT
17:03:04.440 [main] DEBUG org.apache.http.headers - << Content-Type: application/json;charset=UTF-8
17:03:04.440 [main] DEBUG org.apache.http.headers - << Server: AtlassianEdge
17:03:04.440 [main] DEBUG org.apache.http.headers - << Timing-Allow-Origin: *
17:03:04.440 [main] DEBUG org.apache.http.headers - << X-Arequestid: 67346682f38a0a74693095bf80f39066
17:03:04.440 [main] DEBUG org.apache.http.headers - << Set-Cookie: atlassian.xsrf.token=515d8807-db6a-4ba6-8626-62fa151662ad_18c7bc004d7cda368d40129fdb8814d2f80090c3_lin; path=/; SameSite=None; Secure
17:03:04.440 [main] DEBUG org.apache.http.headers - << X-Aaccountid: 5fab8a6ab45b2e0074a9616e
17:03:04.440 [main] DEBUG org.apache.http.headers - << Cache-Control: no-cache, no-store, no-transform
17:03:04.440 [main] DEBUG org.apache.http.headers - << Vary: Accept-Encoding
17:03:04.440 [main] DEBUG org.apache.http.headers - << Content-Encoding: gzip
17:03:04.440 [main] DEBUG org.apache.http.headers - << Expect-Ct: report-uri="https://web-security-reports.services.atlassian.com/expect-ct-report/atlassian-proxy", max-age=86400
17:03:04.440 [main] DEBUG org.apache.http.headers - << Strict-Transport-Security: max-age=63072000; preload
17:03:04.440 [main] DEBUG org.apache.http.headers - << X-Content-Type-Options: nosniff
17:03:04.440 [main] DEBUG org.apache.http.headers - << X-Xss-Protection: 1; mode=block
17:03:04.440 [main] DEBUG org.apache.http.headers - << Atl-Traceid: 427f22e555ee6401
17:03:04.440 [main] DEBUG org.apache.http.headers - << Report-To: {"endpoints": [{"url": "https://dz8aopenkvv6s.cloudfront.net"}], "group": "endpoint-1", "include_subdomains": true, "max_age": 600}
17:03:04.440 [main] DEBUG org.apache.http.headers - << Nel: {"failure_fraction": 0.001, "include_subdomains": true, "max_age": 600, "report_to": "endpoint-1"}
17:03:04.440 [main] DEBUG org.apache.http.headers - << Transfer-Encoding: chunked
17:03:04.440 [main] DEBUG org.apache.http.impl.client.DefaultHttpClient - Connection can be kept alive indefinitely
17:03:04.440 [main] DEBUG io.restassured.internal.RestAssuredHttpBuilder - Parsing response as: application/json;charset=UTF-8
17:03:04.440 [main] DEBUG org.apache.http.wire -  << "6df[\r][\n]"
17:03:04.440 [main] DEBUG org.apache.http.wire -  << "[0x1f][0x8b][0x8][0x0][0x0][0x0][0x0][0x0][0x0][0x3][0xcc]V[o[0xe2]F[0x14][0xfe]+[0x96][0xa5]}*[0x6]_[0xc0][0xb1][0x91][0xa2][0x94][0xee]&[0xbb][0xa4][0x9][0x8d][0x8][0xbb]}[0xa8][0xaa]h[0xb0][0xf]f6[0xf6][0xd8];3[0xe][0xd0]4[0xff][0xbd][0xe7]x0i[0x89][0x88][0x9a]H[0x91]"![0xe4][0x99]s[0xbf]}g[0xee]mXWL[0xa4][0xf6][0xd0][0x96] R[0x90][0x90][0x9e]q[0xc8]S[0xd5][0x11][0xac][0x0][0xd5]Q[0xc9][0x12][\n]"
17:03:04.448 [main] DEBUG org.apache.http.wire -  << "[0xd6])+[0x90]L[0xf3]R[0xa8][0xe][0xa4]\[0x17][0xa0]Y'Y2[0x91]A^f[0x9d];[0x90][\n]"
17:03:04.448 [main] DEBUG org.apache.http.wire -  << "i[0x90]N[0xa1][0x92][0xa0]@[0xe8]-oR+][0x16][0xb]Rx[0xe3][0xb9][0xae][0xe7]v%[0xfc][0xa8]A[0xe9][0xd9][0xa6][0x82]+[0xc9][0x12][0xcd][0x13][0xb0];6'[0xfb][0xc8][0xe0][0xfb]xP[0x90]/[0xf0][0xb8][0xd4][0xba]R[0xc3]^Or[\r]j[0xe9]{][0xa6]s[0xa6][0x14]g[0xa2]+@[0xf7][0xd0][0x8e][0xee][0xb1][0x8a][0xf7][0xfc][0x1e]W[0xaa][0x86]^+~[0xb][0x1b][0x94]>[0x1f][0xcd][0x1c]?[0xc0]cc\[0xd9][0xc3]{[[0xa1]W[0xb5]J[0x98][0x86][0xac][0x94][0x1b][0xe3]}[0x8a]'[0xe4][0xf6]Q[0xd4]qc[0xc7][0xf3]g~0[0xf4][0x6][0xc3][0xbe][0xdf][\r][0xc3][0xfe]O[0xee] p[0xc9]=2[0xa0][0xd1][0xe5]F[0xcd][0xab][0xdc]#ir[0xd1][0x1d][0xfc]+[0xdc][0xe6][0x90][0x82]J$[0xaf](ax[0xfb]K[0x9d])Kcfn[0xad]J[0x96][0xf3][0x1c][\n]"
17:03:04.448 [main] DEBUG org.apache.http.wire -  << "e[0x95][0xd2][0x2])K[0xa9][0xba]$[0x9b][0x94][0xe2][0xab][0xcc]_[0xe4]A-8[0x95][0x88][0xe5]7[0xec][0x8e]i&{w[0x1c]V[0xbd][0xc6][0xa5]G[0xe7][0xb6]$[0xcf][\r][0xdc][0xe0]D[0xf1][0xbf][0xe0][0xb8][0xc0]R[0xd7][0x5][0xda][0xa4]V0[0xbe]Qy[0xea][0xb9]f[0xea][0xd6][0x1e].X[0xae][0xa0]c[0x1b][0xb9]1[0x86][0xd4][0x88]vl,?[0xd7][0x1b][0xba][0xb0][0x19]D[0x10]. v[0xfa]a[0x10][0xe0]_[0x1a]9Q[0xea]a[0x9e]c[0x16][0xf]b[0xd7][0x8f][0xd3][0x98][0xca][0xbf][0xe4][0xd8]]2Yn.[0xe0][0xe]04[0xf7][0xa1]ck[0x8e][0xed]W[0xa1].{([0xea]<[0xef][0xd8][0x98][0x8e][0xef][0x90][0xe8]W[0x95]`+[0xdb][0x14][0xa0])h[[0x0]:[0xec][0x1a][0xe6]1[0xd2]s.[0x99]5[0xba][0x1a][[0xb3][0xd3][0xeb][0xd9]x[0xf2][0xd9][0xde][0x99][0xa7][0xc6][0xfd][0xb5][0x11]P[0xe5]B[0xaf][0x98]$[0xff][0x15]/[0xaa][0x9c]c[0xa7][0xa1]Z-[0xeb]]R[0xb0]NM[0xe7][0xf5][0xa3]u?z[0x91][0xc3][0xcf]T[0xac][0x8d]eW[0xaf][0xbe]w[0x84]>[0xf8][0xfd][0xb5][0xdf]K[0x1b][0xa6]'T[0xc1][0xf2][0x1c][0xcd]y[0xe1][0xda][0xb][0xdf][0xde][0xdc][0xba][0xb5][0x17][0xf8][0xeb][0xc0]{{[0xdb][0x96]x [0xe0]X3[0xb8][0x86]5[0xfc][0xe3]O[0xac]i[0x96]I[0xc8][0x10]0[0x9e][0xb4]&Z-[0xf3][0xda]L[0xb0][0xb9][0xd9][0x3]>[0xff][0xe8][0x10]!:D[0x88][0x9f]*7`enW[0xa5][0xbc]m[0x10][0xd9][0x1e]:^[0xc7][0xc6][0x1c][0xe8]o[0x18][0x1f]u[0xa0]A3[0xcf]u[0xfc]p[0xe6][0x85]C/[0x1a][0xba]qw[0x10]F-[0x9a][0xad][0x98]FP7[0x90][0xf8][0xd2]A2Pk[0xc0][0xb5]g[0x14]I[0xd5][0xea][0xfc]X[0xd6][0x94][0x13][0x8f][0x0][0xf3]w[0xba][0xe0]"3[0x3][0xf1][0xb0][0xc5]P[0xd2]$yb2u[0xff][0xe4][0x8e]|BV[0xb5],[0xeb]<[0xfd][0xc4]U[0x95][0xb3][0xcd]NA"[0x1][0xe3][0xdf][0xc5][0xb7][0x87][0xd6][0xfd][0xc0]k[0xe3][0xdb][0xcf][0xa4]{([0xc5][0xde]![0x82][0xff][0x88]9[0xbc][0xc4][0xa4]l^[0x95][0xab]V[0xb8]Gk[0xe8][0xc3]6/X[0x6][0xaa]G[0xfc][0xaa]U[0xc1][0xf1][0xc2]tfW[0xdd][0x11][0x6]oa[0xea][0xb2][0x5][0xe8][0x6][0xcf][0x2][0x9b][0xb2][0xb4][0x17]Jp([0xc6][0xfe]![0xc2][0xe0][0x10]!l[0x9]9[0x9b][0x3][0x1][0x1b][\r][0xc5][0xfe][0x86][0xdf]1[0xed][0x13][0xe]M[0x80][0x17]Qr[0x97]L[0x9d]V<[0xb9][0xe0][0xe2][0xf6][0x8c]([0x9f][0xa0][0xa2][0xd7][0x88]H6[0xbb]=[0x83]][0xb1]jh[0xbb][0x1b]Q[0x8a]S|[0x8c]0[0xdc][0x92]S`[0xca][0xf4][0x94][0xdc]~[0xd9]W[0x17]_?[0x8f]'7[0x17][0xe3][0x8f][0xa7][0x93][0xeb][0xd3][0x9b][0xd3][0xe9][0xf4][0xb7])[0xa6][\n]"
17:03:04.448 [main] DEBUG org.apache.http.wire -  << "GWa[0x86][0x91]a[0xb6][0x4][0xeb][\n]"
17:03:04.448 [main] DEBUG org.apache.http.wire -  << "[0x1]\h[0x8b][0xec]Z[0x1c]7[0xad][0xc8]7[0x16][0xa2][0x2][0xcf]I[0xa9][0xa5]K[0xab][0xd9][0x4]W[0x12][\n]"
17:03:04.448 [main] DEBUG org.apache.http.wire -  << "L[0xb4]U+[0xa0]%L[0xe8][0xb0][0x1f][0x5][0x8e][0xab][0xed][0xfe][0xcd]i[0xa5][0x1c][\r]m[0xb3][0xbe][0xb0][0x15][0xb0][0x9a][0x8f]3[0xfb][0x1f][0x0][0xc1][0xba]f\[0xb0]|[0x9f]i[0xfb][0x96][0xda][0xa6][0xb7][0x99][0x90][0x1c][0xbd]k1[0x8][0x1b]%[0x13][0xf0][0xba][0x87][0x8][0xb9][0xc2][0x92][0x84][0xc6]t[0x9c][0x1e][0xf][0x16]l[0x1e][0xb1][0x90][0xcd][0xfb][0x83][0xb9][0xf][0xe8]w[0x9f][0xc5][0xa1][0x17][0xd2]B[0xdb]1[0xa1][0xfe]g[0xd8][0xf0]e[0xc8][0xf3]Q[0x9a][0xa2][\r][0xf4][0xcf]6[0x1e]H&[0xbe]3Qp[0xfa][0x8a][0x83][0xe8][0xe7][0x8c][0x98][0xba]II}[0xfa][0xfc]ZT[0x90][0xd4][0x12][0xba][0x99]4l$[0xd3]B[0xb4][0xef][0x87][0xf3][0xc0]u[0xc1][0xf3][0x8e][0x16]G[0x0]~[0x1c][0xb3]$e[0x91][0x8b][0xb7]A[0x94][0xa6][0x8b][0x93][0xf4][0xb8][0xd1][0xf2]![0x18]}[0xf0][0xcf][0xf0]g[0xe4][0x9c][0x82][0x9],v[0x81]5v[0x1c]s[0xa5][0xba][0xb5]rV[0x98][0x14][0xc7][0xef][0xe2][0x1e]H[0xbb]U=[0xcf]yBYs*[0xc6][0x14]%[\r][0xe5][0xb9][0xc0][0xb1][0xc3]6[0xc3][0xcf][0xe9]%[0xb1][\n]"
17:03:04.448 [main] DEBUG org.apache.http.wire -  << "[0x9a][0xbb][0xfd]%[0xfb][0xfe]=[0xde][0xdf][0xd3][0xef][0xdf][0xe3][0xfd]M[0xff][0xde]=F0H[0xcd][0xaa][0x9a][0x18]T[0x9e][0x8e][0xf1][0xd5][0xf8][0xc5][0x9a][0x8e]&[0xe7][0xa3][0x89]u9[0xbe][0xfe]2[0x1d]53[0xa5][0xf1]AB[0xeb][0xec][0x1f][0x0][0x0][0x0][0xff][0xff][0xec][0x99][0xcb]N[0xc3]0[0x10]E[0xc5]b[\r][0xc4][\r]R[0x91][0xba]CE|[0x1]+v&2[0x14])[0xf1]D[0xa9][0xcd]C[0xfd]yf[0xfc]jc[0xd5][0x8]R)e[0xe1]][0x9c]8[0xce][0xc8][0xf6][0xdc]{[0xc6]!@$[0x9]x[0xc2][0x92][0x9][0xfb][0xdf]a[0xae]Vk[0xd1]6Fk[0xb1]O>"M|[0x1a][0xb3][0x99]>dzb[0x80][0xd4][0xe3]oW[0xfc]f[0xc5][0xeb][0xeb][0xc5][0xb2][0xe][0x1e][0xe8]j[0x9d]I*[0xe1]^[0x8d][0xa8]<.O[0xfe][0xe2]d{[0x9f]z[0x4]v[0xf][0xc1][0xa6][0xc2][0xc0][0xee];k_[0x8e][0x9d][0x10]j[0xa8][0xe8]*[0xaa][0xfe][0xe8][0x13]u`z%?[0xf0]V[0x3]-[0xc]~m[0x9e][#[0xaf]p+}[0xa5][0xc1]YM[0x87][0xae][0xc7]%Q[0xda][0x8b][0xed]O2=[0x9e][0x96]5[0xb1][0x9][0xd2][0xe][0x83][0x17]&[0x14][0xb3][0xaa][0x8d]nAw[0x88]5)[0x88][0xb4][0x12][0xce][0xd9]a[0xce][0x97][0x17][0xd1][0x97]),[!Z[0xbc]"`J[0xba][0xf2][0x9c][0x85][0xf3][0xe8][0xce]6[0xa9],[0xd8][0x1c][0xef][0x98]sk[0x1e]yU[0xe0]fm6[0x94]CGA[0x80]G~[0x1d][0xb9]^:[0x8d][[0xd3]u[0x82]V[0xff][0xe2][0x1]g[0x10][0xf3][0x9c]\X[0x81]f[0xc4][0xb7]4}b[0xcb][0xe4]g/i[0xd3]_:[0x4][0x84]a[0xd2]^)[0xe6]w[0x9a][0xcc][0x15][0xf3][0x9b]#[0xe2]b~y[0xf3][0xf3][0x7]O^[0x9c][0x7][0xd9][0xc3][0xa0]e[0x11][0x83]s,{[0x11][0x83]9".b[0x90][0x17][0x83]H[0x15][0x18][0xe3][0xab][0xcb][0xba][0x1d][0x9d][0xd1][0xfa]k[0x8e][0xe3][0x82][0x16][0xfe],9e[0x93][0xdc][0xc1][0xf][0x8f][0x7]?[0xe9][0x83][0xdc]1[\n]"
17:03:04.448 [main] DEBUG org.apache.http.wire -  << "[0x8f][0xb8]&[0xd5][0xfb][0xdb][0x0][0xca][0x1][0x91]gD[0xe3][0xff]/[0xb8][0xe6][0xaf]"[0x85][0xce][0x8d][0xb0][0xb][0x97]$w[0x13][0x14][0xee][0xe0][0x9f]H[0xe5]G[0xa2][0xd6][0xf2][0xf0][0xf7][0x83]m[0x8][0xa3]7[0x5][0xa9][0xce][0x92]/EE[0xe7][0x88][0xf8][0xff][0xa9][0xe8]7[0x0][0x0][0x0][0xff][0xff][0xc2][0xef]bz[0x96][0xa2]I[0xf9])[0xa0][0xbe][0x17]0[0xcb])@[0xb][0x9][0x5]`[0x96]+Q[0x80][0xe4]<%[0xd8][0x80][0x83][0xe3]h[0x19]1P[0xa9][0x81][0xd6]e[0x4][0x0][0x0][0x0][0xff][0xff][0xa2][0x85][0x8b]G[0xcb][0x8]Z[0xbb][0x98][0x9e]e[0x4][0xda][0xbc][0x1b][0xee]1G[0xa2][0x7]'[0xb3][0x8a]S[0x2][0xc0]^[0x85][0xce][0xed][0x1][0x0][0x0][0x0][0xff][0xff][0x8a][0xa5]l[0xcd][0x7][0xac]}[0x3]497[0xb1]"([0xb5][0xb8]4[0x7][0xd4]j2[0x84]7[0xac][0xc][0xc1][0x83][0x8d]E%[0x8e]%[0x90]FVY~[0x9]5[0xa6]?![0xc6][0xc0][0x8d][0x3]6[0xe4]2[0x12][0x8b][0xc3][0xf2][0xc1]A[0x0][0x9e][0xa1][0xaa][0x85]L[0xd3][0xe6][0xe4][0x83][0x86][0xe9][0x90][0x9c][0x80][0xea]N#[0xa4][0x16] \[0x3][0xa8][0xd5][0x17][[[[0xb][0x0][0x0][0x0][0xff][0xff]"
17:03:04.448 [main] DEBUG org.apache.http.wire -  << "[\r][\n]"
17:03:04.448 [main] DEBUG org.apache.http.wire -  << "a[\r][\n]"
17:03:04.448 [main] DEBUG org.apache.http.wire -  << "[0x3][0x0]-[0x96]t[0x1b][0x9f]#[0x0][0x0]"
17:03:04.448 [main] DEBUG org.apache.http.wire -  << "[\r][\n]"
17:03:04.448 [main] DEBUG org.apache.http.wire -  << "0[\r][\n]"
17:03:04.448 [main] DEBUG org.apache.http.wire -  << "[\r][\n]"
17:03:04.448 [main] DEBUG io.restassured.internal.RestAssuredHttpBuilder - Parsed data to instance of: class org.apache.http.conn.EofSensorInputStream
17:03:04.448 [main] DEBUG org.apache.http.impl.conn.BasicClientConnectionManager - Releasing connection org.apache.http.impl.conn.ManagedClientConnectionImpl@443b6765
17:03:04.448 [main] DEBUG org.apache.http.impl.conn.BasicClientConnectionManager - Connection can be kept alive indefinitely
17:03:04.464 [main] DEBUG net.thucydides.core.steps.StepInterceptor - STEP DONE: getIssueDetails
]]></system-out>
    <system-err><![CDATA[ERROR StatusLogger Log4j2 could not find a logging implementation. Please add log4j-core to the classpath. Using SimpleLogger to log to the console...
]]></system-err>
  </testcase>
  <testcase name="updateComment" classname="Tests.AddCommentTest" time="1.973">
    <system-out><![CDATA[17:03:04.529 [main] INFO  - 
  _____   ___   ___   _____     ___     _     ___   ___   ___   ___  
 |_   _| | __| / __| |_   _|   | _ \   /_\   / __| / __| | __| |   \ 
   | |   | _|  \__ \   | |     |  _/  / _ \  \__ \ \__ \ | _|  | |) |
   |_|   |___| |___/   |_|     |_|   /_/ \_\ |___/ |___/ |___| |___/ 

Add comment
----------------------------------------------------------------------
17:03:04.558 [main] INFO  - 
  _____   ___   ___   _____     ___   _____     _     ___   _____   ___   ___  
 |_   _| | __| / __| |_   _|   / __| |_   _|   /_\   | _ \ |_   _| | __| |   \ 
   | |   | _|  \__ \   | |     \__ \   | |    / _ \  |   /   | |   | _|  | |) |
   |_|   |___| |___/   |_|     |___/   |_|   /_/ \_\ |_|_\   |_|   |___| |___/ 

updateComment
--------------------------------------------------------------------------------
17:03:04.599 [main] DEBUG net.thucydides.core.steps.StepInterceptor - STARTING STEP: AddCommentTest.updateComment - updateComment
17:03:04.615 [main] DEBUG org.apache.http.impl.conn.BasicClientConnectionManager - Get connection for route {s}->https://ritesh21.atlassian.net:443
17:03:04.623 [main] DEBUG org.apache.http.impl.conn.DefaultClientConnectionOperator - Connecting to ritesh21.atlassian.net:443
17:03:04.959 [main] DEBUG org.apache.http.client.protocol.RequestAddCookies - CookieSpec selected: ignoreCookies
17:03:04.959 [main] DEBUG org.apache.http.client.protocol.RequestAuthCache - Auth cache not set in the context
17:03:04.959 [main] DEBUG org.apache.http.client.protocol.RequestProxyAuthentication - Proxy auth state: UNCHALLENGED
17:03:04.959 [main] DEBUG org.apache.http.impl.client.DefaultHttpClient - Attempt 1 to execute request
17:03:04.959 [main] DEBUG org.apache.http.impl.conn.DefaultClientConnection - Sending request: PUT /%2F%2Frest/api/2/issue/10022/comment/10065 HTTP/1.1
17:03:04.959 [main] DEBUG org.apache.http.wire -  >> "PUT /%2F%2Frest/api/2/issue/10022/comment/10065 HTTP/1.1[\r][\n]"
17:03:04.959 [main] DEBUG org.apache.http.wire -  >> "Authorization: Basic cml0ZXNocmFuamFubWlzaHJhOTM4QGdtYWlsLmNvbTpmbk5xY2JFZTRUWGY4bnJtOUltRDkwNzg=[\r][\n]"
17:03:04.959 [main] DEBUG org.apache.http.wire -  >> "Accept: */*[\r][\n]"
17:03:04.959 [main] DEBUG org.apache.http.wire -  >> "Content-Type: application/json[\r][\n]"
17:03:04.959 [main] DEBUG org.apache.http.wire -  >> "Content-Length: 42[\r][\n]"
17:03:04.959 [main] DEBUG org.apache.http.wire -  >> "Host: ritesh21.atlassian.net[\r][\n]"
17:03:04.959 [main] DEBUG org.apache.http.wire -  >> "Connection: Keep-Alive[\r][\n]"
17:03:04.967 [main] DEBUG org.apache.http.wire -  >> "User-Agent: Apache-HttpClient/4.5.13 (Java/11.0.13)[\r][\n]"
17:03:04.967 [main] DEBUG org.apache.http.wire -  >> "Accept-Encoding: gzip,deflate[\r][\n]"
17:03:04.967 [main] DEBUG org.apache.http.wire -  >> "[\r][\n]"
17:03:04.967 [main] DEBUG org.apache.http.headers - >> PUT /%2F%2Frest/api/2/issue/10022/comment/10065 HTTP/1.1
17:03:04.967 [main] DEBUG org.apache.http.headers - >> Authorization: Basic cml0ZXNocmFuamFubWlzaHJhOTM4QGdtYWlsLmNvbTpmbk5xY2JFZTRUWGY4bnJtOUltRDkwNzg=
17:03:04.967 [main] DEBUG org.apache.http.headers - >> Accept: */*
17:03:04.967 [main] DEBUG org.apache.http.headers - >> Content-Type: application/json
17:03:04.967 [main] DEBUG org.apache.http.headers - >> Content-Length: 42
17:03:04.967 [main] DEBUG org.apache.http.headers - >> Host: ritesh21.atlassian.net
17:03:04.967 [main] DEBUG org.apache.http.headers - >> Connection: Keep-Alive
17:03:04.967 [main] DEBUG org.apache.http.headers - >> User-Agent: Apache-HttpClient/4.5.13 (Java/11.0.13)
17:03:04.967 [main] DEBUG org.apache.http.headers - >> Accept-Encoding: gzip,deflate
17:03:04.967 [main] DEBUG org.apache.http.wire -  >> "{"body":"Add comment test ritesh updated"}"
17:03:05.561 [main] DEBUG org.apache.http.wire -  << "HTTP/1.1 200 OK[\r][\n]"
17:03:05.561 [main] DEBUG org.apache.http.wire -  << "Date: Wed, 26 Oct 2022 11:33:04 GMT[\r][\n]"
17:03:05.561 [main] DEBUG org.apache.http.wire -  << "Content-Type: application/json;charset=UTF-8[\r][\n]"
17:03:05.561 [main] DEBUG org.apache.http.wire -  << "Server: AtlassianEdge[\r][\n]"
17:03:05.561 [main] DEBUG org.apache.http.wire -  << "Timing-Allow-Origin: *[\r][\n]"
17:03:05.561 [main] DEBUG org.apache.http.wire -  << "X-Arequestid: f31f4583869b983a76fe0bdeb504fb33[\r][\n]"
17:03:05.561 [main] DEBUG org.apache.http.wire -  << "Set-Cookie: atlassian.xsrf.token=515d8807-db6a-4ba6-8626-62fa151662ad_5d4f4ce0b5efcdbe5103a52f350fd06aca8493bb_lin; path=/; SameSite=None; Secure[\r][\n]"
17:03:05.561 [main] DEBUG org.apache.http.wire -  << "X-Aaccountid: 5fab8a6ab45b2e0074a9616e[\r][\n]"
17:03:05.561 [main] DEBUG org.apache.http.wire -  << "Location: https://ritesh21.atlassian.net/rest/api/2/issue/10022/comment/10065[\r][\n]"
17:03:05.561 [main] DEBUG org.apache.http.wire -  << "Cache-Control: no-cache, no-store, no-transform[\r][\n]"
17:03:05.561 [main] DEBUG org.apache.http.wire -  << "Vary: Accept-Encoding[\r][\n]"
17:03:05.561 [main] DEBUG org.apache.http.wire -  << "Content-Encoding: gzip[\r][\n]"
17:03:05.561 [main] DEBUG org.apache.http.wire -  << "Expect-Ct: report-uri="https://web-security-reports.services.atlassian.com/expect-ct-report/atlassian-proxy", max-age=86400[\r][\n]"
17:03:05.561 [main] DEBUG org.apache.http.wire -  << "Strict-Transport-Security: max-age=63072000; preload[\r][\n]"
17:03:05.561 [main] DEBUG org.apache.http.wire -  << "X-Content-Type-Options: nosniff[\r][\n]"
17:03:05.561 [main] DEBUG org.apache.http.wire -  << "X-Xss-Protection: 1; mode=block[\r][\n]"
17:03:05.561 [main] DEBUG org.apache.http.wire -  << "Atl-Traceid: f3f5710597dcfb82[\r][\n]"
17:03:05.561 [main] DEBUG org.apache.http.wire -  << "Report-To: {"endpoints": [{"url": "https://dz8aopenkvv6s.cloudfront.net"}], "group": "endpoint-1", "include_subdomains": true, "max_age": 600}[\r][\n]"
17:03:05.561 [main] DEBUG org.apache.http.wire -  << "Nel: {"failure_fraction": 0.001, "include_subdomains": true, "max_age": 600, "report_to": "endpoint-1"}[\r][\n]"
17:03:05.561 [main] DEBUG org.apache.http.wire -  << "Transfer-Encoding: chunked[\r][\n]"
17:03:05.561 [main] DEBUG org.apache.http.wire -  << "[\r][\n]"
17:03:05.561 [main] DEBUG org.apache.http.impl.conn.DefaultClientConnection - Receiving response: HTTP/1.1 200 OK
17:03:05.561 [main] DEBUG org.apache.http.headers - << HTTP/1.1 200 OK
17:03:05.561 [main] DEBUG org.apache.http.headers - << Date: Wed, 26 Oct 2022 11:33:04 GMT
17:03:05.561 [main] DEBUG org.apache.http.headers - << Content-Type: application/json;charset=UTF-8
17:03:05.561 [main] DEBUG org.apache.http.headers - << Server: AtlassianEdge
17:03:05.561 [main] DEBUG org.apache.http.headers - << Timing-Allow-Origin: *
17:03:05.561 [main] DEBUG org.apache.http.headers - << X-Arequestid: f31f4583869b983a76fe0bdeb504fb33
17:03:05.561 [main] DEBUG org.apache.http.headers - << Set-Cookie: atlassian.xsrf.token=515d8807-db6a-4ba6-8626-62fa151662ad_5d4f4ce0b5efcdbe5103a52f350fd06aca8493bb_lin; path=/; SameSite=None; Secure
17:03:05.561 [main] DEBUG org.apache.http.headers - << X-Aaccountid: 5fab8a6ab45b2e0074a9616e
17:03:05.561 [main] DEBUG org.apache.http.headers - << Location: https://ritesh21.atlassian.net/rest/api/2/issue/10022/comment/10065
17:03:05.561 [main] DEBUG org.apache.http.headers - << Cache-Control: no-cache, no-store, no-transform
17:03:05.561 [main] DEBUG org.apache.http.headers - << Vary: Accept-Encoding
17:03:05.561 [main] DEBUG org.apache.http.headers - << Content-Encoding: gzip
17:03:05.561 [main] DEBUG org.apache.http.headers - << Expect-Ct: report-uri="https://web-security-reports.services.atlassian.com/expect-ct-report/atlassian-proxy", max-age=86400
17:03:05.561 [main] DEBUG org.apache.http.headers - << Strict-Transport-Security: max-age=63072000; preload
17:03:05.561 [main] DEBUG org.apache.http.headers - << X-Content-Type-Options: nosniff
17:03:05.569 [main] DEBUG org.apache.http.headers - << X-Xss-Protection: 1; mode=block
17:03:05.569 [main] DEBUG org.apache.http.headers - << Atl-Traceid: f3f5710597dcfb82
17:03:05.569 [main] DEBUG org.apache.http.headers - << Report-To: {"endpoints": [{"url": "https://dz8aopenkvv6s.cloudfront.net"}], "group": "endpoint-1", "include_subdomains": true, "max_age": 600}
17:03:05.569 [main] DEBUG org.apache.http.headers - << Nel: {"failure_fraction": 0.001, "include_subdomains": true, "max_age": 600, "report_to": "endpoint-1"}
17:03:05.569 [main] DEBUG org.apache.http.headers - << Transfer-Encoding: chunked
17:03:05.569 [main] DEBUG org.apache.http.impl.client.DefaultHttpClient - Connection can be kept alive indefinitely
17:03:05.569 [main] DEBUG io.restassured.internal.RestAssuredHttpBuilder - Parsing response as: application/json;charset=UTF-8
17:03:05.569 [main] DEBUG org.apache.http.wire -  << "1e5[\r][\n]"
17:03:05.569 [main] DEBUG org.apache.http.wire -  << "[0x1f][0x8b][0x8][0x0][0x0][0x0][0x0][0x0][0x0][0x3][0xec]VMk[0xdb]@[0x10][0xfd]+B[0x90]S-[0xed]j%[0xaf]eAHEi[0x89][0xb]1[0xc5]q.[0xbd][0x8d][0xb4]c{[0x83][0xbe][0xd8][0x8f][0xd4]&[0xe4][0xbf]w[0xd7][0xaa][0xd3][0x1e][0xd2]B/-[0x6][0x83][0xe][0xa3][0xdd]73o[0x6][0xbd][0x87][0x9e]C[0x8d][0xcd]&,[0xc2][0x9d]1[0x83].[0x8]Q[0xd2][0xa0][0xde][0xb1]$[0x6][0xd3][0x80][0xd6][0x12][0xba][0xb8]CC[0x14]jC`[0x90][0x84][0x11][0xa9][0xb5]E[0x92]P[0xca][0x18][0xa9][0xfb][0xb6][0xc5][0xce][0xf8]7>[\r]'[0xa1][0x14][0xae][0xd4][0xe9][0x5][0xac][0xd9][0xf5]*,[0x9e][0xff][0xbe][0x87][0xd5][0xa8]n[0xa0][0xae]{[0xdb][0x99][0x85][0xb8][0x9e]n[0xa0][0xca][0x81]C[0x95]M+[0x86][0x94][0xce]2[0x98][0xf3][0x84][0xa3]or[0x2][0xb9][0xfa][0x80]a[0xb][0xb2])[0x85]p=[0xb4]C[0x8e][0xc][0x14]t[0x8f][0xd0][0xb5][0xd2]G[0xf3]4[0xbf][0xf5][0xa0][0xd8][0xcd][0xe4][0xeb]>[0x81][0x1][0xf5][0xa0][0x1a][0xed][0x7][0xc8][0xf2]}[0x96][0xff]2[0x81][0xc6][0xda]*[0x8c][0xb7]j[0x84][0xf9][0x1c]2[0x86][0x84]1^[0xa5][0x94]b[0x92][0xcc]63D6[0x9f]C- [0xa7][0xee]4[0xcd][0x85][0xd8][0xdc][0x88][0xeb]c[0x95][0xab][0xb4][0xbc]b[0x9f][0xdc]3[0xe6]E-t[0xb0]E[0xbf][0xcd]([0x1a][0x8f]tlu[0xf4][0xcd]-%b[0xf1][0xa0]z[0x11][0xf][0xb6]jd[0xed][0xb7][0x16][\r][0x0][0xda]/[0xcd][0xe5][0xcb]N[0x1a][0x9][0x8d]v[0xe1][0xea][0xce]C[0xbb][0xad][0xe3][0xcf][0xb2]=[0xcb][0xce][0x8a]q[0xc2][0xf7][0x9]?+[0xc6])[0xdb][0xa7][0xec][0x8c][0x18][0xbf]LB![0xf5][0xd0][0xc0]a[0x9]-:[0xe2][0xab][0xc5][0xfa][0xe3][0xfd]m[0xb0]*[0x97][0x9f][0xcb]ep[0xb7][0xb8][0xbf]][0x95]GM[0x19][0xf9][0xe4][0xee][0x8d][0xb2]8[0x9][0x8d]l[0xf1]k[0xdf]y|[0xe9][0xb4]J>@S[c[0xe0][0xa7][0xf8][0xd6][0x87][0xc1][0xdf][0xbe][0xaa][0xd9]7[0xaa]zq[0xf0][0x19]B[0x4]?L"p[0x92]3[0xc1][0xa8][0xbc][0xc0][0xe][0x2][0xc][\n]"
17:03:05.569 [main] DEBUG org.apache.http.wire -  << "Wc[0x8c][0xca][0x8b]W[0xfc][0xaf][0xaf][0xe2][0xe2][0x15][0xff][0x82][0xf1][0xc5]+~[0xef][0x15][0xb5][0xc2][0xa3][0x19][0x14]!s?[0x15]QB#[0xc6][0xd7][0xc9][0xac][0xa0]iAY[0x9c]p[0xf6][0x8e]NS[0xfa][0xea][0x15]o[0x3][0xb3]x[0xc6][0xf3][0x13][0xf0]Q[0x8b]/[0xc7]QGb/[0xdf][0x1][0x0][0x0][0xff][0xff]"
17:03:05.569 [main] DEBUG org.apache.http.wire -  << "[\r][\n]"
17:03:05.569 [main] DEBUG org.apache.http.wire -  << "a[\r][\n]"
17:03:05.569 [main] DEBUG org.apache.http.wire -  << "[0x3][0x0]u[0x8e]hR[0xe7][0x8][0x0][0x0]"
17:03:05.569 [main] DEBUG org.apache.http.wire -  << "[\r][\n]"
17:03:05.569 [main] DEBUG org.apache.http.wire -  << "0[\r][\n]"
17:03:05.569 [main] DEBUG org.apache.http.wire -  << "[\r][\n]"
17:03:05.569 [main] DEBUG io.restassured.internal.RestAssuredHttpBuilder - Parsed data to instance of: class org.apache.http.conn.EofSensorInputStream
17:03:05.569 [main] DEBUG org.apache.http.impl.conn.BasicClientConnectionManager - Releasing connection org.apache.http.impl.conn.ManagedClientConnectionImpl@740fccd2
17:03:05.569 [main] DEBUG org.apache.http.impl.conn.BasicClientConnectionManager - Connection can be kept alive indefinitely
17:03:05.577 [main] DEBUG net.thucydides.core.steps.StepInterceptor - STEP DONE: updateComment
17:03:05.577 [main] DEBUG net.thucydides.core.steps.StepInterceptor - STARTING STEP: AddCommentTest.updateComment - getIssueDetails
17:03:05.586 [main] DEBUG org.apache.http.impl.conn.BasicClientConnectionManager - Get connection for route {s}->https://ritesh21.atlassian.net:443
17:03:05.586 [main] DEBUG org.apache.http.impl.conn.DefaultClientConnectionOperator - Connecting to ritesh21.atlassian.net:443
17:03:05.985 [main] DEBUG org.apache.http.client.protocol.RequestAddCookies - CookieSpec selected: ignoreCookies
17:03:05.985 [main] DEBUG org.apache.http.client.protocol.RequestAuthCache - Auth cache not set in the context
17:03:05.985 [main] DEBUG org.apache.http.client.protocol.RequestProxyAuthentication - Proxy auth state: UNCHALLENGED
17:03:05.985 [main] DEBUG org.apache.http.impl.client.DefaultHttpClient - Attempt 1 to execute request
17:03:05.985 [main] DEBUG org.apache.http.impl.conn.DefaultClientConnection - Sending request: GET /%2F%2Frest/api/2/issue/10022 HTTP/1.1
17:03:05.985 [main] DEBUG org.apache.http.wire -  >> "GET /%2F%2Frest/api/2/issue/10022 HTTP/1.1[\r][\n]"
17:03:05.985 [main] DEBUG org.apache.http.wire -  >> "Authorization: Basic cml0ZXNocmFuamFubWlzaHJhOTM4QGdtYWlsLmNvbTpmbk5xY2JFZTRUWGY4bnJtOUltRDkwNzg=[\r][\n]"
17:03:05.985 [main] DEBUG org.apache.http.wire -  >> "Accept: */*[\r][\n]"
17:03:05.985 [main] DEBUG org.apache.http.wire -  >> "Content-Type: application/json[\r][\n]"
17:03:05.985 [main] DEBUG org.apache.http.wire -  >> "Content-Length: 42[\r][\n]"
17:03:05.985 [main] DEBUG org.apache.http.wire -  >> "Host: ritesh21.atlassian.net[\r][\n]"
17:03:05.985 [main] DEBUG org.apache.http.wire -  >> "Connection: Keep-Alive[\r][\n]"
17:03:05.985 [main] DEBUG org.apache.http.wire -  >> "User-Agent: Apache-HttpClient/4.5.13 (Java/11.0.13)[\r][\n]"
17:03:05.985 [main] DEBUG org.apache.http.wire -  >> "Accept-Encoding: gzip,deflate[\r][\n]"
17:03:05.985 [main] DEBUG org.apache.http.wire -  >> "[\r][\n]"
17:03:05.985 [main] DEBUG org.apache.http.headers - >> GET /%2F%2Frest/api/2/issue/10022 HTTP/1.1
17:03:05.985 [main] DEBUG org.apache.http.headers - >> Authorization: Basic cml0ZXNocmFuamFubWlzaHJhOTM4QGdtYWlsLmNvbTpmbk5xY2JFZTRUWGY4bnJtOUltRDkwNzg=
17:03:05.985 [main] DEBUG org.apache.http.headers - >> Accept: */*
17:03:05.985 [main] DEBUG org.apache.http.headers - >> Content-Type: application/json
17:03:05.985 [main] DEBUG org.apache.http.headers - >> Content-Length: 42
17:03:05.985 [main] DEBUG org.apache.http.headers - >> Host: ritesh21.atlassian.net
17:03:05.985 [main] DEBUG org.apache.http.headers - >> Connection: Keep-Alive
17:03:05.985 [main] DEBUG org.apache.http.headers - >> User-Agent: Apache-HttpClient/4.5.13 (Java/11.0.13)
17:03:05.985 [main] DEBUG org.apache.http.headers - >> Accept-Encoding: gzip,deflate
17:03:05.985 [main] DEBUG org.apache.http.wire -  >> "{"body":"Add comment test ritesh updated"}"
17:03:06.485 [main] DEBUG org.apache.http.wire -  << "HTTP/1.1 200 OK[\r][\n]"
17:03:06.485 [main] DEBUG org.apache.http.wire -  << "Date: Wed, 26 Oct 2022 11:33:05 GMT[\r][\n]"
17:03:06.485 [main] DEBUG org.apache.http.wire -  << "Content-Type: application/json;charset=UTF-8[\r][\n]"
17:03:06.485 [main] DEBUG org.apache.http.wire -  << "Server: AtlassianEdge[\r][\n]"
17:03:06.485 [main] DEBUG org.apache.http.wire -  << "Timing-Allow-Origin: *[\r][\n]"
17:03:06.485 [main] DEBUG org.apache.http.wire -  << "X-Arequestid: 1b1654b05832f2984c5b7b76520e3751[\r][\n]"
17:03:06.485 [main] DEBUG org.apache.http.wire -  << "Set-Cookie: atlassian.xsrf.token=515d8807-db6a-4ba6-8626-62fa151662ad_736a155c2cd3b4d4fae8876299f00f9c5b8d0b6f_lin; path=/; SameSite=None; Secure[\r][\n]"
17:03:06.485 [main] DEBUG org.apache.http.wire -  << "X-Aaccountid: 5fab8a6ab45b2e0074a9616e[\r][\n]"
17:03:06.485 [main] DEBUG org.apache.http.wire -  << "Cache-Control: no-cache, no-store, no-transform[\r][\n]"
17:03:06.485 [main] DEBUG org.apache.http.wire -  << "Vary: Accept-Encoding[\r][\n]"
17:03:06.485 [main] DEBUG org.apache.http.wire -  << "Content-Encoding: gzip[\r][\n]"
17:03:06.485 [main] DEBUG org.apache.http.wire -  << "Expect-Ct: report-uri="https://web-security-reports.services.atlassian.com/expect-ct-report/atlassian-proxy", max-age=86400[\r][\n]"
17:03:06.485 [main] DEBUG org.apache.http.wire -  << "Strict-Transport-Security: max-age=63072000; preload[\r][\n]"
17:03:06.485 [main] DEBUG org.apache.http.wire -  << "X-Content-Type-Options: nosniff[\r][\n]"
17:03:06.485 [main] DEBUG org.apache.http.wire -  << "X-Xss-Protection: 1; mode=block[\r][\n]"
17:03:06.485 [main] DEBUG org.apache.http.wire -  << "Atl-Traceid: 301d9f63d452801e[\r][\n]"
17:03:06.485 [main] DEBUG org.apache.http.wire -  << "Report-To: {"endpoints": [{"url": "https://dz8aopenkvv6s.cloudfront.net"}], "group": "endpoint-1", "include_subdomains": true, "max_age": 600}[\r][\n]"
17:03:06.485 [main] DEBUG org.apache.http.wire -  << "Nel: {"failure_fraction": 0.001, "include_subdomains": true, "max_age": 600, "report_to": "endpoint-1"}[\r][\n]"
17:03:06.485 [main] DEBUG org.apache.http.wire -  << "Transfer-Encoding: chunked[\r][\n]"
17:03:06.485 [main] DEBUG org.apache.http.wire -  << "[\r][\n]"
17:03:06.485 [main] DEBUG org.apache.http.impl.conn.DefaultClientConnection - Receiving response: HTTP/1.1 200 OK
17:03:06.485 [main] DEBUG org.apache.http.headers - << HTTP/1.1 200 OK
17:03:06.485 [main] DEBUG org.apache.http.headers - << Date: Wed, 26 Oct 2022 11:33:05 GMT
17:03:06.485 [main] DEBUG org.apache.http.headers - << Content-Type: application/json;charset=UTF-8
17:03:06.485 [main] DEBUG org.apache.http.headers - << Server: AtlassianEdge
17:03:06.485 [main] DEBUG org.apache.http.headers - << Timing-Allow-Origin: *
17:03:06.485 [main] DEBUG org.apache.http.headers - << X-Arequestid: 1b1654b05832f2984c5b7b76520e3751
17:03:06.485 [main] DEBUG org.apache.http.headers - << Set-Cookie: atlassian.xsrf.token=515d8807-db6a-4ba6-8626-62fa151662ad_736a155c2cd3b4d4fae8876299f00f9c5b8d0b6f_lin; path=/; SameSite=None; Secure
17:03:06.485 [main] DEBUG org.apache.http.headers - << X-Aaccountid: 5fab8a6ab45b2e0074a9616e
17:03:06.485 [main] DEBUG org.apache.http.headers - << Cache-Control: no-cache, no-store, no-transform
17:03:06.485 [main] DEBUG org.apache.http.headers - << Vary: Accept-Encoding
17:03:06.485 [main] DEBUG org.apache.http.headers - << Content-Encoding: gzip
17:03:06.485 [main] DEBUG org.apache.http.headers - << Expect-Ct: report-uri="https://web-security-reports.services.atlassian.com/expect-ct-report/atlassian-proxy", max-age=86400
17:03:06.485 [main] DEBUG org.apache.http.headers - << Strict-Transport-Security: max-age=63072000; preload
17:03:06.485 [main] DEBUG org.apache.http.headers - << X-Content-Type-Options: nosniff
17:03:06.485 [main] DEBUG org.apache.http.headers - << X-Xss-Protection: 1; mode=block
17:03:06.485 [main] DEBUG org.apache.http.headers - << Atl-Traceid: 301d9f63d452801e
17:03:06.485 [main] DEBUG org.apache.http.headers - << Report-To: {"endpoints": [{"url": "https://dz8aopenkvv6s.cloudfront.net"}], "group": "endpoint-1", "include_subdomains": true, "max_age": 600}
17:03:06.485 [main] DEBUG org.apache.http.headers - << Nel: {"failure_fraction": 0.001, "include_subdomains": true, "max_age": 600, "report_to": "endpoint-1"}
17:03:06.485 [main] DEBUG org.apache.http.headers - << Transfer-Encoding: chunked
17:03:06.485 [main] DEBUG org.apache.http.impl.client.DefaultHttpClient - Connection can be kept alive indefinitely
17:03:06.485 [main] DEBUG io.restassured.internal.RestAssuredHttpBuilder - Parsing response as: application/json;charset=UTF-8
17:03:06.485 [main] DEBUG org.apache.http.wire -  << "6e9[\r][\n]"
17:03:06.485 [main] DEBUG org.apache.http.wire -  << "[0x1f][0x8b][0x8][0x0][0x0][0x0][0x0][0x0][0x0][0x3][0xcc]VmO[0xe3]F[0x10][0xfe]+[0x96][0xa5][0xfb]T;~[0x8d][0xb1]#![0x9a][0xde][0xc1]]([0xa4]([0xe4][0xae][0x1f][0xaa][\n]"
17:03:06.485 [main] DEBUG org.apache.http.wire -  << "m[0xec][0x89][0xb3][0x87][0xbd]vw[0xd7]$)[0xe5][0xbf]w[0xc6]NB[0x1b][0x1a]T[0x90][0x90][0x90][0xa2][0xc8];[0xbb][0xb3][0xf3][0xcc][0xdb]3{o[0xc2][0xaa]f"3[0x7][0xa6][0x4][0x91][0x81][0x84][0xec][0x8c]C[0x91])K[0xb0][0x12][0x94][0xa5][0xd2][0x5][0x94][0xcc][0xaa]j[0x90]L[0xf3]J([0xb]2[0xae]K[0xd0][0xcc]J[0x17]L[0xe4]PT[0xb9]u[0x7]R[0xe1][0x1e]d[0x13][0xa8]%([0x10]zs6m[0x94][0xae][0xca]9]x[0xe3][0xb9][0xae][0xe7][0xf6]$[0xfc][0xd1][0x80][0xd2][0xd3]u[\r]W[0x92][0xa5][0x9a][0xa7]`Z&'[0xfb]x[0xc0][0xf7]q[0xa1][0xa0][0x98][0xe3]r[0xa1]u[0xad][0x6][0x8e]#[0xb9][0x6][0xb5][0xf0][0xbd][0x1e][0xd3][0x5]S[0x8a]3[0xd1][0x13][0xa0][0x1d][0xb4][0xa3][0x1d]Vs[0xc7]w[0xb8]R[\r]8[[0xf5][X[0xa3][0xf6][0xf9]pj[0xfb][0x1].[[0xe3][0xca][0x1c][0xdc][0x9b][\n]"
17:03:06.485 [main] DEBUG org.apache.http.wire -  << "Q5*e[0x1a][0xf2]J[0xae];[0xf4][0x19][0xae][0xf0][0xb4][0x8f][0xaa][0xb6][0x9b][0xd8][0x9e]?[0xf5][0x83][0x81][0xd7][0x1f][0x84]~/[0x8a][0xc2][0x1f][0xdc]~[0xe0][0x12]<2[0xa0][0x11]r{[0xcd][0xab][0xe0][0x91]6At[0xfb][0xff]p[0xb7]]d[0xa0]R[0xc9]k[\n]"
17:03:06.485 [main] DEBUG org.apache.http.wire -  << "[0x18]Jjreh[0x8c][0xcc][0xad]Q[0xcb]jV@[0xa9][0x8c]J[0x1a] e%U[0x8f]t[0xd3]J|[0x95][0xc5][0x8b][0x10]4[0x82]S[0x8a]Xq[0xc3][0xee][0x98]f[0xd2][0xb9][0xe3][0xb0]tZH[0x8f][0xe0]6[[0x9e][0x1b][0xb8][0xc1][0x89][0xe2][0xc2]q[0x89][0xa9]nJ[0xb4]I[0xa5][0xd0]a[0xa3][0xf4]43[0xcd][0xd4][0xad]9[0x98][0xb3]B[0x81]evz#t[0xa9]U[0xb5]LL?[0xd7]k[0x12][0x98][0xc]b[0x88][0xe6][0x90][0xd8]a[0x14][0x4][0xf8][0x97][0xc5]v[0x9c]y[0x18][0xe7][0x84]%[0xfd][0xc4][0xf5][0x93],[0xa1][0xf4]/8V[0x97]L[0x17][0xeb][0xb][0xb8][0x3]t[0xcd]}[0xb0]L[0xcd][0xb1][0xfc]j[0xbc][0xcb][0x1c][0x88][0xa6](,[0x13][0xc3][0xf1][0x1d]R[0xfd][0xaa][0x14]lt[0xdb][0x4][0xb4][0x9][0xdd]&[0x80][0x16][0xbb][0x82]y[0xf4][0xf4][0x9c]Kf[0xc][0xaf]F[0xc6][0xf4][0xf4]z:[0x1a]6w[0xe6][0xa9]pn[0x15]T5[0xd7]K&[0x9][0xbf][0xe2]e]p[0xac]4[0xbc]V[0xcb]f[0x17][0x14][0xcc]S[ya[0xbc][\n]"
17:03:06.485 [main] DEBUG org.apache.http.wire -  << "[0xe3][0x17][0x1]~&c[_v[0xf9][\n]"
17:03:06.485 [main] DEBUG org.apache.http.wire -  << "[0xbd]#[0xc4][0xe0][0x87]+?|K[0x1b]]M[0xa8][0x92][0x15][0x5][0x9a][0xf3][0xa2][0x95][0x17][0xbd][0xbd][0xb9][0xd5][0xd6]^[0xe0][0xaf][0x2][0xff][0xed][0xed]mJ[0xfe][0xe1][0x81][0x88]c[0xf5][0xad][0xe3]5[0xcc][0xe1]o[0xbf]cN[0xf3]\B[0x8e][0x84][0xf1][0xa4]4[0xd1]jU4][0x7]w[0x92]=[0xe2][0xf3][0x8f][0xe]m[0xc4][0x87]6[0x92][0xa7][0x97]wd[0xd5]I[0x97][0x95][0xbc]m[0x19][0xd9][0x1c][0xd8][0x9e]eb[0xc][0xf4]7[0xf4][0x8f]*[0xb0]c3[0xcf][0xb5][0xfd]h[0xea]E[0x3]/[0x1e][0xb8]I[0xaf][0x1f][0xc5][0xff]b3[\n]"
17:03:06.485 [main] DEBUG org.apache.http.wire -  << "[0x94][0xe4]i[0x87][0xf9][0xfe][0x89][0x8c][0xca][0x16]c[0xa0][0x16]USd[0x9f][0xb8][0xaa][0xb][0xb6][0xee]j[0x1b][0xa5]K[0xa6]q*t[0x9c][0xfa][0xd2]N[0xec][0xb8][0xba]cg[0xa7][0xbb]H*ss[0xe7][0xc7][0xaa][0xa1][0xa0]z[0x84][0xf1]W[0x12]p[0x91][0xef][0xac][0xa6][0x12][0xd0][0xff][0x9d]{l[0x1d][0x6][0xde][0xd6][0xbf][0xfd]H[0xba][0x87]B[0xec][0x1d][0xda][0xf0][0x1f]9[0x87]W[0xe8][0xd3][0xfa]U[0xae]n[0x95][0x1d][0x1a]C[0xff][0x9b][0xb6]y[0xc9]rP[0xe][0x9d]W[0xdb]+8[\n]"
17:03:06.485 [main] DEBUG org.apache.http.wire -  << "[0xba][0xca][0xec][0xa9];[0xe2][0xe0][\r]M]n[0x9][0xba][0xe5][0xb3][0xc0][0xa4]([0xed][0xb9][0x12][0x1c][0xf2]1<[0xb4][0xd1][0xdf]n[0x14]l[0x6][0xc4]_T[0xfb][0xfb][0x87][0xa2][0x3][0xda][0xc4][0x9][0xff][0xbd]q[0xa8][0x3][0xbc][0x98][0x82][0xbb]`[0xea][0xb4][0xe6][0xe9][0x5][0x17][0xb7]g[0xb4][0xf3][0x9]jz[0x8d][0x88]t[0xbd][0x9b]3X[0x8b][0xcb]vo'[0x11][0x95]8[0xc5][0xc7][0x8][0xc3])9[0x1][0xa6][0xba]J[0x96][0x9b]/[0xf3][0xea][0xe2][0xeb][0xe7][0xd1][0xf8][0xe6]b[0xf4][0xf1]t|}zs:[0x99][0xfc]2[0xc1]Pa[0xeb]*[0x8c]0[0x1e][0x98].[0xc0][0xb8]B[0x2][0x17][0xda] [0xbb][0x6][0xc7]I+[0x8a][0xb5][0x81][0xac][0xc0][0xb][0xba][0xd4][0xd0][0x95][0xd1]N[0x82]+[0x9]%[0x6][0xda]h[0x14][0xd0][0x10]&v[0xd8][0xf7][0x2][0xdb][0xd5]t[0xff][0xe2]4R[0x8e][0x6][0xe6][0x1e]Y`[0xe]s.X[0x81][0xb5][0x81][0xe9]}lb[0xda][0xdb][0x97]m[0xde]R[0x9b][0xb8][0xb7][0xed]R [0xba]-[0x7]a[0xa1][0xe4][0x2]^[0xf7][0x10]![0xf8]',M[0xa9][0xcb]F[0xd9]q[0xce]f1[0x8b][0xd8],[0xec][0xcf]|@[0xdc]!K"/[0xa2][0x81][0xb6];[0x84][0xf7]?s[0xc]_[0x86][0xbc][0x18]f[0x19][0xda]@|f[0x87]@2[0xf1][0x9d][0x89][0x92][0xd3]W[0x12][0xc4]?[0xe6]t[0xa8][0x97]VT[0xa7][0xcf][0x8f]E[0x5]i#[0xa1][0x97][0xcb][0xee][0x18][0xe9]l)[0xda][0xf7][0xa3]Y[0xe0][0xba][0xe0]yG[0xf3]#[0x0]?IX[0x9a][0xb1][0xd8]Ei[0x10]g[0xd9][0xfc]$;no[0xf9][0x10][0xc]?[0xf8]g[0xf8][0xeb][0xf4][0xec][0x92][0x9]Lv[0x89]9[0xb6][0xed]N[0xa4]z[0x8d][0xb2][0x97][0x18][0x14][0xdb][0xef][0xe1][0x1c][0xc8]zu3+xJQ[0xb3]k[0xc6][0x14][0x5][\r][0xf5][0xb9][0xc0][0xb6][0xc3]2[0xc3][0xcf][0xc9]%[0x1d][0x15][0xd4]w[0xfb]C[0xf6][0xfd]#[0xde][0x9f][0xd3][0xef][0x1f][0xf1][0xfe][0xa4][0xef][0x88][0x91][0xc][0xb2]n@[0x8e];V[0x9e][0x8c][0xf0][0xd5][0xf8][0xc5][0x98][0xc][0xc7][0xe7][0xc3][0xb1]q9[0xba][0xfe]2[0x19][0xb6]=[0xa5][0xf1]AB[0xe3][0xec]o[0x0][0x0][0x0][0xff][0xff][0xec]YMO[0xc3]0[0xc][0xfd]+[0x11]g[0xa0]) [0x86]vCE[0xfc][0x2][0xc4][0x81][[0xa8][0x2]EZ[0xeb][0xaa]M[0x7]h[0x1e];_[0xa3][0xd1][0x82]F7u[0x97][0xdc][0x9a]&[0xb5][0xad]$~[0xef][0xd9]%[0x81]H[0xa9][0xff][0x82]%[0x13][0xae][0xbf][0xc7]\[0xcd][\n]"
17:03:06.485 [main] DEBUG org.apache.http.wire -  << "[0xb1]*[0x7][0xa5][0xc4]6[0xf9]Hi[0xe2][0xac][0xcf]fr4[0xb4][0xa4][0x1]B[0x8e]_,[0xf9][0xf5][0x92][0xdf]\[0xde][0xe5][0xb][0xc7][0x81][0xa6][0xd6][0x99][0x84][0x12][0xe6]S/[0x95][0xc7][0xe5][0xc9][0x98]l[0xcb]SO[0xc0][0x1e][0xc0][0xd1][0x94]3l[0xfc][0x14][0xb6][0x1c]; TW[0xd1]eT[0xfd][0x91][0x8b]+[0xa7][0xe9][0x1b][0xf9][0x89][0xaf]JXAg[0xcf][0xe6]u5[0xc8][0xb][0xbc]J[0xdf]ap[0x1a][0xd3][0xa1]n[0xf1]H[0x1a]e[0xc1][0xf6]/[0xe8][0x1e]oKA[0xda][0x4][0xc5][\n]"
17:03:06.485 [main] DEBUG org.apache.http.wire -  << "[0x83]7&[0x1a][0xa6]Q[0x1b][0xd9][0x82][0xde][0x90][0xd6][0xa4] [0xc2]J8F[0x87]1^[0xce]=/SX[0xba]B[0xd4][0xea][0x88]dZ[0xb0][0x94][0xfb][0xa5][0xe1][0x84]gg[0x9d]TZ[0xd8][0xec]^[0x18]ck[0xee][0xf5][0xea][0x88][0xe0][0xc2][0xdd][0x11]x[0x93][0xcb][0x8a][0x12]l[0xa7]|[0xe0]^[0xdc][0xf6]C][0xb]:[0xfd][0xb3]G[0xdc]A[0xcc]sb[0xe1][0x6][0x14]#}K[0xdb]'z&[0xbf]ZI[0x97][0xfe][0xdc]H@[0xe8]&[0xdd][0x95]D~[0x87][0xc1]\"[0xbf]9"N[0xe4][0x17]'?[0xdb]x[0xb2][0xe0][0xdc][0xc9][0x16]:%[0x13][0x18][0x9c][0xe2][0xd8][0x13][0x18][0xcc][0x11]q[0x2][0x83]8[0x18]x[0xf9][0x81]1[0xbe][0x9b][0xac][0xdb]P[0x8f][0xd6]>s[0xb4][0xb]J[0xd8]^r(?b[0x8d][0x1f][0xee][0x1b]?[0xe1]D[0xac][0x8d][0xc2][0xbd]\[0x93][0xcd][0xfa][0xa3][0x83][0xc6]h[0x1e][0xab][0x11][0x7][0xfb][0xc1][0xc][0xf7][0x89]t[\r][0xea][0x18][0x8d]5c[0xc6][0x9b]C[0x1f][0x95][0xe8][0x9f]A[0x97][0xe][0xba]yb[0xd4][0xae][0x9]v[0xe3][0x1e][0x9]Y'{[0xce][0xa9]o[0x96]YK4[0xba][0xfd][0xfd][0xa7]C[0xf][0xc4][0xa0][0xaa][0xa4][0xde]N[0x92][0x9a][0x9][0xb0][0xe7][0x88]xO[0xc0][0xfe][0x1][0x0][0x0][0xff][0xff][0x1a]4.[0xa6]g[0x81][0x9d][0x94][0x9f][0x2][0xea][0xe6][0x1][0xb3][0x9c][0x2][0xb4][0x90]P[0x0]f[0xb9][0x12][0x5]H[0xce]S[0x80][0x8d]l[0xc0][0xc6]8[0x1c]G[0xcb][\n]"
17:03:06.485 [main] DEBUG org.apache.http.wire -  << "[0xba][0xa4][\n]"
17:03:06.485 [main] DEBUG org.apache.http.wire -  << "[0x0][0x0][0x0][0x0][0xff][0xff][0xc2][0x92]*F[0xcb][\n]"
17:03:06.485 [main] DEBUG org.apache.http.wire -  << "z[0xb8]x[0xb4][0xac][0xc0]]V[0xa0]M[0xf5][0xa1][0xc]s[0x1a][0xe9][0x19][0x9a][0x19][0xc1][0x86]9[0xf1][0x8f][0x87][0x9a]#[0xe6]<[0xb3][0x8a]S[0x2][0xc0]^[0x85]N'[0x2][0x0][0x0][0x0][0xff][0xff][0x8a][0xa5]l[0x99][0x9][0xac][0x9d][0x3]497[0xb1]"([0xb5][0xb8]4[0x7][0xd4]z2[0x84][0xb7][0xe5][0xc][0xc1][0xe3][0x9b]E%[0x8e]%[0x90]v[0x1d]h8+'[0x1f]4\[0x87]$[0x8e][0xaa][0xd9][0x8][0xa9]%[0x8][0xd7][0x0]j[0x92][0xc5][0xd6][0xd6][0xd6][0x2][0x0][0x0][0x0][0xff][0xff]"
17:03:06.485 [main] DEBUG org.apache.http.wire -  << "[\r][\n]"
17:03:06.491 [main] DEBUG org.apache.http.wire -  << "a[\r][\n]"
17:03:06.491 [main] DEBUG org.apache.http.wire -  << "[0x3][0x0][0xc3][0xf0][0xdb][0xad][0xa7]#[0x0][0x0]"
17:03:06.491 [main] DEBUG org.apache.http.wire -  << "[\r][\n]"
17:03:06.491 [main] DEBUG org.apache.http.wire -  << "0[\r][\n]"
17:03:06.491 [main] DEBUG org.apache.http.wire -  << "[\r][\n]"
17:03:06.491 [main] DEBUG io.restassured.internal.RestAssuredHttpBuilder - Parsed data to instance of: class org.apache.http.conn.EofSensorInputStream
17:03:06.491 [main] DEBUG org.apache.http.impl.conn.BasicClientConnectionManager - Releasing connection org.apache.http.impl.conn.ManagedClientConnectionImpl@3b1895e
17:03:06.491 [main] DEBUG org.apache.http.impl.conn.BasicClientConnectionManager - Connection can be kept alive indefinitely
17:03:06.499 [main] DEBUG net.thucydides.core.steps.StepInterceptor - STEP DONE: getIssueDetails
]]></system-out>
  </testcase>
</testsuite>