<?xml version="1.0" encoding="UTF-8"?>
<testsuite xmlns:xsi="http://www.w3.org/2001/XMLSchema-instance" xsi:noNamespaceSchemaLocation="https://maven.apache.org/surefire/maven-failsafe-plugin/xsd/failsafe-test-report-3.0.xsd" version="3.0" name="Tests.CreateIssueTest" time="3.282" tests="1" errors="0" skipped="0" failures="0">
  <properties>
    <property name="sun.desktop" value="windows"/>
    <property name="awt.toolkit" value="sun.awt.windows.WToolkit"/>
    <property name="java.specification.version" value="11"/>
    <property name="sun.cpu.isalist" value="amd64"/>
    <property name="sun.jnu.encoding" value="Cp1252"/>
    <property name="java.class.path" value="D:\API Testing\JiraAPI\target\test-classes;C:\Users\Ritesh Ranjan Mishra\.m2\repository\javax\xml\bind\jaxb-api\2.4.0-b180830.0359\jaxb-api-2.4.0-b180830.0359.jar;C:\Users\Ritesh Ranjan Mishra\.m2\repository\javax\activation\javax.activation-api\1.2.0\javax.activation-api-1.2.0.jar;C:\Users\Ritesh Ranjan Mishra\.m2\repository\net\serenity-bdd\serenity-core\3.3.2\serenity-core-3.3.2.jar;C:\Users\Ritesh Ranjan Mishra\.m2\repository\net\serenity-bdd\serenity-model\3.3.2\serenity-model-3.3.2.jar;C:\Users\Ritesh Ranjan Mishra\.m2\repository\org\apache\commons\commons-text\1.9\commons-text-1.9.jar;C:\Users\Ritesh Ranjan Mishra\.m2\repository\commons-net\commons-net\3.8.0\commons-net-3.8.0.jar;C:\Users\Ritesh Ranjan Mishra\.m2\repository\com\google\guava\guava\31.1-jre\guava-31.1-jre.jar;C:\Users\Ritesh Ranjan Mishra\.m2\repository\com\google\guava\failureaccess\1.0.1\failureaccess-1.0.1.jar;C:\Users\Ritesh Ranjan Mishra\.m2\repository\com\google\guava\listenablefuture\9999.0-empty-to-avoid-conflict-with-guava\listenablefuture-9999.0-empty-to-avoid-conflict-with-guava.jar;C:\Users\Ritesh Ranjan Mishra\.m2\repository\com\google\code\findbugs\jsr305\3.0.2\jsr305-3.0.2.jar;C:\Users\Ritesh Ranjan Mishra\.m2\repository\org\checkerframework\checker-qual\3.12.0\checker-qual-3.12.0.jar;C:\Users\Ritesh Ranjan Mishra\.m2\repository\com\google\errorprone\error_prone_annotations\2.11.0\error_prone_annotations-2.11.0.jar;C:\Users\Ritesh Ranjan Mishra\.m2\repository\com\google\j2objc\j2objc-annotations\1.3\j2objc-annotations-1.3.jar;C:\Users\Ritesh Ranjan Mishra\.m2\repository\com\google\inject\guice\5.1.0\guice-5.1.0.jar;C:\Users\Ritesh Ranjan Mishra\.m2\repository\javax\inject\javax.inject\1\javax.inject-1.jar;C:\Users\Ritesh Ranjan Mishra\.m2\repository\aopalliance\aopalliance\1.0\aopalliance-1.0.jar;C:\Users\Ritesh Ranjan Mishra\.m2\repository\org\jsoup\jsoup\1.14.3\jsoup-1.14.3.jar;C:\Users\Ritesh Ranjan Mishra\.m2\repository\com\thoughtworks\xstream\xstream\1.4.19\xstream-1.4.19.jar;C:\Users\Ritesh Ranjan Mishra\.m2\repository\io\github\x-stream\mxparser\1.2.2\mxparser-1.2.2.jar;C:\Users\Ritesh Ranjan Mishra\.m2\repository\xmlpull\xmlpull\1.1.3.1\xmlpull-1.1.3.1.jar;C:\Users\Ritesh Ranjan Mishra\.m2\repository\com\typesafe\config\1.4.2\config-1.4.2.jar;C:\Users\Ritesh Ranjan Mishra\.m2\repository\org\imgscalr\imgscalr-lib\4.2\imgscalr-lib-4.2.jar;C:\Users\Ritesh Ranjan Mishra\.m2\repository\org\awaitility\awaitility\4.2.0\awaitility-4.2.0.jar;C:\Users\Ritesh Ranjan Mishra\.m2\repository\org\freemarker\freemarker\2.3.31\freemarker-2.3.31.jar;C:\Users\Ritesh Ranjan Mishra\.m2\repository\io\github\classgraph\classgraph\4.8.138\classgraph-4.8.138.jar;C:\Users\Ritesh Ranjan Mishra\.m2\repository\net\sourceforge\jexcelapi\jxl\2.6.12\jxl-2.6.12.jar;C:\Users\Ritesh Ranjan Mishra\.m2\repository\net\bytebuddy\byte-buddy-agent\1.12.12\byte-buddy-agent-1.12.12.jar;C:\Users\Ritesh Ranjan Mishra\.m2\repository\org\objenesis\objenesis\3.1\objenesis-3.1.jar;C:\Users\Ritesh Ranjan Mishra\.m2\repository\net\serenity-bdd\serenity-reports\3.3.2\serenity-reports-3.3.2.jar;C:\Users\Ritesh Ranjan Mishra\.m2\repository\net\serenity-bdd\serenity-stats\3.3.2\serenity-stats-3.3.2.jar;C:\Users\Ritesh Ranjan Mishra\.m2\repository\net\serenity-bdd\serenity-reports-configuration\3.3.2\serenity-reports-configuration-3.3.2.jar;C:\Users\Ritesh Ranjan Mishra\.m2\repository\com\vladsch\flexmark\flexmark-all\0.34.30\flexmark-all-0.34.30.jar;C:\Users\Ritesh Ranjan Mishra\.m2\repository\com\vladsch\flexmark\flexmark\0.34.30\flexmark-0.34.30.jar;C:\Users\Ritesh Ranjan Mishra\.m2\repository\com\vladsch\flexmark\flexmark-ext-abbreviation\0.34.30\flexmark-ext-abbreviation-0.34.30.jar;C:\Users\Ritesh Ranjan Mishra\.m2\repository\com\vladsch\flexmark\flexmark-ext-admonition\0.34.30\flexmark-ext-admonition-0.34.30.jar;C:\Users\Ritesh Ranjan Mishra\.m2\repository\com\vladsch\flexmark\flexmark-ext-anchorlink\0.34.30\flexmark-ext-anchorlink-0.34.30.jar;C:\Users\Ritesh Ranjan Mishra\.m2\repository\com\vladsch\flexmark\flexmark-ext-aside\0.34.30\flexmark-ext-aside-0.34.30.jar;C:\Users\Ritesh Ranjan Mishra\.m2\repository\com\vladsch\flexmark\flexmark-ext-attributes\0.34.30\flexmark-ext-attributes-0.34.30.jar;C:\Users\Ritesh Ranjan Mishra\.m2\repository\com\vladsch\flexmark\flexmark-ext-autolink\0.34.30\flexmark-ext-autolink-0.34.30.jar;C:\Users\Ritesh Ranjan Mishra\.m2\repository\org\nibor\autolink\autolink\0.6.0\autolink-0.6.0.jar;C:\Users\Ritesh Ranjan Mishra\.m2\repository\com\vladsch\flexmark\flexmark-ext-definition\0.34.30\flexmark-ext-definition-0.34.30.jar;C:\Users\Ritesh Ranjan Mishra\.m2\repository\com\vladsch\flexmark\flexmark-ext-emoji\0.34.30\flexmark-ext-emoji-0.34.30.jar;C:\Users\Ritesh Ranjan Mishra\.m2\repository\com\vladsch\flexmark\flexmark-ext-enumerated-reference\0.34.30\flexmark-ext-enumerated-reference-0.34.30.jar;C:\Users\Ritesh Ranjan Mishra\.m2\repository\com\vladsch\flexmark\flexmark-ext-escaped-character\0.34.30\flexmark-ext-escaped-character-0.34.30.jar;C:\Users\Ritesh Ranjan Mishra\.m2\repository\com\vladsch\flexmark\flexmark-ext-footnotes\0.34.30\flexmark-ext-footnotes-0.34.30.jar;C:\Users\Ritesh Ranjan Mishra\.m2\repository\com\vladsch\flexmark\flexmark-ext-gfm-issues\0.34.30\flexmark-ext-gfm-issues-0.34.30.jar;C:\Users\Ritesh Ranjan Mishra\.m2\repository\com\vladsch\flexmark\flexmark-ext-gfm-strikethrough\0.34.30\flexmark-ext-gfm-strikethrough-0.34.30.jar;C:\Users\Ritesh Ranjan Mishra\.m2\repository\com\vladsch\flexmark\flexmark-ext-gfm-tables\0.34.30\flexmark-ext-gfm-tables-0.34.30.jar;C:\Users\Ritesh Ranjan Mishra\.m2\repository\com\vladsch\flexmark\flexmark-ext-gfm-tasklist\0.34.30\flexmark-ext-gfm-tasklist-0.34.30.jar;C:\Users\Ritesh Ranjan Mishra\.m2\repository\com\vladsch\flexmark\flexmark-ext-gfm-users\0.34.30\flexmark-ext-gfm-users-0.34.30.jar;C:\Users\Ritesh Ranjan Mishra\.m2\repository\com\vladsch\flexmark\flexmark-ext-gitlab\0.34.30\flexmark-ext-gitlab-0.34.30.jar;C:\Users\Ritesh Ranjan Mishra\.m2\repository\com\vladsch\flexmark\flexmark-ext-jekyll-front-matter\0.34.30\flexmark-ext-jekyll-front-matter-0.34.30.jar;C:\Users\Ritesh Ranjan Mishra\.m2\repository\com\vladsch\flexmark\flexmark-ext-jekyll-tag\0.34.30\flexmark-ext-jekyll-tag-0.34.30.jar;C:\Users\Ritesh Ranjan Mishra\.m2\repository\com\vladsch\flexmark\flexmark-ext-media-tags\0.34.30\flexmark-ext-media-tags-0.34.30.jar;C:\Users\Ritesh Ranjan Mishra\.m2\repository\com\vladsch\flexmark\flexmark-test-util\0.34.30\flexmark-test-util-0.34.30.jar;C:\Users\Ritesh Ranjan Mishra\.m2\repository\com\vladsch\flexmark\flexmark-ext-ins\0.34.30\flexmark-ext-ins-0.34.30.jar;C:\Users\Ritesh Ranjan Mishra\.m2\repository\com\vladsch\flexmark\flexmark-ext-xwiki-macros\0.34.30\flexmark-ext-xwiki-macros-0.34.30.jar;C:\Users\Ritesh Ranjan Mishra\.m2\repository\com\vladsch\flexmark\flexmark-ext-superscript\0.34.30\flexmark-ext-superscript-0.34.30.jar;C:\Users\Ritesh Ranjan Mishra\.m2\repository\com\vladsch\flexmark\flexmark-ext-tables\0.34.30\flexmark-ext-tables-0.34.30.jar;C:\Users\Ritesh Ranjan Mishra\.m2\repository\com\vladsch\flexmark\flexmark-ext-toc\0.34.30\flexmark-ext-toc-0.34.30.jar;C:\Users\Ritesh Ranjan Mishra\.m2\repository\com\vladsch\flexmark\flexmark-ext-typographic\0.34.30\flexmark-ext-typographic-0.34.30.jar;C:\Users\Ritesh Ranjan Mishra\.m2\repository\com\vladsch\flexmark\flexmark-ext-wikilink\0.34.30\flexmark-ext-wikilink-0.34.30.jar;C:\Users\Ritesh Ranjan Mishra\.m2\repository\com\vladsch\flexmark\flexmark-ext-yaml-front-matter\0.34.30\flexmark-ext-yaml-front-matter-0.34.30.jar;C:\Users\Ritesh Ranjan Mishra\.m2\repository\com\vladsch\flexmark\flexmark-ext-youtube-embedded\0.34.30\flexmark-ext-youtube-embedded-0.34.30.jar;C:\Users\Ritesh Ranjan Mishra\.m2\repository\com\vladsch\flexmark\flexmark-formatter\0.34.30\flexmark-formatter-0.34.30.jar;C:\Users\Ritesh Ranjan Mishra\.m2\repository\com\vladsch\flexmark\flexmark-html-parser\0.34.30\flexmark-html-parser-0.34.30.jar;C:\Users\Ritesh Ranjan Mishra\.m2\repository\com\vladsch\flexmark\flexmark-jira-converter\0.34.30\flexmark-jira-converter-0.34.30.jar;C:\Users\Ritesh Ranjan Mishra\.m2\repository\com\vladsch\flexmark\flexmark-pdf-converter\0.34.30\flexmark-pdf-converter-0.34.30.jar;C:\Users\Ritesh Ranjan Mishra\.m2\repository\com\openhtmltopdf\openhtmltopdf-core\0.0.1-RC13\openhtmltopdf-core-0.0.1-RC13.jar;C:\Users\Ritesh Ranjan Mishra\.m2\repository\com\openhtmltopdf\openhtmltopdf-pdfbox\0.0.1-RC13\openhtmltopdf-pdfbox-0.0.1-RC13.jar;C:\Users\Ritesh Ranjan Mishra\.m2\repository\org\apache\pdfbox\pdfbox\2.0.8\pdfbox-2.0.8.jar;C:\Users\Ritesh Ranjan Mishra\.m2\repository\org\apache\pdfbox\fontbox\2.0.8\fontbox-2.0.8.jar;C:\Users\Ritesh Ranjan Mishra\.m2\repository\org\apache\pdfbox\xmpbox\2.0.8\xmpbox-2.0.8.jar;C:\Users\Ritesh Ranjan Mishra\.m2\repository\de\rototor\pdfbox\graphics2d\0.12\graphics2d-0.12.jar;C:\Users\Ritesh Ranjan Mishra\.m2\repository\com\openhtmltopdf\openhtmltopdf-rtl-support\0.0.1-RC13\openhtmltopdf-rtl-support-0.0.1-RC13.jar;C:\Users\Ritesh Ranjan Mishra\.m2\repository\com\ibm\icu\icu4j\59.1\icu4j-59.1.jar;C:\Users\Ritesh Ranjan Mishra\.m2\repository\com\openhtmltopdf\openhtmltopdf-jsoup-dom-converter\0.0.1-RC13\openhtmltopdf-jsoup-dom-converter-0.0.1-RC13.jar;C:\Users\Ritesh Ranjan Mishra\.m2\repository\com\vladsch\flexmark\flexmark-profile-pegdown\0.34.30\flexmark-profile-pegdown-0.34.30.jar;C:\Users\Ritesh Ranjan Mishra\.m2\repository\com\vladsch\flexmark\flexmark-util\0.34.30\flexmark-util-0.34.30.jar;C:\Users\Ritesh Ranjan Mishra\.m2\repository\com\vladsch\flexmark\flexmark-youtrack-converter\0.34.30\flexmark-youtrack-converter-0.34.30.jar;C:\Users\Ritesh Ranjan Mishra\.m2\repository\es\nitaur\markdown\txtmark\0.16\txtmark-0.16.jar;C:\Users\Ritesh Ranjan Mishra\.m2\repository\net\serenity-bdd\serenity-report-resources\3.3.2\serenity-report-resources-3.3.2.jar;C:\Users\Ritesh Ranjan Mishra\.m2\repository\com\google\code\gson\gson\2.9.0\gson-2.9.0.jar;C:\Users\Ritesh Ranjan Mishra\.m2\repository\com\fasterxml\jackson\core\jackson-core\2.13.3\jackson-core-2.13.3.jar;C:\Users\Ritesh Ranjan Mishra\.m2\repository\commons-codec\commons-codec\1.15\commons-codec-1.15.jar;C:\Users\Ritesh Ranjan Mishra\.m2\repository\commons-io\commons-io\2.11.0\commons-io-2.11.0.jar;C:\Users\Ritesh Ranjan Mishra\.m2\repository\org\seleniumhq\selenium\htmlunit-driver\3.62.0\htmlunit-driver-3.62.0.jar;C:\Users\Ritesh Ranjan Mishra\.m2\repository\net\sourceforge\htmlunit\htmlunit\2.62.0\htmlunit-2.62.0.jar;C:\Users\Ritesh Ranjan Mishra\.m2\repository\xalan\xalan\2.7.2\xalan-2.7.2.jar;C:\Users\Ritesh Ranjan Mishra\.m2\repository\xalan\serializer\2.7.2\serializer-2.7.2.jar;C:\Users\Ritesh Ranjan Mishra\.m2\repository\net\sourceforge\htmlunit\htmlunit-core-js\2.62.0\htmlunit-core-js-2.62.0.jar;C:\Users\Ritesh Ranjan Mishra\.m2\repository\net\sourceforge\htmlunit\neko-htmlunit\2.62.0\neko-htmlunit-2.62.0.jar;C:\Users\Ritesh Ranjan Mishra\.m2\repository\xerces\xercesImpl\2.12.2\xercesImpl-2.12.2.jar;C:\Users\Ritesh Ranjan Mishra\.m2\repository\xml-apis\xml-apis\1.4.01\xml-apis-1.4.01.jar;C:\Users\Ritesh Ranjan Mishra\.m2\repository\net\sourceforge\htmlunit\htmlunit-cssparser\1.12.0\htmlunit-cssparser-1.12.0.jar;C:\Users\Ritesh Ranjan Mishra\.m2\repository\com\shapesecurity\salvation2\3.0.0\salvation2-3.0.0.jar;C:\Users\Ritesh Ranjan Mishra\.m2\repository\org\eclipse\jetty\websocket\websocket-client\9.4.46.v20220331\websocket-client-9.4.46.v20220331.jar;C:\Users\Ritesh Ranjan Mishra\.m2\repository\org\eclipse\jetty\jetty-client\9.4.46.v20220331\jetty-client-9.4.46.v20220331.jar;C:\Users\Ritesh Ranjan Mishra\.m2\repository\org\eclipse\jetty\jetty-http\9.4.46.v20220331\jetty-http-9.4.46.v20220331.jar;C:\Users\Ritesh Ranjan Mishra\.m2\repository\org\eclipse\jetty\jetty-util\9.4.46.v20220331\jetty-util-9.4.46.v20220331.jar;C:\Users\Ritesh Ranjan Mishra\.m2\repository\org\eclipse\jetty\jetty-io\9.4.46.v20220331\jetty-io-9.4.46.v20220331.jar;C:\Users\Ritesh Ranjan Mishra\.m2\repository\org\eclipse\jetty\websocket\websocket-common\9.4.46.v20220331\websocket-common-9.4.46.v20220331.jar;C:\Users\Ritesh Ranjan Mishra\.m2\repository\org\eclipse\jetty\websocket\websocket-api\9.4.46.v20220331\websocket-api-9.4.46.v20220331.jar;C:\Users\Ritesh Ranjan Mishra\.m2\repository\org\seleniumhq\selenium\selenium-java\4.4.0\selenium-java-4.4.0.jar;C:\Users\Ritesh Ranjan Mishra\.m2\repository\org\seleniumhq\selenium\selenium-devtools-v102\4.4.0\selenium-devtools-v102-4.4.0.jar;C:\Users\Ritesh Ranjan Mishra\.m2\repository\org\seleniumhq\selenium\selenium-devtools-v103\4.4.0\selenium-devtools-v103-4.4.0.jar;C:\Users\Ritesh Ranjan Mishra\.m2\repository\org\seleniumhq\selenium\selenium-devtools-v104\4.4.0\selenium-devtools-v104-4.4.0.jar;C:\Users\Ritesh Ranjan Mishra\.m2\repository\org\seleniumhq\selenium\selenium-devtools-v85\4.4.0\selenium-devtools-v85-4.4.0.jar;C:\Users\Ritesh Ranjan Mishra\.m2\repository\org\seleniumhq\selenium\selenium-opera-driver\4.4.0\selenium-opera-driver-4.4.0.jar;C:\Users\Ritesh Ranjan Mishra\.m2\repository\org\seleniumhq\selenium\selenium-remote-driver\4.4.0\selenium-remote-driver-4.4.0.jar;C:\Users\Ritesh Ranjan Mishra\.m2\repository\com\beust\jcommander\1.82\jcommander-1.82.jar;C:\Users\Ritesh Ranjan Mishra\.m2\repository\io\netty\netty-buffer\4.1.78.Final\netty-buffer-4.1.78.Final.jar;C:\Users\Ritesh Ranjan Mishra\.m2\repository\io\netty\netty-codec-http\4.1.78.Final\netty-codec-http-4.1.78.Final.jar;C:\Users\Ritesh Ranjan Mishra\.m2\repository\io\netty\netty-codec\4.1.78.Final\netty-codec-4.1.78.Final.jar;C:\Users\Ritesh Ranjan Mishra\.m2\repository\io\netty\netty-handler\4.1.78.Final\netty-handler-4.1.78.Final.jar;C:\Users\Ritesh Ranjan Mishra\.m2\repository\io\netty\netty-common\4.1.78.Final\netty-common-4.1.78.Final.jar;C:\Users\Ritesh Ranjan Mishra\.m2\repository\io\netty\netty-transport-classes-epoll\4.1.78.Final\netty-transport-classes-epoll-4.1.78.Final.jar;C:\Users\Ritesh Ranjan Mishra\.m2\repository\io\netty\netty-transport-classes-kqueue\4.1.78.Final\netty-transport-classes-kqueue-4.1.78.Final.jar;C:\Users\Ritesh Ranjan Mishra\.m2\repository\io\netty\netty-transport-native-epoll\4.1.78.Final\netty-transport-native-epoll-4.1.78.Final.jar;C:\Users\Ritesh Ranjan Mishra\.m2\repository\io\netty\netty-transport-native-kqueue\4.1.78.Final\netty-transport-native-kqueue-4.1.78.Final.jar;C:\Users\Ritesh Ranjan Mishra\.m2\repository\io\netty\netty-transport-native-unix-common\4.1.78.Final\netty-transport-native-unix-common-4.1.78.Final.jar;C:\Users\Ritesh Ranjan Mishra\.m2\repository\io\netty\netty-transport\4.1.78.Final\netty-transport-4.1.78.Final.jar;C:\Users\Ritesh Ranjan Mishra\.m2\repository\io\netty\netty-resolver\4.1.78.Final\netty-resolver-4.1.78.Final.jar;C:\Users\Ritesh Ranjan Mishra\.m2\repository\io\opentelemetry\opentelemetry-api\1.16.0\opentelemetry-api-1.16.0.jar;C:\Users\Ritesh Ranjan Mishra\.m2\repository\io\opentelemetry\opentelemetry-context\1.16.0\opentelemetry-context-1.16.0.jar;C:\Users\Ritesh Ranjan Mishra\.m2\repository\io\opentelemetry\opentelemetry-exporter-logging\1.16.0\opentelemetry-exporter-logging-1.16.0.jar;C:\Users\Ritesh Ranjan Mishra\.m2\repository\io\opentelemetry\opentelemetry-sdk-metrics\1.16.0\opentelemetry-sdk-metrics-1.16.0.jar;C:\Users\Ritesh Ranjan Mishra\.m2\repository\io\opentelemetry\opentelemetry-sdk-logs\1.16.0-alpha\opentelemetry-sdk-logs-1.16.0-alpha.jar;C:\Users\Ritesh Ranjan Mishra\.m2\repository\io\opentelemetry\opentelemetry-sdk-common\1.16.0\opentelemetry-sdk-common-1.16.0.jar;C:\Users\Ritesh Ranjan Mishra\.m2\repository\io\opentelemetry\opentelemetry-sdk-extension-autoconfigure-spi\1.16.0\opentelemetry-sdk-extension-autoconfigure-spi-1.16.0.jar;C:\Users\Ritesh Ranjan Mishra\.m2\repository\io\opentelemetry\opentelemetry-sdk-extension-autoconfigure\1.16.0-alpha\opentelemetry-sdk-extension-autoconfigure-1.16.0-alpha.jar;C:\Users\Ritesh Ranjan Mishra\.m2\repository\io\opentelemetry\opentelemetry-sdk-trace\1.16.0\opentelemetry-sdk-trace-1.16.0.jar;C:\Users\Ritesh Ranjan Mishra\.m2\repository\io\opentelemetry\opentelemetry-sdk\1.16.0\opentelemetry-sdk-1.16.0.jar;C:\Users\Ritesh Ranjan Mishra\.m2\repository\io\opentelemetry\opentelemetry-semconv\1.16.0-alpha\opentelemetry-semconv-1.16.0-alpha.jar;C:\Users\Ritesh Ranjan Mishra\.m2\repository\io\ous\jtoml\2.0.0\jtoml-2.0.0.jar;C:\Users\Ritesh Ranjan Mishra\.m2\repository\org\apache\commons\commons-exec\1.3\commons-exec-1.3.jar;C:\Users\Ritesh Ranjan Mishra\.m2\repository\org\asynchttpclient\async-http-client\2.12.3\async-http-client-2.12.3.jar;C:\Users\Ritesh Ranjan Mishra\.m2\repository\org\asynchttpclient\async-http-client-netty-utils\2.12.3\async-http-client-netty-utils-2.12.3.jar;C:\Users\Ritesh Ranjan Mishra\.m2\repository\io\netty\netty-codec-socks\4.1.60.Final\netty-codec-socks-4.1.60.Final.jar;C:\Users\Ritesh Ranjan Mishra\.m2\repository\io\netty\netty-handler-proxy\4.1.60.Final\netty-handler-proxy-4.1.60.Final.jar;C:\Users\Ritesh Ranjan Mishra\.m2\repository\io\netty\netty-transport-native-epoll\4.1.60.Final\netty-transport-native-epoll-4.1.60.Final-linux-x86_64.jar;C:\Users\Ritesh Ranjan Mishra\.m2\repository\io\netty\netty-transport-native-kqueue\4.1.60.Final\netty-transport-native-kqueue-4.1.60.Final-osx-x86_64.jar;C:\Users\Ritesh Ranjan Mishra\.m2\repository\org\reactivestreams\reactive-streams\1.0.3\reactive-streams-1.0.3.jar;C:\Users\Ritesh Ranjan Mishra\.m2\repository\com\typesafe\netty\netty-reactive-streams\2.0.4\netty-reactive-streams-2.0.4.jar;C:\Users\Ritesh Ranjan Mishra\.m2\repository\org\seleniumhq\selenium\selenium-http\4.4.0\selenium-http-4.4.0.jar;C:\Users\Ritesh Ranjan Mishra\.m2\repository\dev\failsafe\failsafe\3.2.4\failsafe-3.2.4.jar;C:\Users\Ritesh Ranjan Mishra\.m2\repository\org\seleniumhq\selenium\selenium-safari-driver\4.4.0\selenium-safari-driver-4.4.0.jar;C:\Users\Ritesh Ranjan Mishra\.m2\repository\org\seleniumhq\selenium\selenium-api\4.4.0\selenium-api-4.4.0.jar;C:\Users\Ritesh Ranjan Mishra\.m2\repository\org\seleniumhq\selenium\selenium-support\4.4.0\selenium-support-4.4.0.jar;C:\Users\Ritesh Ranjan Mishra\.m2\repository\com\google\auto\service\auto-service-annotations\1.0.1\auto-service-annotations-1.0.1.jar;C:\Users\Ritesh Ranjan Mishra\.m2\repository\com\google\auto\service\auto-service\1.0.1\auto-service-1.0.1.jar;C:\Users\Ritesh Ranjan Mishra\.m2\repository\com\google\auto\auto-common\1.2\auto-common-1.2.jar;C:\Users\Ritesh Ranjan Mishra\.m2\repository\org\seleniumhq\selenium\selenium-json\4.4.0\selenium-json-4.4.0.jar;C:\Users\Ritesh Ranjan Mishra\.m2\repository\org\seleniumhq\selenium\selenium-chrome-driver\4.4.0\selenium-chrome-driver-4.4.0.jar;C:\Users\Ritesh Ranjan Mishra\.m2\repository\org\seleniumhq\selenium\selenium-chromium-driver\4.4.0\selenium-chromium-driver-4.4.0.jar;C:\Users\Ritesh Ranjan Mishra\.m2\repository\org\seleniumhq\selenium\selenium-firefox-driver\4.4.0\selenium-firefox-driver-4.4.0.jar;C:\Users\Ritesh Ranjan Mishra\.m2\repository\org\seleniumhq\selenium\selenium-edge-driver\4.4.0\selenium-edge-driver-4.4.0.jar;C:\Users\Ritesh Ranjan Mishra\.m2\repository\org\seleniumhq\selenium\selenium-ie-driver\4.4.0\selenium-ie-driver-4.4.0.jar;C:\Users\Ritesh Ranjan Mishra\.m2\repository\org\projectlombok\lombok\1.18.20\lombok-1.18.20.jar;C:\Users\Ritesh Ranjan Mishra\.m2\repository\io\appium\java-client\8.1.1\java-client-8.1.1.jar;C:\Users\Ritesh Ranjan Mishra\.m2\repository\commons-validator\commons-validator\1.7\commons-validator-1.7.jar;C:\Users\Ritesh Ranjan Mishra\.m2\repository\commons-digester\commons-digester\2.1\commons-digester-2.1.jar;C:\Users\Ritesh Ranjan Mishra\.m2\repository\org\apache\groovy\groovy\4.0.1\groovy-4.0.1.jar;C:\Users\Ritesh Ranjan Mishra\.m2\repository\net\sf\opencsv\opencsv\2.0\opencsv-2.0.jar;C:\Users\Ritesh Ranjan Mishra\.m2\repository\commons-beanutils\commons-beanutils\1.9.4\commons-beanutils-1.9.4.jar;C:\Users\Ritesh Ranjan Mishra\.m2\repository\org\apache\commons\commons-lang3\3.12.0\commons-lang3-3.12.0.jar;C:\Users\Ritesh Ranjan Mishra\.m2\repository\commons-collections\commons-collections\3.2.2\commons-collections-3.2.2.jar;C:\Users\Ritesh Ranjan Mishra\.m2\repository\org\fluentlenium\fluentlenium-core\0.10.2\fluentlenium-core-0.10.2.jar;C:\Users\Ritesh Ranjan Mishra\.m2\repository\io\github\bonigarcia\webdrivermanager\5.2.1\webdrivermanager-5.2.1.jar;C:\Users\Ritesh Ranjan Mishra\.m2\repository\com\github\docker-java\docker-java\3.2.13\docker-java-3.2.13.jar;C:\Users\Ritesh Ranjan Mishra\.m2\repository\com\github\docker-java\docker-java-core\3.2.13\docker-java-core-3.2.13.jar;C:\Users\Ritesh Ranjan Mishra\.m2\repository\com\github\docker-java\docker-java-api\3.2.13\docker-java-api-3.2.13.jar;C:\Users\Ritesh Ranjan Mishra\.m2\repository\org\bouncycastle\bcpkix-jdk15on\1.64\bcpkix-jdk15on-1.64.jar;C:\Users\Ritesh Ranjan Mishra\.m2\repository\org\bouncycastle\bcprov-jdk15on\1.64\bcprov-jdk15on-1.64.jar;C:\Users\Ritesh Ranjan Mishra\.m2\repository\org\slf4j\jcl-over-slf4j\1.7.30\jcl-over-slf4j-1.7.30.jar;C:\Users\Ritesh Ranjan Mishra\.m2\repository\com\github\docker-java\docker-java-transport-httpclient5\3.2.13\docker-java-transport-httpclient5-3.2.13.jar;C:\Users\Ritesh Ranjan Mishra\.m2\repository\com\github\docker-java\docker-java-transport\3.2.13\docker-java-transport-3.2.13.jar;C:\Users\Ritesh Ranjan Mishra\.m2\repository\net\java\dev\jna\jna\5.8.0\jna-5.8.0.jar;C:\Users\Ritesh Ranjan Mishra\.m2\repository\org\brotli\dec\0.1.2\dec-0.1.2.jar;C:\Users\Ritesh Ranjan Mishra\.m2\repository\org\apache\httpcomponents\client5\httpclient5\5.1.3\httpclient5-5.1.3.jar;C:\Users\Ritesh Ranjan Mishra\.m2\repository\org\apache\httpcomponents\core5\httpcore5\5.1.3\httpcore5-5.1.3.jar;C:\Users\Ritesh Ranjan Mishra\.m2\repository\org\apache\httpcomponents\core5\httpcore5-h2\5.1.3\httpcore5-h2-5.1.3.jar;C:\Users\Ritesh Ranjan Mishra\.m2\repository\com\jhlabs\filters\2.0.235\filters-2.0.235.jar;C:\Users\Ritesh Ranjan Mishra\.m2\repository\com\paulhammant\ngwebdriver\1.1.6\ngwebdriver-1.1.6.jar;C:\Users\Ritesh Ranjan Mishra\.m2\repository\joda-time\joda-time\2.8.2\joda-time-2.8.2.jar;C:\Users\Ritesh Ranjan Mishra\.m2\repository\org\hamcrest\hamcrest\2.2\hamcrest-2.2.jar;C:\Users\Ritesh Ranjan Mishra\.m2\repository\com\google\jimfs\jimfs\1.2\jimfs-1.2.jar;C:\Users\Ritesh Ranjan Mishra\.m2\repository\org\mockito\mockito-core\3.3.3\mockito-core-3.3.3.jar;C:\Users\Ritesh Ranjan Mishra\.m2\repository\com\sun\xml\bind\jaxb-core\2.3.0.1\jaxb-core-2.3.0.1.jar;C:\Users\Ritesh Ranjan Mishra\.m2\repository\com\sun\xml\bind\jaxb-impl\2.3.3\jaxb-impl-2.3.3.jar;C:\Users\Ritesh Ranjan Mishra\.m2\repository\jakarta\xml\bind\jakarta.xml.bind-api\2.3.3\jakarta.xml.bind-api-2.3.3.jar;C:\Users\Ritesh Ranjan Mishra\.m2\repository\com\sun\activation\jakarta.activation\1.2.2\jakarta.activation-1.2.2.jar;C:\Users\Ritesh Ranjan Mishra\.m2\repository\javax\activation\activation\1.1.1\activation-1.1.1.jar;C:\Users\Ritesh Ranjan Mishra\.m2\repository\net\serenity-bdd\serenity-cucumber\3.3.2\serenity-cucumber-3.3.2.jar;C:\Users\Ritesh Ranjan Mishra\.m2\repository\io\cucumber\cucumber-core\7.4.1\cucumber-core-7.4.1.jar;C:\Users\Ritesh Ranjan Mishra\.m2\repository\io\cucumber\cucumber-gherkin\7.4.1\cucumber-gherkin-7.4.1.jar;C:\Users\Ritesh Ranjan Mishra\.m2\repository\io\cucumber\cucumber-gherkin-messages\7.4.1\cucumber-gherkin-messages-7.4.1.jar;C:\Users\Ritesh Ranjan Mishra\.m2\repository\io\cucumber\gherkin\23.0.1\gherkin-23.0.1.jar;C:\Users\Ritesh Ranjan Mishra\.m2\repository\io\cucumber\messages\18.0.0\messages-18.0.0.jar;C:\Users\Ritesh Ranjan Mishra\.m2\repository\io\cucumber\tag-expressions\4.1.0\tag-expressions-4.1.0.jar;C:\Users\Ritesh Ranjan Mishra\.m2\repository\io\cucumber\cucumber-expressions\16.0.0\cucumber-expressions-16.0.0.jar;C:\Users\Ritesh Ranjan Mishra\.m2\repository\io\cucumber\datatable\7.4.1\datatable-7.4.1.jar;C:\Users\Ritesh Ranjan Mishra\.m2\repository\io\cucumber\cucumber-plugin\7.4.1\cucumber-plugin-7.4.1.jar;C:\Users\Ritesh Ranjan Mishra\.m2\repository\io\cucumber\docstring\7.4.1\docstring-7.4.1.jar;C:\Users\Ritesh Ranjan Mishra\.m2\repository\io\cucumber\html-formatter\19.2.0\html-formatter-19.2.0.jar;C:\Users\Ritesh Ranjan Mishra\.m2\repository\io\cucumber\ci-environment\9.0.4\ci-environment-9.0.4.jar;C:\Users\Ritesh Ranjan Mishra\.m2\repository\io\cucumber\cucumber-java\7.4.1\cucumber-java-7.4.1.jar;C:\Users\Ritesh Ranjan Mishra\.m2\repository\io\cucumber\cucumber-junit\7.4.1\cucumber-junit-7.4.1.jar;C:\Users\Ritesh Ranjan Mishra\.m2\repository\org\apache\commons\commons-csv\1.5\commons-csv-1.5.jar;C:\Users\Ritesh Ranjan Mishra\.m2\repository\net\serenity-bdd\serenity-screenplay\3.3.2\serenity-screenplay-3.3.2.jar;C:\Users\Ritesh Ranjan Mishra\.m2\repository\net\serenity-bdd\serenity-screenplay-webdriver\3.3.2\serenity-screenplay-webdriver-3.3.2.jar;C:\Users\Ritesh Ranjan Mishra\.m2\repository\net\serenity-bdd\serenity-ensure\3.3.2\serenity-ensure-3.3.2.jar;C:\Users\Ritesh Ranjan Mishra\.m2\repository\net\serenity-bdd\serenity-junit\3.3.2\serenity-junit-3.3.2.jar;C:\Users\Ritesh Ranjan Mishra\.m2\repository\org\jetbrains\kotlin\kotlin-stdlib\1.7.0\kotlin-stdlib-1.7.0.jar;C:\Users\Ritesh Ranjan Mishra\.m2\repository\org\jetbrains\kotlin\kotlin-stdlib-common\1.7.0\kotlin-stdlib-common-1.7.0.jar;C:\Users\Ritesh Ranjan Mishra\.m2\repository\org\jetbrains\annotations\13.0\annotations-13.0.jar;C:\Users\Ritesh Ranjan Mishra\.m2\repository\net\serenity-bdd\serenity-rest-assured\3.3.2\serenity-rest-assured-3.3.2.jar;C:\Users\Ritesh Ranjan Mishra\.m2\repository\org\apache\httpcomponents\httpclient\4.5.13\httpclient-4.5.13.jar;C:\Users\Ritesh Ranjan Mishra\.m2\repository\org\apache\httpcomponents\httpcore\4.4.13\httpcore-4.4.13.jar;C:\Users\Ritesh Ranjan Mishra\.m2\repository\commons-logging\commons-logging\1.2\commons-logging-1.2.jar;C:\Users\Ritesh Ranjan Mishra\.m2\repository\io\rest-assured\rest-assured\5.1.1\rest-assured-5.1.1.jar;C:\Users\Ritesh Ranjan Mishra\.m2\repository\org\apache\httpcomponents\httpmime\4.5.13\httpmime-4.5.13.jar;C:\Users\Ritesh Ranjan Mishra\.m2\repository\org\ccil\cowan\tagsoup\tagsoup\1.2.1\tagsoup-1.2.1.jar;C:\Users\Ritesh Ranjan Mishra\.m2\repository\io\rest-assured\json-path\5.1.1\json-path-5.1.1.jar;C:\Users\Ritesh Ranjan Mishra\.m2\repository\io\rest-assured\rest-assured-common\5.1.1\rest-assured-common-5.1.1.jar;C:\Users\Ritesh Ranjan Mishra\.m2\repository\io\rest-assured\xml-path\5.1.1\xml-path-5.1.1.jar;C:\Users\Ritesh Ranjan Mishra\.m2\repository\org\apache\groovy\groovy-json\4.0.1\groovy-json-4.0.1.jar;C:\Users\Ritesh Ranjan Mishra\.m2\repository\org\apache\groovy\groovy-xml\4.0.1\groovy-xml-4.0.1.jar;C:\Users\Ritesh Ranjan Mishra\.m2\repository\org\opentest4j\opentest4j\1.2.0\opentest4j-1.2.0.jar;C:\Users\Ritesh Ranjan Mishra\.m2\repository\org\junit\platform\junit-platform-launcher\1.9.0\junit-platform-launcher-1.9.0.jar;C:\Users\Ritesh Ranjan Mishra\.m2\repository\org\junit\platform\junit-platform-engine\1.9.0\junit-platform-engine-1.9.0.jar;C:\Users\Ritesh Ranjan Mishra\.m2\repository\org\junit\platform\junit-platform-commons\1.9.0\junit-platform-commons-1.9.0.jar;C:\Users\Ritesh Ranjan Mishra\.m2\repository\org\apiguardian\apiguardian-api\1.1.2\apiguardian-api-1.1.2.jar;C:\Users\Ritesh Ranjan Mishra\.m2\repository\com\fasterxml\jackson\core\jackson-databind\2.13.4\jackson-databind-2.13.4.jar;C:\Users\Ritesh Ranjan Mishra\.m2\repository\com\fasterxml\jackson\core\jackson-annotations\2.13.4\jackson-annotations-2.13.4.jar;C:\Users\Ritesh Ranjan Mishra\.m2\repository\com\fasterxml\jackson\datatype\jackson-datatype-jdk8\2.13.4\jackson-datatype-jdk8-2.13.4.jar;C:\Users\Ritesh Ranjan Mishra\.m2\repository\org\junit\jupiter\junit-jupiter-engine\5.9.0\junit-jupiter-engine-5.9.0.jar;C:\Users\Ritesh Ranjan Mishra\.m2\repository\org\junit\jupiter\junit-jupiter-api\5.9.0\junit-jupiter-api-5.9.0.jar;C:\Users\Ritesh Ranjan Mishra\.m2\repository\org\junit\vintage\junit-vintage-engine\5.9.0\junit-vintage-engine-5.9.0.jar;C:\Users\Ritesh Ranjan Mishra\.m2\repository\junit\junit\4.13.2\junit-4.13.2.jar;C:\Users\Ritesh Ranjan Mishra\.m2\repository\org\hamcrest\hamcrest-core\1.3\hamcrest-core-1.3.jar;C:\Users\Ritesh Ranjan Mishra\.m2\repository\ch\qos\logback\logback-classic\1.2.11\logback-classic-1.2.11.jar;C:\Users\Ritesh Ranjan Mishra\.m2\repository\ch\qos\logback\logback-core\1.2.11\logback-core-1.2.11.jar;C:\Users\Ritesh Ranjan Mishra\.m2\repository\org\slf4j\slf4j-api\1.7.32\slf4j-api-1.7.32.jar;C:\Users\Ritesh Ranjan Mishra\.m2\repository\org\assertj\assertj-core\3.23.1\assertj-core-3.23.1.jar;C:\Users\Ritesh Ranjan Mishra\.m2\repository\net\bytebuddy\byte-buddy\1.12.10\byte-buddy-1.12.10.jar;C:\Users\Ritesh Ranjan Mishra\.m2\repository\org\apache\poi\poi\5.2.2\poi-5.2.2.jar;C:\Users\Ritesh Ranjan Mishra\.m2\repository\org\apache\commons\commons-collections4\4.4\commons-collections4-4.4.jar;C:\Users\Ritesh Ranjan Mishra\.m2\repository\org\apache\commons\commons-math3\3.6.1\commons-math3-3.6.1.jar;C:\Users\Ritesh Ranjan Mishra\.m2\repository\com\zaxxer\SparseBitSet\1.2\SparseBitSet-1.2.jar;C:\Users\Ritesh Ranjan Mishra\.m2\repository\org\apache\logging\log4j\log4j-api\2.17.2\log4j-api-2.17.2.jar;C:\Users\Ritesh Ranjan Mishra\.m2\repository\org\apache\poi\poi-ooxml\5.2.2\poi-ooxml-5.2.2.jar;C:\Users\Ritesh Ranjan Mishra\.m2\repository\org\apache\poi\poi-ooxml-lite\5.2.2\poi-ooxml-lite-5.2.2.jar;C:\Users\Ritesh Ranjan Mishra\.m2\repository\org\apache\commons\commons-compress\1.21\commons-compress-1.21.jar;C:\Users\Ritesh Ranjan Mishra\.m2\repository\com\github\virtuald\curvesapi\1.07\curvesapi-1.07.jar;C:\Users\Ritesh Ranjan Mishra\.m2\repository\org\apache\poi\poi-ooxml-schemas\4.1.2\poi-ooxml-schemas-4.1.2.jar;C:\Users\Ritesh Ranjan Mishra\.m2\repository\org\apache\xmlbeans\xmlbeans\5.1.1\xmlbeans-5.1.1.jar;C:\Users\Ritesh Ranjan Mishra\.m2\repository\mysql\mysql-connector-java\8.0.30\mysql-connector-java-8.0.30.jar;C:\Users\Ritesh Ranjan Mishra\.m2\repository\com\google\protobuf\protobuf-java\3.19.4\protobuf-java-3.19.4.jar;"/>
    <property name="java.vm.vendor" value="Oracle Corporation"/>
    <property name="sun.arch.data.model" value="64"/>
    <property name="user.variant" value=""/>
    <property name="java.vendor.url" value="https://openjdk.java.net/"/>
    <property name="user.timezone" value="Asia/Calcutta"/>
    <property name="java.vm.specification.version" value="11"/>
    <property name="os.name" value="Windows 10"/>
    <property name="sun.java.launcher" value="SUN_STANDARD"/>
    <property name="user.country" value="IN"/>
    <property name="sun.boot.library.path" value="C:\Program Files\Java\jdk-11.0.13\bin"/>
    <property name="sun.java.command" value="org.apache.maven.surefire.booter.ForkedBooter C:\Users\Ritesh Ranjan Mishra\AppData\Local\Temp\surefire8781179118048509006 2022-10-26T17-02-55_698-jvmRun1 surefire1188913548302085900tmp surefire_04658724151676643657tmp"/>
    <property name="jdk.debug" value="release"/>
    <property name="surefire.test.class.path" value="D:\API Testing\JiraAPI\target\test-classes;C:\Users\Ritesh Ranjan Mishra\.m2\repository\javax\xml\bind\jaxb-api\2.4.0-b180830.0359\jaxb-api-2.4.0-b180830.0359.jar;C:\Users\Ritesh Ranjan Mishra\.m2\repository\javax\activation\javax.activation-api\1.2.0\javax.activation-api-1.2.0.jar;C:\Users\Ritesh Ranjan Mishra\.m2\repository\net\serenity-bdd\serenity-core\3.3.2\serenity-core-3.3.2.jar;C:\Users\Ritesh Ranjan Mishra\.m2\repository\net\serenity-bdd\serenity-model\3.3.2\serenity-model-3.3.2.jar;C:\Users\Ritesh Ranjan Mishra\.m2\repository\org\apache\commons\commons-text\1.9\commons-text-1.9.jar;C:\Users\Ritesh Ranjan Mishra\.m2\repository\commons-net\commons-net\3.8.0\commons-net-3.8.0.jar;C:\Users\Ritesh Ranjan Mishra\.m2\repository\com\google\guava\guava\31.1-jre\guava-31.1-jre.jar;C:\Users\Ritesh Ranjan Mishra\.m2\repository\com\google\guava\failureaccess\1.0.1\failureaccess-1.0.1.jar;C:\Users\Ritesh Ranjan Mishra\.m2\repository\com\google\guava\listenablefuture\9999.0-empty-to-avoid-conflict-with-guava\listenablefuture-9999.0-empty-to-avoid-conflict-with-guava.jar;C:\Users\Ritesh Ranjan Mishra\.m2\repository\com\google\code\findbugs\jsr305\3.0.2\jsr305-3.0.2.jar;C:\Users\Ritesh Ranjan Mishra\.m2\repository\org\checkerframework\checker-qual\3.12.0\checker-qual-3.12.0.jar;C:\Users\Ritesh Ranjan Mishra\.m2\repository\com\google\errorprone\error_prone_annotations\2.11.0\error_prone_annotations-2.11.0.jar;C:\Users\Ritesh Ranjan Mishra\.m2\repository\com\google\j2objc\j2objc-annotations\1.3\j2objc-annotations-1.3.jar;C:\Users\Ritesh Ranjan Mishra\.m2\repository\com\google\inject\guice\5.1.0\guice-5.1.0.jar;C:\Users\Ritesh Ranjan Mishra\.m2\repository\javax\inject\javax.inject\1\javax.inject-1.jar;C:\Users\Ritesh Ranjan Mishra\.m2\repository\aopalliance\aopalliance\1.0\aopalliance-1.0.jar;C:\Users\Ritesh Ranjan Mishra\.m2\repository\org\jsoup\jsoup\1.14.3\jsoup-1.14.3.jar;C:\Users\Ritesh Ranjan Mishra\.m2\repository\com\thoughtworks\xstream\xstream\1.4.19\xstream-1.4.19.jar;C:\Users\Ritesh Ranjan Mishra\.m2\repository\io\github\x-stream\mxparser\1.2.2\mxparser-1.2.2.jar;C:\Users\Ritesh Ranjan Mishra\.m2\repository\xmlpull\xmlpull\1.1.3.1\xmlpull-1.1.3.1.jar;C:\Users\Ritesh Ranjan Mishra\.m2\repository\com\typesafe\config\1.4.2\config-1.4.2.jar;C:\Users\Ritesh Ranjan Mishra\.m2\repository\org\imgscalr\imgscalr-lib\4.2\imgscalr-lib-4.2.jar;C:\Users\Ritesh Ranjan Mishra\.m2\repository\org\awaitility\awaitility\4.2.0\awaitility-4.2.0.jar;C:\Users\Ritesh Ranjan Mishra\.m2\repository\org\freemarker\freemarker\2.3.31\freemarker-2.3.31.jar;C:\Users\Ritesh Ranjan Mishra\.m2\repository\io\github\classgraph\classgraph\4.8.138\classgraph-4.8.138.jar;C:\Users\Ritesh Ranjan Mishra\.m2\repository\net\sourceforge\jexcelapi\jxl\2.6.12\jxl-2.6.12.jar;C:\Users\Ritesh Ranjan Mishra\.m2\repository\net\bytebuddy\byte-buddy-agent\1.12.12\byte-buddy-agent-1.12.12.jar;C:\Users\Ritesh Ranjan Mishra\.m2\repository\org\objenesis\objenesis\3.1\objenesis-3.1.jar;C:\Users\Ritesh Ranjan Mishra\.m2\repository\net\serenity-bdd\serenity-reports\3.3.2\serenity-reports-3.3.2.jar;C:\Users\Ritesh Ranjan Mishra\.m2\repository\net\serenity-bdd\serenity-stats\3.3.2\serenity-stats-3.3.2.jar;C:\Users\Ritesh Ranjan Mishra\.m2\repository\net\serenity-bdd\serenity-reports-configuration\3.3.2\serenity-reports-configuration-3.3.2.jar;C:\Users\Ritesh Ranjan Mishra\.m2\repository\com\vladsch\flexmark\flexmark-all\0.34.30\flexmark-all-0.34.30.jar;C:\Users\Ritesh Ranjan Mishra\.m2\repository\com\vladsch\flexmark\flexmark\0.34.30\flexmark-0.34.30.jar;C:\Users\Ritesh Ranjan Mishra\.m2\repository\com\vladsch\flexmark\flexmark-ext-abbreviation\0.34.30\flexmark-ext-abbreviation-0.34.30.jar;C:\Users\Ritesh Ranjan Mishra\.m2\repository\com\vladsch\flexmark\flexmark-ext-admonition\0.34.30\flexmark-ext-admonition-0.34.30.jar;C:\Users\Ritesh Ranjan Mishra\.m2\repository\com\vladsch\flexmark\flexmark-ext-anchorlink\0.34.30\flexmark-ext-anchorlink-0.34.30.jar;C:\Users\Ritesh Ranjan Mishra\.m2\repository\com\vladsch\flexmark\flexmark-ext-aside\0.34.30\flexmark-ext-aside-0.34.30.jar;C:\Users\Ritesh Ranjan Mishra\.m2\repository\com\vladsch\flexmark\flexmark-ext-attributes\0.34.30\flexmark-ext-attributes-0.34.30.jar;C:\Users\Ritesh Ranjan Mishra\.m2\repository\com\vladsch\flexmark\flexmark-ext-autolink\0.34.30\flexmark-ext-autolink-0.34.30.jar;C:\Users\Ritesh Ranjan Mishra\.m2\repository\org\nibor\autolink\autolink\0.6.0\autolink-0.6.0.jar;C:\Users\Ritesh Ranjan Mishra\.m2\repository\com\vladsch\flexmark\flexmark-ext-definition\0.34.30\flexmark-ext-definition-0.34.30.jar;C:\Users\Ritesh Ranjan Mishra\.m2\repository\com\vladsch\flexmark\flexmark-ext-emoji\0.34.30\flexmark-ext-emoji-0.34.30.jar;C:\Users\Ritesh Ranjan Mishra\.m2\repository\com\vladsch\flexmark\flexmark-ext-enumerated-reference\0.34.30\flexmark-ext-enumerated-reference-0.34.30.jar;C:\Users\Ritesh Ranjan Mishra\.m2\repository\com\vladsch\flexmark\flexmark-ext-escaped-character\0.34.30\flexmark-ext-escaped-character-0.34.30.jar;C:\Users\Ritesh Ranjan Mishra\.m2\repository\com\vladsch\flexmark\flexmark-ext-footnotes\0.34.30\flexmark-ext-footnotes-0.34.30.jar;C:\Users\Ritesh Ranjan Mishra\.m2\repository\com\vladsch\flexmark\flexmark-ext-gfm-issues\0.34.30\flexmark-ext-gfm-issues-0.34.30.jar;C:\Users\Ritesh Ranjan Mishra\.m2\repository\com\vladsch\flexmark\flexmark-ext-gfm-strikethrough\0.34.30\flexmark-ext-gfm-strikethrough-0.34.30.jar;C:\Users\Ritesh Ranjan Mishra\.m2\repository\com\vladsch\flexmark\flexmark-ext-gfm-tables\0.34.30\flexmark-ext-gfm-tables-0.34.30.jar;C:\Users\Ritesh Ranjan Mishra\.m2\repository\com\vladsch\flexmark\flexmark-ext-gfm-tasklist\0.34.30\flexmark-ext-gfm-tasklist-0.34.30.jar;C:\Users\Ritesh Ranjan Mishra\.m2\repository\com\vladsch\flexmark\flexmark-ext-gfm-users\0.34.30\flexmark-ext-gfm-users-0.34.30.jar;C:\Users\Ritesh Ranjan Mishra\.m2\repository\com\vladsch\flexmark\flexmark-ext-gitlab\0.34.30\flexmark-ext-gitlab-0.34.30.jar;C:\Users\Ritesh Ranjan Mishra\.m2\repository\com\vladsch\flexmark\flexmark-ext-jekyll-front-matter\0.34.30\flexmark-ext-jekyll-front-matter-0.34.30.jar;C:\Users\Ritesh Ranjan Mishra\.m2\repository\com\vladsch\flexmark\flexmark-ext-jekyll-tag\0.34.30\flexmark-ext-jekyll-tag-0.34.30.jar;C:\Users\Ritesh Ranjan Mishra\.m2\repository\com\vladsch\flexmark\flexmark-ext-media-tags\0.34.30\flexmark-ext-media-tags-0.34.30.jar;C:\Users\Ritesh Ranjan Mishra\.m2\repository\com\vladsch\flexmark\flexmark-test-util\0.34.30\flexmark-test-util-0.34.30.jar;C:\Users\Ritesh Ranjan Mishra\.m2\repository\com\vladsch\flexmark\flexmark-ext-ins\0.34.30\flexmark-ext-ins-0.34.30.jar;C:\Users\Ritesh Ranjan Mishra\.m2\repository\com\vladsch\flexmark\flexmark-ext-xwiki-macros\0.34.30\flexmark-ext-xwiki-macros-0.34.30.jar;C:\Users\Ritesh Ranjan Mishra\.m2\repository\com\vladsch\flexmark\flexmark-ext-superscript\0.34.30\flexmark-ext-superscript-0.34.30.jar;C:\Users\Ritesh Ranjan Mishra\.m2\repository\com\vladsch\flexmark\flexmark-ext-tables\0.34.30\flexmark-ext-tables-0.34.30.jar;C:\Users\Ritesh Ranjan Mishra\.m2\repository\com\vladsch\flexmark\flexmark-ext-toc\0.34.30\flexmark-ext-toc-0.34.30.jar;C:\Users\Ritesh Ranjan Mishra\.m2\repository\com\vladsch\flexmark\flexmark-ext-typographic\0.34.30\flexmark-ext-typographic-0.34.30.jar;C:\Users\Ritesh Ranjan Mishra\.m2\repository\com\vladsch\flexmark\flexmark-ext-wikilink\0.34.30\flexmark-ext-wikilink-0.34.30.jar;C:\Users\Ritesh Ranjan Mishra\.m2\repository\com\vladsch\flexmark\flexmark-ext-yaml-front-matter\0.34.30\flexmark-ext-yaml-front-matter-0.34.30.jar;C:\Users\Ritesh Ranjan Mishra\.m2\repository\com\vladsch\flexmark\flexmark-ext-youtube-embedded\0.34.30\flexmark-ext-youtube-embedded-0.34.30.jar;C:\Users\Ritesh Ranjan Mishra\.m2\repository\com\vladsch\flexmark\flexmark-formatter\0.34.30\flexmark-formatter-0.34.30.jar;C:\Users\Ritesh Ranjan Mishra\.m2\repository\com\vladsch\flexmark\flexmark-html-parser\0.34.30\flexmark-html-parser-0.34.30.jar;C:\Users\Ritesh Ranjan Mishra\.m2\repository\com\vladsch\flexmark\flexmark-jira-converter\0.34.30\flexmark-jira-converter-0.34.30.jar;C:\Users\Ritesh Ranjan Mishra\.m2\repository\com\vladsch\flexmark\flexmark-pdf-converter\0.34.30\flexmark-pdf-converter-0.34.30.jar;C:\Users\Ritesh Ranjan Mishra\.m2\repository\com\openhtmltopdf\openhtmltopdf-core\0.0.1-RC13\openhtmltopdf-core-0.0.1-RC13.jar;C:\Users\Ritesh Ranjan Mishra\.m2\repository\com\openhtmltopdf\openhtmltopdf-pdfbox\0.0.1-RC13\openhtmltopdf-pdfbox-0.0.1-RC13.jar;C:\Users\Ritesh Ranjan Mishra\.m2\repository\org\apache\pdfbox\pdfbox\2.0.8\pdfbox-2.0.8.jar;C:\Users\Ritesh Ranjan Mishra\.m2\repository\org\apache\pdfbox\fontbox\2.0.8\fontbox-2.0.8.jar;C:\Users\Ritesh Ranjan Mishra\.m2\repository\org\apache\pdfbox\xmpbox\2.0.8\xmpbox-2.0.8.jar;C:\Users\Ritesh Ranjan Mishra\.m2\repository\de\rototor\pdfbox\graphics2d\0.12\graphics2d-0.12.jar;C:\Users\Ritesh Ranjan Mishra\.m2\repository\com\openhtmltopdf\openhtmltopdf-rtl-support\0.0.1-RC13\openhtmltopdf-rtl-support-0.0.1-RC13.jar;C:\Users\Ritesh Ranjan Mishra\.m2\repository\com\ibm\icu\icu4j\59.1\icu4j-59.1.jar;C:\Users\Ritesh Ranjan Mishra\.m2\repository\com\openhtmltopdf\openhtmltopdf-jsoup-dom-converter\0.0.1-RC13\openhtmltopdf-jsoup-dom-converter-0.0.1-RC13.jar;C:\Users\Ritesh Ranjan Mishra\.m2\repository\com\vladsch\flexmark\flexmark-profile-pegdown\0.34.30\flexmark-profile-pegdown-0.34.30.jar;C:\Users\Ritesh Ranjan Mishra\.m2\repository\com\vladsch\flexmark\flexmark-util\0.34.30\flexmark-util-0.34.30.jar;C:\Users\Ritesh Ranjan Mishra\.m2\repository\com\vladsch\flexmark\flexmark-youtrack-converter\0.34.30\flexmark-youtrack-converter-0.34.30.jar;C:\Users\Ritesh Ranjan Mishra\.m2\repository\es\nitaur\markdown\txtmark\0.16\txtmark-0.16.jar;C:\Users\Ritesh Ranjan Mishra\.m2\repository\net\serenity-bdd\serenity-report-resources\3.3.2\serenity-report-resources-3.3.2.jar;C:\Users\Ritesh Ranjan Mishra\.m2\repository\com\google\code\gson\gson\2.9.0\gson-2.9.0.jar;C:\Users\Ritesh Ranjan Mishra\.m2\repository\com\fasterxml\jackson\core\jackson-core\2.13.3\jackson-core-2.13.3.jar;C:\Users\Ritesh Ranjan Mishra\.m2\repository\commons-codec\commons-codec\1.15\commons-codec-1.15.jar;C:\Users\Ritesh Ranjan Mishra\.m2\repository\commons-io\commons-io\2.11.0\commons-io-2.11.0.jar;C:\Users\Ritesh Ranjan Mishra\.m2\repository\org\seleniumhq\selenium\htmlunit-driver\3.62.0\htmlunit-driver-3.62.0.jar;C:\Users\Ritesh Ranjan Mishra\.m2\repository\net\sourceforge\htmlunit\htmlunit\2.62.0\htmlunit-2.62.0.jar;C:\Users\Ritesh Ranjan Mishra\.m2\repository\xalan\xalan\2.7.2\xalan-2.7.2.jar;C:\Users\Ritesh Ranjan Mishra\.m2\repository\xalan\serializer\2.7.2\serializer-2.7.2.jar;C:\Users\Ritesh Ranjan Mishra\.m2\repository\net\sourceforge\htmlunit\htmlunit-core-js\2.62.0\htmlunit-core-js-2.62.0.jar;C:\Users\Ritesh Ranjan Mishra\.m2\repository\net\sourceforge\htmlunit\neko-htmlunit\2.62.0\neko-htmlunit-2.62.0.jar;C:\Users\Ritesh Ranjan Mishra\.m2\repository\xerces\xercesImpl\2.12.2\xercesImpl-2.12.2.jar;C:\Users\Ritesh Ranjan Mishra\.m2\repository\xml-apis\xml-apis\1.4.01\xml-apis-1.4.01.jar;C:\Users\Ritesh Ranjan Mishra\.m2\repository\net\sourceforge\htmlunit\htmlunit-cssparser\1.12.0\htmlunit-cssparser-1.12.0.jar;C:\Users\Ritesh Ranjan Mishra\.m2\repository\com\shapesecurity\salvation2\3.0.0\salvation2-3.0.0.jar;C:\Users\Ritesh Ranjan Mishra\.m2\repository\org\eclipse\jetty\websocket\websocket-client\9.4.46.v20220331\websocket-client-9.4.46.v20220331.jar;C:\Users\Ritesh Ranjan Mishra\.m2\repository\org\eclipse\jetty\jetty-client\9.4.46.v20220331\jetty-client-9.4.46.v20220331.jar;C:\Users\Ritesh Ranjan Mishra\.m2\repository\org\eclipse\jetty\jetty-http\9.4.46.v20220331\jetty-http-9.4.46.v20220331.jar;C:\Users\Ritesh Ranjan Mishra\.m2\repository\org\eclipse\jetty\jetty-util\9.4.46.v20220331\jetty-util-9.4.46.v20220331.jar;C:\Users\Ritesh Ranjan Mishra\.m2\repository\org\eclipse\jetty\jetty-io\9.4.46.v20220331\jetty-io-9.4.46.v20220331.jar;C:\Users\Ritesh Ranjan Mishra\.m2\repository\org\eclipse\jetty\websocket\websocket-common\9.4.46.v20220331\websocket-common-9.4.46.v20220331.jar;C:\Users\Ritesh Ranjan Mishra\.m2\repository\org\eclipse\jetty\websocket\websocket-api\9.4.46.v20220331\websocket-api-9.4.46.v20220331.jar;C:\Users\Ritesh Ranjan Mishra\.m2\repository\org\seleniumhq\selenium\selenium-java\4.4.0\selenium-java-4.4.0.jar;C:\Users\Ritesh Ranjan Mishra\.m2\repository\org\seleniumhq\selenium\selenium-devtools-v102\4.4.0\selenium-devtools-v102-4.4.0.jar;C:\Users\Ritesh Ranjan Mishra\.m2\repository\org\seleniumhq\selenium\selenium-devtools-v103\4.4.0\selenium-devtools-v103-4.4.0.jar;C:\Users\Ritesh Ranjan Mishra\.m2\repository\org\seleniumhq\selenium\selenium-devtools-v104\4.4.0\selenium-devtools-v104-4.4.0.jar;C:\Users\Ritesh Ranjan Mishra\.m2\repository\org\seleniumhq\selenium\selenium-devtools-v85\4.4.0\selenium-devtools-v85-4.4.0.jar;C:\Users\Ritesh Ranjan Mishra\.m2\repository\org\seleniumhq\selenium\selenium-opera-driver\4.4.0\selenium-opera-driver-4.4.0.jar;C:\Users\Ritesh Ranjan Mishra\.m2\repository\org\seleniumhq\selenium\selenium-remote-driver\4.4.0\selenium-remote-driver-4.4.0.jar;C:\Users\Ritesh Ranjan Mishra\.m2\repository\com\beust\jcommander\1.82\jcommander-1.82.jar;C:\Users\Ritesh Ranjan Mishra\.m2\repository\io\netty\netty-buffer\4.1.78.Final\netty-buffer-4.1.78.Final.jar;C:\Users\Ritesh Ranjan Mishra\.m2\repository\io\netty\netty-codec-http\4.1.78.Final\netty-codec-http-4.1.78.Final.jar;C:\Users\Ritesh Ranjan Mishra\.m2\repository\io\netty\netty-codec\4.1.78.Final\netty-codec-4.1.78.Final.jar;C:\Users\Ritesh Ranjan Mishra\.m2\repository\io\netty\netty-handler\4.1.78.Final\netty-handler-4.1.78.Final.jar;C:\Users\Ritesh Ranjan Mishra\.m2\repository\io\netty\netty-common\4.1.78.Final\netty-common-4.1.78.Final.jar;C:\Users\Ritesh Ranjan Mishra\.m2\repository\io\netty\netty-transport-classes-epoll\4.1.78.Final\netty-transport-classes-epoll-4.1.78.Final.jar;C:\Users\Ritesh Ranjan Mishra\.m2\repository\io\netty\netty-transport-classes-kqueue\4.1.78.Final\netty-transport-classes-kqueue-4.1.78.Final.jar;C:\Users\Ritesh Ranjan Mishra\.m2\repository\io\netty\netty-transport-native-epoll\4.1.78.Final\netty-transport-native-epoll-4.1.78.Final.jar;C:\Users\Ritesh Ranjan Mishra\.m2\repository\io\netty\netty-transport-native-kqueue\4.1.78.Final\netty-transport-native-kqueue-4.1.78.Final.jar;C:\Users\Ritesh Ranjan Mishra\.m2\repository\io\netty\netty-transport-native-unix-common\4.1.78.Final\netty-transport-native-unix-common-4.1.78.Final.jar;C:\Users\Ritesh Ranjan Mishra\.m2\repository\io\netty\netty-transport\4.1.78.Final\netty-transport-4.1.78.Final.jar;C:\Users\Ritesh Ranjan Mishra\.m2\repository\io\netty\netty-resolver\4.1.78.Final\netty-resolver-4.1.78.Final.jar;C:\Users\Ritesh Ranjan Mishra\.m2\repository\io\opentelemetry\opentelemetry-api\1.16.0\opentelemetry-api-1.16.0.jar;C:\Users\Ritesh Ranjan Mishra\.m2\repository\io\opentelemetry\opentelemetry-context\1.16.0\opentelemetry-context-1.16.0.jar;C:\Users\Ritesh Ranjan Mishra\.m2\repository\io\opentelemetry\opentelemetry-exporter-logging\1.16.0\opentelemetry-exporter-logging-1.16.0.jar;C:\Users\Ritesh Ranjan Mishra\.m2\repository\io\opentelemetry\opentelemetry-sdk-metrics\1.16.0\opentelemetry-sdk-metrics-1.16.0.jar;C:\Users\Ritesh Ranjan Mishra\.m2\repository\io\opentelemetry\opentelemetry-sdk-logs\1.16.0-alpha\opentelemetry-sdk-logs-1.16.0-alpha.jar;C:\Users\Ritesh Ranjan Mishra\.m2\repository\io\opentelemetry\opentelemetry-sdk-common\1.16.0\opentelemetry-sdk-common-1.16.0.jar;C:\Users\Ritesh Ranjan Mishra\.m2\repository\io\opentelemetry\opentelemetry-sdk-extension-autoconfigure-spi\1.16.0\opentelemetry-sdk-extension-autoconfigure-spi-1.16.0.jar;C:\Users\Ritesh Ranjan Mishra\.m2\repository\io\opentelemetry\opentelemetry-sdk-extension-autoconfigure\1.16.0-alpha\opentelemetry-sdk-extension-autoconfigure-1.16.0-alpha.jar;C:\Users\Ritesh Ranjan Mishra\.m2\repository\io\opentelemetry\opentelemetry-sdk-trace\1.16.0\opentelemetry-sdk-trace-1.16.0.jar;C:\Users\Ritesh Ranjan Mishra\.m2\repository\io\opentelemetry\opentelemetry-sdk\1.16.0\opentelemetry-sdk-1.16.0.jar;C:\Users\Ritesh Ranjan Mishra\.m2\repository\io\opentelemetry\opentelemetry-semconv\1.16.0-alpha\opentelemetry-semconv-1.16.0-alpha.jar;C:\Users\Ritesh Ranjan Mishra\.m2\repository\io\ous\jtoml\2.0.0\jtoml-2.0.0.jar;C:\Users\Ritesh Ranjan Mishra\.m2\repository\org\apache\commons\commons-exec\1.3\commons-exec-1.3.jar;C:\Users\Ritesh Ranjan Mishra\.m2\repository\org\asynchttpclient\async-http-client\2.12.3\async-http-client-2.12.3.jar;C:\Users\Ritesh Ranjan Mishra\.m2\repository\org\asynchttpclient\async-http-client-netty-utils\2.12.3\async-http-client-netty-utils-2.12.3.jar;C:\Users\Ritesh Ranjan Mishra\.m2\repository\io\netty\netty-codec-socks\4.1.60.Final\netty-codec-socks-4.1.60.Final.jar;C:\Users\Ritesh Ranjan Mishra\.m2\repository\io\netty\netty-handler-proxy\4.1.60.Final\netty-handler-proxy-4.1.60.Final.jar;C:\Users\Ritesh Ranjan Mishra\.m2\repository\io\netty\netty-transport-native-epoll\4.1.60.Final\netty-transport-native-epoll-4.1.60.Final-linux-x86_64.jar;C:\Users\Ritesh Ranjan Mishra\.m2\repository\io\netty\netty-transport-native-kqueue\4.1.60.Final\netty-transport-native-kqueue-4.1.60.Final-osx-x86_64.jar;C:\Users\Ritesh Ranjan Mishra\.m2\repository\org\reactivestreams\reactive-streams\1.0.3\reactive-streams-1.0.3.jar;C:\Users\Ritesh Ranjan Mishra\.m2\repository\com\typesafe\netty\netty-reactive-streams\2.0.4\netty-reactive-streams-2.0.4.jar;C:\Users\Ritesh Ranjan Mishra\.m2\repository\org\seleniumhq\selenium\selenium-http\4.4.0\selenium-http-4.4.0.jar;C:\Users\Ritesh Ranjan Mishra\.m2\repository\dev\failsafe\failsafe\3.2.4\failsafe-3.2.4.jar;C:\Users\Ritesh Ranjan Mishra\.m2\repository\org\seleniumhq\selenium\selenium-safari-driver\4.4.0\selenium-safari-driver-4.4.0.jar;C:\Users\Ritesh Ranjan Mishra\.m2\repository\org\seleniumhq\selenium\selenium-api\4.4.0\selenium-api-4.4.0.jar;C:\Users\Ritesh Ranjan Mishra\.m2\repository\org\seleniumhq\selenium\selenium-support\4.4.0\selenium-support-4.4.0.jar;C:\Users\Ritesh Ranjan Mishra\.m2\repository\com\google\auto\service\auto-service-annotations\1.0.1\auto-service-annotations-1.0.1.jar;C:\Users\Ritesh Ranjan Mishra\.m2\repository\com\google\auto\service\auto-service\1.0.1\auto-service-1.0.1.jar;C:\Users\Ritesh Ranjan Mishra\.m2\repository\com\google\auto\auto-common\1.2\auto-common-1.2.jar;C:\Users\Ritesh Ranjan Mishra\.m2\repository\org\seleniumhq\selenium\selenium-json\4.4.0\selenium-json-4.4.0.jar;C:\Users\Ritesh Ranjan Mishra\.m2\repository\org\seleniumhq\selenium\selenium-chrome-driver\4.4.0\selenium-chrome-driver-4.4.0.jar;C:\Users\Ritesh Ranjan Mishra\.m2\repository\org\seleniumhq\selenium\selenium-chromium-driver\4.4.0\selenium-chromium-driver-4.4.0.jar;C:\Users\Ritesh Ranjan Mishra\.m2\repository\org\seleniumhq\selenium\selenium-firefox-driver\4.4.0\selenium-firefox-driver-4.4.0.jar;C:\Users\Ritesh Ranjan Mishra\.m2\repository\org\seleniumhq\selenium\selenium-edge-driver\4.4.0\selenium-edge-driver-4.4.0.jar;C:\Users\Ritesh Ranjan Mishra\.m2\repository\org\seleniumhq\selenium\selenium-ie-driver\4.4.0\selenium-ie-driver-4.4.0.jar;C:\Users\Ritesh Ranjan Mishra\.m2\repository\org\projectlombok\lombok\1.18.20\lombok-1.18.20.jar;C:\Users\Ritesh Ranjan Mishra\.m2\repository\io\appium\java-client\8.1.1\java-client-8.1.1.jar;C:\Users\Ritesh Ranjan Mishra\.m2\repository\commons-validator\commons-validator\1.7\commons-validator-1.7.jar;C:\Users\Ritesh Ranjan Mishra\.m2\repository\commons-digester\commons-digester\2.1\commons-digester-2.1.jar;C:\Users\Ritesh Ranjan Mishra\.m2\repository\org\apache\groovy\groovy\4.0.1\groovy-4.0.1.jar;C:\Users\Ritesh Ranjan Mishra\.m2\repository\net\sf\opencsv\opencsv\2.0\opencsv-2.0.jar;C:\Users\Ritesh Ranjan Mishra\.m2\repository\commons-beanutils\commons-beanutils\1.9.4\commons-beanutils-1.9.4.jar;C:\Users\Ritesh Ranjan Mishra\.m2\repository\org\apache\commons\commons-lang3\3.12.0\commons-lang3-3.12.0.jar;C:\Users\Ritesh Ranjan Mishra\.m2\repository\commons-collections\commons-collections\3.2.2\commons-collections-3.2.2.jar;C:\Users\Ritesh Ranjan Mishra\.m2\repository\org\fluentlenium\fluentlenium-core\0.10.2\fluentlenium-core-0.10.2.jar;C:\Users\Ritesh Ranjan Mishra\.m2\repository\io\github\bonigarcia\webdrivermanager\5.2.1\webdrivermanager-5.2.1.jar;C:\Users\Ritesh Ranjan Mishra\.m2\repository\com\github\docker-java\docker-java\3.2.13\docker-java-3.2.13.jar;C:\Users\Ritesh Ranjan Mishra\.m2\repository\com\github\docker-java\docker-java-core\3.2.13\docker-java-core-3.2.13.jar;C:\Users\Ritesh Ranjan Mishra\.m2\repository\com\github\docker-java\docker-java-api\3.2.13\docker-java-api-3.2.13.jar;C:\Users\Ritesh Ranjan Mishra\.m2\repository\org\bouncycastle\bcpkix-jdk15on\1.64\bcpkix-jdk15on-1.64.jar;C:\Users\Ritesh Ranjan Mishra\.m2\repository\org\bouncycastle\bcprov-jdk15on\1.64\bcprov-jdk15on-1.64.jar;C:\Users\Ritesh Ranjan Mishra\.m2\repository\org\slf4j\jcl-over-slf4j\1.7.30\jcl-over-slf4j-1.7.30.jar;C:\Users\Ritesh Ranjan Mishra\.m2\repository\com\github\docker-java\docker-java-transport-httpclient5\3.2.13\docker-java-transport-httpclient5-3.2.13.jar;C:\Users\Ritesh Ranjan Mishra\.m2\repository\com\github\docker-java\docker-java-transport\3.2.13\docker-java-transport-3.2.13.jar;C:\Users\Ritesh Ranjan Mishra\.m2\repository\net\java\dev\jna\jna\5.8.0\jna-5.8.0.jar;C:\Users\Ritesh Ranjan Mishra\.m2\repository\org\brotli\dec\0.1.2\dec-0.1.2.jar;C:\Users\Ritesh Ranjan Mishra\.m2\repository\org\apache\httpcomponents\client5\httpclient5\5.1.3\httpclient5-5.1.3.jar;C:\Users\Ritesh Ranjan Mishra\.m2\repository\org\apache\httpcomponents\core5\httpcore5\5.1.3\httpcore5-5.1.3.jar;C:\Users\Ritesh Ranjan Mishra\.m2\repository\org\apache\httpcomponents\core5\httpcore5-h2\5.1.3\httpcore5-h2-5.1.3.jar;C:\Users\Ritesh Ranjan Mishra\.m2\repository\com\jhlabs\filters\2.0.235\filters-2.0.235.jar;C:\Users\Ritesh Ranjan Mishra\.m2\repository\com\paulhammant\ngwebdriver\1.1.6\ngwebdriver-1.1.6.jar;C:\Users\Ritesh Ranjan Mishra\.m2\repository\joda-time\joda-time\2.8.2\joda-time-2.8.2.jar;C:\Users\Ritesh Ranjan Mishra\.m2\repository\org\hamcrest\hamcrest\2.2\hamcrest-2.2.jar;C:\Users\Ritesh Ranjan Mishra\.m2\repository\com\google\jimfs\jimfs\1.2\jimfs-1.2.jar;C:\Users\Ritesh Ranjan Mishra\.m2\repository\org\mockito\mockito-core\3.3.3\mockito-core-3.3.3.jar;C:\Users\Ritesh Ranjan Mishra\.m2\repository\com\sun\xml\bind\jaxb-core\2.3.0.1\jaxb-core-2.3.0.1.jar;C:\Users\Ritesh Ranjan Mishra\.m2\repository\com\sun\xml\bind\jaxb-impl\2.3.3\jaxb-impl-2.3.3.jar;C:\Users\Ritesh Ranjan Mishra\.m2\repository\jakarta\xml\bind\jakarta.xml.bind-api\2.3.3\jakarta.xml.bind-api-2.3.3.jar;C:\Users\Ritesh Ranjan Mishra\.m2\repository\com\sun\activation\jakarta.activation\1.2.2\jakarta.activation-1.2.2.jar;C:\Users\Ritesh Ranjan Mishra\.m2\repository\javax\activation\activation\1.1.1\activation-1.1.1.jar;C:\Users\Ritesh Ranjan Mishra\.m2\repository\net\serenity-bdd\serenity-cucumber\3.3.2\serenity-cucumber-3.3.2.jar;C:\Users\Ritesh Ranjan Mishra\.m2\repository\io\cucumber\cucumber-core\7.4.1\cucumber-core-7.4.1.jar;C:\Users\Ritesh Ranjan Mishra\.m2\repository\io\cucumber\cucumber-gherkin\7.4.1\cucumber-gherkin-7.4.1.jar;C:\Users\Ritesh Ranjan Mishra\.m2\repository\io\cucumber\cucumber-gherkin-messages\7.4.1\cucumber-gherkin-messages-7.4.1.jar;C:\Users\Ritesh Ranjan Mishra\.m2\repository\io\cucumber\gherkin\23.0.1\gherkin-23.0.1.jar;C:\Users\Ritesh Ranjan Mishra\.m2\repository\io\cucumber\messages\18.0.0\messages-18.0.0.jar;C:\Users\Ritesh Ranjan Mishra\.m2\repository\io\cucumber\tag-expressions\4.1.0\tag-expressions-4.1.0.jar;C:\Users\Ritesh Ranjan Mishra\.m2\repository\io\cucumber\cucumber-expressions\16.0.0\cucumber-expressions-16.0.0.jar;C:\Users\Ritesh Ranjan Mishra\.m2\repository\io\cucumber\datatable\7.4.1\datatable-7.4.1.jar;C:\Users\Ritesh Ranjan Mishra\.m2\repository\io\cucumber\cucumber-plugin\7.4.1\cucumber-plugin-7.4.1.jar;C:\Users\Ritesh Ranjan Mishra\.m2\repository\io\cucumber\docstring\7.4.1\docstring-7.4.1.jar;C:\Users\Ritesh Ranjan Mishra\.m2\repository\io\cucumber\html-formatter\19.2.0\html-formatter-19.2.0.jar;C:\Users\Ritesh Ranjan Mishra\.m2\repository\io\cucumber\ci-environment\9.0.4\ci-environment-9.0.4.jar;C:\Users\Ritesh Ranjan Mishra\.m2\repository\io\cucumber\cucumber-java\7.4.1\cucumber-java-7.4.1.jar;C:\Users\Ritesh Ranjan Mishra\.m2\repository\io\cucumber\cucumber-junit\7.4.1\cucumber-junit-7.4.1.jar;C:\Users\Ritesh Ranjan Mishra\.m2\repository\org\apache\commons\commons-csv\1.5\commons-csv-1.5.jar;C:\Users\Ritesh Ranjan Mishra\.m2\repository\net\serenity-bdd\serenity-screenplay\3.3.2\serenity-screenplay-3.3.2.jar;C:\Users\Ritesh Ranjan Mishra\.m2\repository\net\serenity-bdd\serenity-screenplay-webdriver\3.3.2\serenity-screenplay-webdriver-3.3.2.jar;C:\Users\Ritesh Ranjan Mishra\.m2\repository\net\serenity-bdd\serenity-ensure\3.3.2\serenity-ensure-3.3.2.jar;C:\Users\Ritesh Ranjan Mishra\.m2\repository\net\serenity-bdd\serenity-junit\3.3.2\serenity-junit-3.3.2.jar;C:\Users\Ritesh Ranjan Mishra\.m2\repository\org\jetbrains\kotlin\kotlin-stdlib\1.7.0\kotlin-stdlib-1.7.0.jar;C:\Users\Ritesh Ranjan Mishra\.m2\repository\org\jetbrains\kotlin\kotlin-stdlib-common\1.7.0\kotlin-stdlib-common-1.7.0.jar;C:\Users\Ritesh Ranjan Mishra\.m2\repository\org\jetbrains\annotations\13.0\annotations-13.0.jar;C:\Users\Ritesh Ranjan Mishra\.m2\repository\net\serenity-bdd\serenity-rest-assured\3.3.2\serenity-rest-assured-3.3.2.jar;C:\Users\Ritesh Ranjan Mishra\.m2\repository\org\apache\httpcomponents\httpclient\4.5.13\httpclient-4.5.13.jar;C:\Users\Ritesh Ranjan Mishra\.m2\repository\org\apache\httpcomponents\httpcore\4.4.13\httpcore-4.4.13.jar;C:\Users\Ritesh Ranjan Mishra\.m2\repository\commons-logging\commons-logging\1.2\commons-logging-1.2.jar;C:\Users\Ritesh Ranjan Mishra\.m2\repository\io\rest-assured\rest-assured\5.1.1\rest-assured-5.1.1.jar;C:\Users\Ritesh Ranjan Mishra\.m2\repository\org\apache\httpcomponents\httpmime\4.5.13\httpmime-4.5.13.jar;C:\Users\Ritesh Ranjan Mishra\.m2\repository\org\ccil\cowan\tagsoup\tagsoup\1.2.1\tagsoup-1.2.1.jar;C:\Users\Ritesh Ranjan Mishra\.m2\repository\io\rest-assured\json-path\5.1.1\json-path-5.1.1.jar;C:\Users\Ritesh Ranjan Mishra\.m2\repository\io\rest-assured\rest-assured-common\5.1.1\rest-assured-common-5.1.1.jar;C:\Users\Ritesh Ranjan Mishra\.m2\repository\io\rest-assured\xml-path\5.1.1\xml-path-5.1.1.jar;C:\Users\Ritesh Ranjan Mishra\.m2\repository\org\apache\groovy\groovy-json\4.0.1\groovy-json-4.0.1.jar;C:\Users\Ritesh Ranjan Mishra\.m2\repository\org\apache\groovy\groovy-xml\4.0.1\groovy-xml-4.0.1.jar;C:\Users\Ritesh Ranjan Mishra\.m2\repository\org\opentest4j\opentest4j\1.2.0\opentest4j-1.2.0.jar;C:\Users\Ritesh Ranjan Mishra\.m2\repository\org\junit\platform\junit-platform-launcher\1.9.0\junit-platform-launcher-1.9.0.jar;C:\Users\Ritesh Ranjan Mishra\.m2\repository\org\junit\platform\junit-platform-engine\1.9.0\junit-platform-engine-1.9.0.jar;C:\Users\Ritesh Ranjan Mishra\.m2\repository\org\junit\platform\junit-platform-commons\1.9.0\junit-platform-commons-1.9.0.jar;C:\Users\Ritesh Ranjan Mishra\.m2\repository\org\apiguardian\apiguardian-api\1.1.2\apiguardian-api-1.1.2.jar;C:\Users\Ritesh Ranjan Mishra\.m2\repository\com\fasterxml\jackson\core\jackson-databind\2.13.4\jackson-databind-2.13.4.jar;C:\Users\Ritesh Ranjan Mishra\.m2\repository\com\fasterxml\jackson\core\jackson-annotations\2.13.4\jackson-annotations-2.13.4.jar;C:\Users\Ritesh Ranjan Mishra\.m2\repository\com\fasterxml\jackson\datatype\jackson-datatype-jdk8\2.13.4\jackson-datatype-jdk8-2.13.4.jar;C:\Users\Ritesh Ranjan Mishra\.m2\repository\org\junit\jupiter\junit-jupiter-engine\5.9.0\junit-jupiter-engine-5.9.0.jar;C:\Users\Ritesh Ranjan Mishra\.m2\repository\org\junit\jupiter\junit-jupiter-api\5.9.0\junit-jupiter-api-5.9.0.jar;C:\Users\Ritesh Ranjan Mishra\.m2\repository\org\junit\vintage\junit-vintage-engine\5.9.0\junit-vintage-engine-5.9.0.jar;C:\Users\Ritesh Ranjan Mishra\.m2\repository\junit\junit\4.13.2\junit-4.13.2.jar;C:\Users\Ritesh Ranjan Mishra\.m2\repository\org\hamcrest\hamcrest-core\1.3\hamcrest-core-1.3.jar;C:\Users\Ritesh Ranjan Mishra\.m2\repository\ch\qos\logback\logback-classic\1.2.11\logback-classic-1.2.11.jar;C:\Users\Ritesh Ranjan Mishra\.m2\repository\ch\qos\logback\logback-core\1.2.11\logback-core-1.2.11.jar;C:\Users\Ritesh Ranjan Mishra\.m2\repository\org\slf4j\slf4j-api\1.7.32\slf4j-api-1.7.32.jar;C:\Users\Ritesh Ranjan Mishra\.m2\repository\org\assertj\assertj-core\3.23.1\assertj-core-3.23.1.jar;C:\Users\Ritesh Ranjan Mishra\.m2\repository\net\bytebuddy\byte-buddy\1.12.10\byte-buddy-1.12.10.jar;C:\Users\Ritesh Ranjan Mishra\.m2\repository\org\apache\poi\poi\5.2.2\poi-5.2.2.jar;C:\Users\Ritesh Ranjan Mishra\.m2\repository\org\apache\commons\commons-collections4\4.4\commons-collections4-4.4.jar;C:\Users\Ritesh Ranjan Mishra\.m2\repository\org\apache\commons\commons-math3\3.6.1\commons-math3-3.6.1.jar;C:\Users\Ritesh Ranjan Mishra\.m2\repository\com\zaxxer\SparseBitSet\1.2\SparseBitSet-1.2.jar;C:\Users\Ritesh Ranjan Mishra\.m2\repository\org\apache\logging\log4j\log4j-api\2.17.2\log4j-api-2.17.2.jar;C:\Users\Ritesh Ranjan Mishra\.m2\repository\org\apache\poi\poi-ooxml\5.2.2\poi-ooxml-5.2.2.jar;C:\Users\Ritesh Ranjan Mishra\.m2\repository\org\apache\poi\poi-ooxml-lite\5.2.2\poi-ooxml-lite-5.2.2.jar;C:\Users\Ritesh Ranjan Mishra\.m2\repository\org\apache\commons\commons-compress\1.21\commons-compress-1.21.jar;C:\Users\Ritesh Ranjan Mishra\.m2\repository\com\github\virtuald\curvesapi\1.07\curvesapi-1.07.jar;C:\Users\Ritesh Ranjan Mishra\.m2\repository\org\apache\poi\poi-ooxml-schemas\4.1.2\poi-ooxml-schemas-4.1.2.jar;C:\Users\Ritesh Ranjan Mishra\.m2\repository\org\apache\xmlbeans\xmlbeans\5.1.1\xmlbeans-5.1.1.jar;C:\Users\Ritesh Ranjan Mishra\.m2\repository\mysql\mysql-connector-java\8.0.30\mysql-connector-java-8.0.30.jar;C:\Users\Ritesh Ranjan Mishra\.m2\repository\com\google\protobuf\protobuf-java\3.19.4\protobuf-java-3.19.4.jar;"/>
    <property name="sun.cpu.endian" value="little"/>
    <property name="user.home" value="C:\Users\Ritesh Ranjan Mishra"/>
    <property name="user.language" value="en"/>
    <property name="java.specification.vendor" value="Oracle Corporation"/>
    <property name="jdk.module.path" value="D:\API Testing\JiraAPI\target\JiraAPI-1.0-SNAPSHOT.jar"/>
    <property name="java.version.date" value="2021-10-19"/>
    <property name="java.home" value="C:\Program Files\Java\jdk-11.0.13"/>
    <property name="file.separator" value="\"/>
    <property name="basedir" value="D:\API Testing\JiraAPI"/>
    <property name="java.vm.compressedOopsMode" value="Zero based"/>
    <property name="line.separator" value="&#10;"/>
    <property name="java.specification.name" value="Java Platform API Specification"/>
    <property name="java.vm.specification.vendor" value="Oracle Corporation"/>
    <property name="java.awt.graphicsenv" value="sun.awt.Win32GraphicsEnvironment"/>
    <property name="surefire.real.class.path" value="C:\Users\Ritesh Ranjan Mishra\.m2\repository\org\apache\maven\surefire\surefire-booter\3.0.0-M5\surefire-booter-3.0.0-M5.jar;C:\Users\Ritesh Ranjan Mishra\.m2\repository\org\apache\maven\surefire\surefire-api\3.0.0-M5\surefire-api-3.0.0-M5.jar;C:\Users\Ritesh Ranjan Mishra\.m2\repository\org\apache\maven\surefire\surefire-logger-api\3.0.0-M5\surefire-logger-api-3.0.0-M5.jar;C:\Users\Ritesh Ranjan Mishra\.m2\repository\org\apache\maven\surefire\surefire-shared-utils\3.0.0-M4\surefire-shared-utils-3.0.0-M4.jar;C:\Users\Ritesh Ranjan Mishra\.m2\repository\org\apache\maven\surefire\surefire-extensions-spi\3.0.0-M5\surefire-extensions-spi-3.0.0-M5.jar;D:\API Testing\JiraAPI\target\test-classes;C:\Users\Ritesh Ranjan Mishra\.m2\repository\javax\xml\bind\jaxb-api\2.4.0-b180830.0359\jaxb-api-2.4.0-b180830.0359.jar;C:\Users\Ritesh Ranjan Mishra\.m2\repository\javax\activation\javax.activation-api\1.2.0\javax.activation-api-1.2.0.jar;C:\Users\Ritesh Ranjan Mishra\.m2\repository\net\serenity-bdd\serenity-core\3.3.2\serenity-core-3.3.2.jar;C:\Users\Ritesh Ranjan Mishra\.m2\repository\net\serenity-bdd\serenity-model\3.3.2\serenity-model-3.3.2.jar;C:\Users\Ritesh Ranjan Mishra\.m2\repository\org\apache\commons\commons-text\1.9\commons-text-1.9.jar;C:\Users\Ritesh Ranjan Mishra\.m2\repository\commons-net\commons-net\3.8.0\commons-net-3.8.0.jar;C:\Users\Ritesh Ranjan Mishra\.m2\repository\com\google\guava\guava\31.1-jre\guava-31.1-jre.jar;C:\Users\Ritesh Ranjan Mishra\.m2\repository\com\google\guava\failureaccess\1.0.1\failureaccess-1.0.1.jar;C:\Users\Ritesh Ranjan Mishra\.m2\repository\com\google\guava\listenablefuture\9999.0-empty-to-avoid-conflict-with-guava\listenablefuture-9999.0-empty-to-avoid-conflict-with-guava.jar;C:\Users\Ritesh Ranjan Mishra\.m2\repository\com\google\code\findbugs\jsr305\3.0.2\jsr305-3.0.2.jar;C:\Users\Ritesh Ranjan Mishra\.m2\repository\org\checkerframework\checker-qual\3.12.0\checker-qual-3.12.0.jar;C:\Users\Ritesh Ranjan Mishra\.m2\repository\com\google\errorprone\error_prone_annotations\2.11.0\error_prone_annotations-2.11.0.jar;C:\Users\Ritesh Ranjan Mishra\.m2\repository\com\google\j2objc\j2objc-annotations\1.3\j2objc-annotations-1.3.jar;C:\Users\Ritesh Ranjan Mishra\.m2\repository\com\google\inject\guice\5.1.0\guice-5.1.0.jar;C:\Users\Ritesh Ranjan Mishra\.m2\repository\javax\inject\javax.inject\1\javax.inject-1.jar;C:\Users\Ritesh Ranjan Mishra\.m2\repository\aopalliance\aopalliance\1.0\aopalliance-1.0.jar;C:\Users\Ritesh Ranjan Mishra\.m2\repository\org\jsoup\jsoup\1.14.3\jsoup-1.14.3.jar;C:\Users\Ritesh Ranjan Mishra\.m2\repository\com\thoughtworks\xstream\xstream\1.4.19\xstream-1.4.19.jar;C:\Users\Ritesh Ranjan Mishra\.m2\repository\io\github\x-stream\mxparser\1.2.2\mxparser-1.2.2.jar;C:\Users\Ritesh Ranjan Mishra\.m2\repository\xmlpull\xmlpull\1.1.3.1\xmlpull-1.1.3.1.jar;C:\Users\Ritesh Ranjan Mishra\.m2\repository\com\typesafe\config\1.4.2\config-1.4.2.jar;C:\Users\Ritesh Ranjan Mishra\.m2\repository\org\imgscalr\imgscalr-lib\4.2\imgscalr-lib-4.2.jar;C:\Users\Ritesh Ranjan Mishra\.m2\repository\org\awaitility\awaitility\4.2.0\awaitility-4.2.0.jar;C:\Users\Ritesh Ranjan Mishra\.m2\repository\org\freemarker\freemarker\2.3.31\freemarker-2.3.31.jar;C:\Users\Ritesh Ranjan Mishra\.m2\repository\io\github\classgraph\classgraph\4.8.138\classgraph-4.8.138.jar;C:\Users\Ritesh Ranjan Mishra\.m2\repository\net\sourceforge\jexcelapi\jxl\2.6.12\jxl-2.6.12.jar;C:\Users\Ritesh Ranjan Mishra\.m2\repository\net\bytebuddy\byte-buddy-agent\1.12.12\byte-buddy-agent-1.12.12.jar;C:\Users\Ritesh Ranjan Mishra\.m2\repository\org\objenesis\objenesis\3.1\objenesis-3.1.jar;C:\Users\Ritesh Ranjan Mishra\.m2\repository\net\serenity-bdd\serenity-reports\3.3.2\serenity-reports-3.3.2.jar;C:\Users\Ritesh Ranjan Mishra\.m2\repository\net\serenity-bdd\serenity-stats\3.3.2\serenity-stats-3.3.2.jar;C:\Users\Ritesh Ranjan Mishra\.m2\repository\net\serenity-bdd\serenity-reports-configuration\3.3.2\serenity-reports-configuration-3.3.2.jar;C:\Users\Ritesh Ranjan Mishra\.m2\repository\com\vladsch\flexmark\flexmark-all\0.34.30\flexmark-all-0.34.30.jar;C:\Users\Ritesh Ranjan Mishra\.m2\repository\com\vladsch\flexmark\flexmark\0.34.30\flexmark-0.34.30.jar;C:\Users\Ritesh Ranjan Mishra\.m2\repository\com\vladsch\flexmark\flexmark-ext-abbreviation\0.34.30\flexmark-ext-abbreviation-0.34.30.jar;C:\Users\Ritesh Ranjan Mishra\.m2\repository\com\vladsch\flexmark\flexmark-ext-admonition\0.34.30\flexmark-ext-admonition-0.34.30.jar;C:\Users\Ritesh Ranjan Mishra\.m2\repository\com\vladsch\flexmark\flexmark-ext-anchorlink\0.34.30\flexmark-ext-anchorlink-0.34.30.jar;C:\Users\Ritesh Ranjan Mishra\.m2\repository\com\vladsch\flexmark\flexmark-ext-aside\0.34.30\flexmark-ext-aside-0.34.30.jar;C:\Users\Ritesh Ranjan Mishra\.m2\repository\com\vladsch\flexmark\flexmark-ext-attributes\0.34.30\flexmark-ext-attributes-0.34.30.jar;C:\Users\Ritesh Ranjan Mishra\.m2\repository\com\vladsch\flexmark\flexmark-ext-autolink\0.34.30\flexmark-ext-autolink-0.34.30.jar;C:\Users\Ritesh Ranjan Mishra\.m2\repository\org\nibor\autolink\autolink\0.6.0\autolink-0.6.0.jar;C:\Users\Ritesh Ranjan Mishra\.m2\repository\com\vladsch\flexmark\flexmark-ext-definition\0.34.30\flexmark-ext-definition-0.34.30.jar;C:\Users\Ritesh Ranjan Mishra\.m2\repository\com\vladsch\flexmark\flexmark-ext-emoji\0.34.30\flexmark-ext-emoji-0.34.30.jar;C:\Users\Ritesh Ranjan Mishra\.m2\repository\com\vladsch\flexmark\flexmark-ext-enumerated-reference\0.34.30\flexmark-ext-enumerated-reference-0.34.30.jar;C:\Users\Ritesh Ranjan Mishra\.m2\repository\com\vladsch\flexmark\flexmark-ext-escaped-character\0.34.30\flexmark-ext-escaped-character-0.34.30.jar;C:\Users\Ritesh Ranjan Mishra\.m2\repository\com\vladsch\flexmark\flexmark-ext-footnotes\0.34.30\flexmark-ext-footnotes-0.34.30.jar;C:\Users\Ritesh Ranjan Mishra\.m2\repository\com\vladsch\flexmark\flexmark-ext-gfm-issues\0.34.30\flexmark-ext-gfm-issues-0.34.30.jar;C:\Users\Ritesh Ranjan Mishra\.m2\repository\com\vladsch\flexmark\flexmark-ext-gfm-strikethrough\0.34.30\flexmark-ext-gfm-strikethrough-0.34.30.jar;C:\Users\Ritesh Ranjan Mishra\.m2\repository\com\vladsch\flexmark\flexmark-ext-gfm-tables\0.34.30\flexmark-ext-gfm-tables-0.34.30.jar;C:\Users\Ritesh Ranjan Mishra\.m2\repository\com\vladsch\flexmark\flexmark-ext-gfm-tasklist\0.34.30\flexmark-ext-gfm-tasklist-0.34.30.jar;C:\Users\Ritesh Ranjan Mishra\.m2\repository\com\vladsch\flexmark\flexmark-ext-gfm-users\0.34.30\flexmark-ext-gfm-users-0.34.30.jar;C:\Users\Ritesh Ranjan Mishra\.m2\repository\com\vladsch\flexmark\flexmark-ext-gitlab\0.34.30\flexmark-ext-gitlab-0.34.30.jar;C:\Users\Ritesh Ranjan Mishra\.m2\repository\com\vladsch\flexmark\flexmark-ext-jekyll-front-matter\0.34.30\flexmark-ext-jekyll-front-matter-0.34.30.jar;C:\Users\Ritesh Ranjan Mishra\.m2\repository\com\vladsch\flexmark\flexmark-ext-jekyll-tag\0.34.30\flexmark-ext-jekyll-tag-0.34.30.jar;C:\Users\Ritesh Ranjan Mishra\.m2\repository\com\vladsch\flexmark\flexmark-ext-media-tags\0.34.30\flexmark-ext-media-tags-0.34.30.jar;C:\Users\Ritesh Ranjan Mishra\.m2\repository\com\vladsch\flexmark\flexmark-test-util\0.34.30\flexmark-test-util-0.34.30.jar;C:\Users\Ritesh Ranjan Mishra\.m2\repository\com\vladsch\flexmark\flexmark-ext-ins\0.34.30\flexmark-ext-ins-0.34.30.jar;C:\Users\Ritesh Ranjan Mishra\.m2\repository\com\vladsch\flexmark\flexmark-ext-xwiki-macros\0.34.30\flexmark-ext-xwiki-macros-0.34.30.jar;C:\Users\Ritesh Ranjan Mishra\.m2\repository\com\vladsch\flexmark\flexmark-ext-superscript\0.34.30\flexmark-ext-superscript-0.34.30.jar;C:\Users\Ritesh Ranjan Mishra\.m2\repository\com\vladsch\flexmark\flexmark-ext-tables\0.34.30\flexmark-ext-tables-0.34.30.jar;C:\Users\Ritesh Ranjan Mishra\.m2\repository\com\vladsch\flexmark\flexmark-ext-toc\0.34.30\flexmark-ext-toc-0.34.30.jar;C:\Users\Ritesh Ranjan Mishra\.m2\repository\com\vladsch\flexmark\flexmark-ext-typographic\0.34.30\flexmark-ext-typographic-0.34.30.jar;C:\Users\Ritesh Ranjan Mishra\.m2\repository\com\vladsch\flexmark\flexmark-ext-wikilink\0.34.30\flexmark-ext-wikilink-0.34.30.jar;C:\Users\Ritesh Ranjan Mishra\.m2\repository\com\vladsch\flexmark\flexmark-ext-yaml-front-matter\0.34.30\flexmark-ext-yaml-front-matter-0.34.30.jar;C:\Users\Ritesh Ranjan Mishra\.m2\repository\com\vladsch\flexmark\flexmark-ext-youtube-embedded\0.34.30\flexmark-ext-youtube-embedded-0.34.30.jar;C:\Users\Ritesh Ranjan Mishra\.m2\repository\com\vladsch\flexmark\flexmark-formatter\0.34.30\flexmark-formatter-0.34.30.jar;C:\Users\Ritesh Ranjan Mishra\.m2\repository\com\vladsch\flexmark\flexmark-html-parser\0.34.30\flexmark-html-parser-0.34.30.jar;C:\Users\Ritesh Ranjan Mishra\.m2\repository\com\vladsch\flexmark\flexmark-jira-converter\0.34.30\flexmark-jira-converter-0.34.30.jar;C:\Users\Ritesh Ranjan Mishra\.m2\repository\com\vladsch\flexmark\flexmark-pdf-converter\0.34.30\flexmark-pdf-converter-0.34.30.jar;C:\Users\Ritesh Ranjan Mishra\.m2\repository\com\openhtmltopdf\openhtmltopdf-core\0.0.1-RC13\openhtmltopdf-core-0.0.1-RC13.jar;C:\Users\Ritesh Ranjan Mishra\.m2\repository\com\openhtmltopdf\openhtmltopdf-pdfbox\0.0.1-RC13\openhtmltopdf-pdfbox-0.0.1-RC13.jar;C:\Users\Ritesh Ranjan Mishra\.m2\repository\org\apache\pdfbox\pdfbox\2.0.8\pdfbox-2.0.8.jar;C:\Users\Ritesh Ranjan Mishra\.m2\repository\org\apache\pdfbox\fontbox\2.0.8\fontbox-2.0.8.jar;C:\Users\Ritesh Ranjan Mishra\.m2\repository\org\apache\pdfbox\xmpbox\2.0.8\xmpbox-2.0.8.jar;C:\Users\Ritesh Ranjan Mishra\.m2\repository\de\rototor\pdfbox\graphics2d\0.12\graphics2d-0.12.jar;C:\Users\Ritesh Ranjan Mishra\.m2\repository\com\openhtmltopdf\openhtmltopdf-rtl-support\0.0.1-RC13\openhtmltopdf-rtl-support-0.0.1-RC13.jar;C:\Users\Ritesh Ranjan Mishra\.m2\repository\com\ibm\icu\icu4j\59.1\icu4j-59.1.jar;C:\Users\Ritesh Ranjan Mishra\.m2\repository\com\openhtmltopdf\openhtmltopdf-jsoup-dom-converter\0.0.1-RC13\openhtmltopdf-jsoup-dom-converter-0.0.1-RC13.jar;C:\Users\Ritesh Ranjan Mishra\.m2\repository\com\vladsch\flexmark\flexmark-profile-pegdown\0.34.30\flexmark-profile-pegdown-0.34.30.jar;C:\Users\Ritesh Ranjan Mishra\.m2\repository\com\vladsch\flexmark\flexmark-util\0.34.30\flexmark-util-0.34.30.jar;C:\Users\Ritesh Ranjan Mishra\.m2\repository\com\vladsch\flexmark\flexmark-youtrack-converter\0.34.30\flexmark-youtrack-converter-0.34.30.jar;C:\Users\Ritesh Ranjan Mishra\.m2\repository\es\nitaur\markdown\txtmark\0.16\txtmark-0.16.jar;C:\Users\Ritesh Ranjan Mishra\.m2\repository\net\serenity-bdd\serenity-report-resources\3.3.2\serenity-report-resources-3.3.2.jar;C:\Users\Ritesh Ranjan Mishra\.m2\repository\com\google\code\gson\gson\2.9.0\gson-2.9.0.jar;C:\Users\Ritesh Ranjan Mishra\.m2\repository\com\fasterxml\jackson\core\jackson-core\2.13.3\jackson-core-2.13.3.jar;C:\Users\Ritesh Ranjan Mishra\.m2\repository\commons-codec\commons-codec\1.15\commons-codec-1.15.jar;C:\Users\Ritesh Ranjan Mishra\.m2\repository\commons-io\commons-io\2.11.0\commons-io-2.11.0.jar;C:\Users\Ritesh Ranjan Mishra\.m2\repository\org\seleniumhq\selenium\htmlunit-driver\3.62.0\htmlunit-driver-3.62.0.jar;C:\Users\Ritesh Ranjan Mishra\.m2\repository\net\sourceforge\htmlunit\htmlunit\2.62.0\htmlunit-2.62.0.jar;C:\Users\Ritesh Ranjan Mishra\.m2\repository\xalan\xalan\2.7.2\xalan-2.7.2.jar;C:\Users\Ritesh Ranjan Mishra\.m2\repository\xalan\serializer\2.7.2\serializer-2.7.2.jar;C:\Users\Ritesh Ranjan Mishra\.m2\repository\net\sourceforge\htmlunit\htmlunit-core-js\2.62.0\htmlunit-core-js-2.62.0.jar;C:\Users\Ritesh Ranjan Mishra\.m2\repository\net\sourceforge\htmlunit\neko-htmlunit\2.62.0\neko-htmlunit-2.62.0.jar;C:\Users\Ritesh Ranjan Mishra\.m2\repository\xerces\xercesImpl\2.12.2\xercesImpl-2.12.2.jar;C:\Users\Ritesh Ranjan Mishra\.m2\repository\xml-apis\xml-apis\1.4.01\xml-apis-1.4.01.jar;C:\Users\Ritesh Ranjan Mishra\.m2\repository\net\sourceforge\htmlunit\htmlunit-cssparser\1.12.0\htmlunit-cssparser-1.12.0.jar;C:\Users\Ritesh Ranjan Mishra\.m2\repository\com\shapesecurity\salvation2\3.0.0\salvation2-3.0.0.jar;C:\Users\Ritesh Ranjan Mishra\.m2\repository\org\eclipse\jetty\websocket\websocket-client\9.4.46.v20220331\websocket-client-9.4.46.v20220331.jar;C:\Users\Ritesh Ranjan Mishra\.m2\repository\org\eclipse\jetty\jetty-client\9.4.46.v20220331\jetty-client-9.4.46.v20220331.jar;C:\Users\Ritesh Ranjan Mishra\.m2\repository\org\eclipse\jetty\jetty-http\9.4.46.v20220331\jetty-http-9.4.46.v20220331.jar;C:\Users\Ritesh Ranjan Mishra\.m2\repository\org\eclipse\jetty\jetty-util\9.4.46.v20220331\jetty-util-9.4.46.v20220331.jar;C:\Users\Ritesh Ranjan Mishra\.m2\repository\org\eclipse\jetty\jetty-io\9.4.46.v20220331\jetty-io-9.4.46.v20220331.jar;C:\Users\Ritesh Ranjan Mishra\.m2\repository\org\eclipse\jetty\websocket\websocket-common\9.4.46.v20220331\websocket-common-9.4.46.v20220331.jar;C:\Users\Ritesh Ranjan Mishra\.m2\repository\org\eclipse\jetty\websocket\websocket-api\9.4.46.v20220331\websocket-api-9.4.46.v20220331.jar;C:\Users\Ritesh Ranjan Mishra\.m2\repository\org\seleniumhq\selenium\selenium-java\4.4.0\selenium-java-4.4.0.jar;C:\Users\Ritesh Ranjan Mishra\.m2\repository\org\seleniumhq\selenium\selenium-devtools-v102\4.4.0\selenium-devtools-v102-4.4.0.jar;C:\Users\Ritesh Ranjan Mishra\.m2\repository\org\seleniumhq\selenium\selenium-devtools-v103\4.4.0\selenium-devtools-v103-4.4.0.jar;C:\Users\Ritesh Ranjan Mishra\.m2\repository\org\seleniumhq\selenium\selenium-devtools-v104\4.4.0\selenium-devtools-v104-4.4.0.jar;C:\Users\Ritesh Ranjan Mishra\.m2\repository\org\seleniumhq\selenium\selenium-devtools-v85\4.4.0\selenium-devtools-v85-4.4.0.jar;C:\Users\Ritesh Ranjan Mishra\.m2\repository\org\seleniumhq\selenium\selenium-opera-driver\4.4.0\selenium-opera-driver-4.4.0.jar;C:\Users\Ritesh Ranjan Mishra\.m2\repository\org\seleniumhq\selenium\selenium-remote-driver\4.4.0\selenium-remote-driver-4.4.0.jar;C:\Users\Ritesh Ranjan Mishra\.m2\repository\com\beust\jcommander\1.82\jcommander-1.82.jar;C:\Users\Ritesh Ranjan Mishra\.m2\repository\io\netty\netty-buffer\4.1.78.Final\netty-buffer-4.1.78.Final.jar;C:\Users\Ritesh Ranjan Mishra\.m2\repository\io\netty\netty-codec-http\4.1.78.Final\netty-codec-http-4.1.78.Final.jar;C:\Users\Ritesh Ranjan Mishra\.m2\repository\io\netty\netty-codec\4.1.78.Final\netty-codec-4.1.78.Final.jar;C:\Users\Ritesh Ranjan Mishra\.m2\repository\io\netty\netty-handler\4.1.78.Final\netty-handler-4.1.78.Final.jar;C:\Users\Ritesh Ranjan Mishra\.m2\repository\io\netty\netty-common\4.1.78.Final\netty-common-4.1.78.Final.jar;C:\Users\Ritesh Ranjan Mishra\.m2\repository\io\netty\netty-transport-classes-epoll\4.1.78.Final\netty-transport-classes-epoll-4.1.78.Final.jar;C:\Users\Ritesh Ranjan Mishra\.m2\repository\io\netty\netty-transport-classes-kqueue\4.1.78.Final\netty-transport-classes-kqueue-4.1.78.Final.jar;C:\Users\Ritesh Ranjan Mishra\.m2\repository\io\netty\netty-transport-native-epoll\4.1.78.Final\netty-transport-native-epoll-4.1.78.Final.jar;C:\Users\Ritesh Ranjan Mishra\.m2\repository\io\netty\netty-transport-native-kqueue\4.1.78.Final\netty-transport-native-kqueue-4.1.78.Final.jar;C:\Users\Ritesh Ranjan Mishra\.m2\repository\io\netty\netty-transport-native-unix-common\4.1.78.Final\netty-transport-native-unix-common-4.1.78.Final.jar;C:\Users\Ritesh Ranjan Mishra\.m2\repository\io\netty\netty-transport\4.1.78.Final\netty-transport-4.1.78.Final.jar;C:\Users\Ritesh Ranjan Mishra\.m2\repository\io\netty\netty-resolver\4.1.78.Final\netty-resolver-4.1.78.Final.jar;C:\Users\Ritesh Ranjan Mishra\.m2\repository\io\opentelemetry\opentelemetry-api\1.16.0\opentelemetry-api-1.16.0.jar;C:\Users\Ritesh Ranjan Mishra\.m2\repository\io\opentelemetry\opentelemetry-context\1.16.0\opentelemetry-context-1.16.0.jar;C:\Users\Ritesh Ranjan Mishra\.m2\repository\io\opentelemetry\opentelemetry-exporter-logging\1.16.0\opentelemetry-exporter-logging-1.16.0.jar;C:\Users\Ritesh Ranjan Mishra\.m2\repository\io\opentelemetry\opentelemetry-sdk-metrics\1.16.0\opentelemetry-sdk-metrics-1.16.0.jar;C:\Users\Ritesh Ranjan Mishra\.m2\repository\io\opentelemetry\opentelemetry-sdk-logs\1.16.0-alpha\opentelemetry-sdk-logs-1.16.0-alpha.jar;C:\Users\Ritesh Ranjan Mishra\.m2\repository\io\opentelemetry\opentelemetry-sdk-common\1.16.0\opentelemetry-sdk-common-1.16.0.jar;C:\Users\Ritesh Ranjan Mishra\.m2\repository\io\opentelemetry\opentelemetry-sdk-extension-autoconfigure-spi\1.16.0\opentelemetry-sdk-extension-autoconfigure-spi-1.16.0.jar;C:\Users\Ritesh Ranjan Mishra\.m2\repository\io\opentelemetry\opentelemetry-sdk-extension-autoconfigure\1.16.0-alpha\opentelemetry-sdk-extension-autoconfigure-1.16.0-alpha.jar;C:\Users\Ritesh Ranjan Mishra\.m2\repository\io\opentelemetry\opentelemetry-sdk-trace\1.16.0\opentelemetry-sdk-trace-1.16.0.jar;C:\Users\Ritesh Ranjan Mishra\.m2\repository\io\opentelemetry\opentelemetry-sdk\1.16.0\opentelemetry-sdk-1.16.0.jar;C:\Users\Ritesh Ranjan Mishra\.m2\repository\io\opentelemetry\opentelemetry-semconv\1.16.0-alpha\opentelemetry-semconv-1.16.0-alpha.jar;C:\Users\Ritesh Ranjan Mishra\.m2\repository\io\ous\jtoml\2.0.0\jtoml-2.0.0.jar;C:\Users\Ritesh Ranjan Mishra\.m2\repository\org\apache\commons\commons-exec\1.3\commons-exec-1.3.jar;C:\Users\Ritesh Ranjan Mishra\.m2\repository\org\asynchttpclient\async-http-client\2.12.3\async-http-client-2.12.3.jar;C:\Users\Ritesh Ranjan Mishra\.m2\repository\org\asynchttpclient\async-http-client-netty-utils\2.12.3\async-http-client-netty-utils-2.12.3.jar;C:\Users\Ritesh Ranjan Mishra\.m2\repository\io\netty\netty-codec-socks\4.1.60.Final\netty-codec-socks-4.1.60.Final.jar;C:\Users\Ritesh Ranjan Mishra\.m2\repository\io\netty\netty-handler-proxy\4.1.60.Final\netty-handler-proxy-4.1.60.Final.jar;C:\Users\Ritesh Ranjan Mishra\.m2\repository\io\netty\netty-transport-native-epoll\4.1.60.Final\netty-transport-native-epoll-4.1.60.Final-linux-x86_64.jar;C:\Users\Ritesh Ranjan Mishra\.m2\repository\io\netty\netty-transport-native-kqueue\4.1.60.Final\netty-transport-native-kqueue-4.1.60.Final-osx-x86_64.jar;C:\Users\Ritesh Ranjan Mishra\.m2\repository\org\reactivestreams\reactive-streams\1.0.3\reactive-streams-1.0.3.jar;C:\Users\Ritesh Ranjan Mishra\.m2\repository\com\typesafe\netty\netty-reactive-streams\2.0.4\netty-reactive-streams-2.0.4.jar;C:\Users\Ritesh Ranjan Mishra\.m2\repository\org\seleniumhq\selenium\selenium-http\4.4.0\selenium-http-4.4.0.jar;C:\Users\Ritesh Ranjan Mishra\.m2\repository\dev\failsafe\failsafe\3.2.4\failsafe-3.2.4.jar;C:\Users\Ritesh Ranjan Mishra\.m2\repository\org\seleniumhq\selenium\selenium-safari-driver\4.4.0\selenium-safari-driver-4.4.0.jar;C:\Users\Ritesh Ranjan Mishra\.m2\repository\org\seleniumhq\selenium\selenium-api\4.4.0\selenium-api-4.4.0.jar;C:\Users\Ritesh Ranjan Mishra\.m2\repository\org\seleniumhq\selenium\selenium-support\4.4.0\selenium-support-4.4.0.jar;C:\Users\Ritesh Ranjan Mishra\.m2\repository\com\google\auto\service\auto-service-annotations\1.0.1\auto-service-annotations-1.0.1.jar;C:\Users\Ritesh Ranjan Mishra\.m2\repository\com\google\auto\service\auto-service\1.0.1\auto-service-1.0.1.jar;C:\Users\Ritesh Ranjan Mishra\.m2\repository\com\google\auto\auto-common\1.2\auto-common-1.2.jar;C:\Users\Ritesh Ranjan Mishra\.m2\repository\org\seleniumhq\selenium\selenium-json\4.4.0\selenium-json-4.4.0.jar;C:\Users\Ritesh Ranjan Mishra\.m2\repository\org\seleniumhq\selenium\selenium-chrome-driver\4.4.0\selenium-chrome-driver-4.4.0.jar;C:\Users\Ritesh Ranjan Mishra\.m2\repository\org\seleniumhq\selenium\selenium-chromium-driver\4.4.0\selenium-chromium-driver-4.4.0.jar;C:\Users\Ritesh Ranjan Mishra\.m2\repository\org\seleniumhq\selenium\selenium-firefox-driver\4.4.0\selenium-firefox-driver-4.4.0.jar;C:\Users\Ritesh Ranjan Mishra\.m2\repository\org\seleniumhq\selenium\selenium-edge-driver\4.4.0\selenium-edge-driver-4.4.0.jar;C:\Users\Ritesh Ranjan Mishra\.m2\repository\org\seleniumhq\selenium\selenium-ie-driver\4.4.0\selenium-ie-driver-4.4.0.jar;C:\Users\Ritesh Ranjan Mishra\.m2\repository\org\projectlombok\lombok\1.18.20\lombok-1.18.20.jar;C:\Users\Ritesh Ranjan Mishra\.m2\repository\io\appium\java-client\8.1.1\java-client-8.1.1.jar;C:\Users\Ritesh Ranjan Mishra\.m2\repository\commons-validator\commons-validator\1.7\commons-validator-1.7.jar;C:\Users\Ritesh Ranjan Mishra\.m2\repository\commons-digester\commons-digester\2.1\commons-digester-2.1.jar;C:\Users\Ritesh Ranjan Mishra\.m2\repository\org\apache\groovy\groovy\4.0.1\groovy-4.0.1.jar;C:\Users\Ritesh Ranjan Mishra\.m2\repository\net\sf\opencsv\opencsv\2.0\opencsv-2.0.jar;C:\Users\Ritesh Ranjan Mishra\.m2\repository\commons-beanutils\commons-beanutils\1.9.4\commons-beanutils-1.9.4.jar;C:\Users\Ritesh Ranjan Mishra\.m2\repository\org\apache\commons\commons-lang3\3.12.0\commons-lang3-3.12.0.jar;C:\Users\Ritesh Ranjan Mishra\.m2\repository\commons-collections\commons-collections\3.2.2\commons-collections-3.2.2.jar;C:\Users\Ritesh Ranjan Mishra\.m2\repository\org\fluentlenium\fluentlenium-core\0.10.2\fluentlenium-core-0.10.2.jar;C:\Users\Ritesh Ranjan Mishra\.m2\repository\io\github\bonigarcia\webdrivermanager\5.2.1\webdrivermanager-5.2.1.jar;C:\Users\Ritesh Ranjan Mishra\.m2\repository\com\github\docker-java\docker-java\3.2.13\docker-java-3.2.13.jar;C:\Users\Ritesh Ranjan Mishra\.m2\repository\com\github\docker-java\docker-java-core\3.2.13\docker-java-core-3.2.13.jar;C:\Users\Ritesh Ranjan Mishra\.m2\repository\com\github\docker-java\docker-java-api\3.2.13\docker-java-api-3.2.13.jar;C:\Users\Ritesh Ranjan Mishra\.m2\repository\org\bouncycastle\bcpkix-jdk15on\1.64\bcpkix-jdk15on-1.64.jar;C:\Users\Ritesh Ranjan Mishra\.m2\repository\org\bouncycastle\bcprov-jdk15on\1.64\bcprov-jdk15on-1.64.jar;C:\Users\Ritesh Ranjan Mishra\.m2\repository\org\slf4j\jcl-over-slf4j\1.7.30\jcl-over-slf4j-1.7.30.jar;C:\Users\Ritesh Ranjan Mishra\.m2\repository\com\github\docker-java\docker-java-transport-httpclient5\3.2.13\docker-java-transport-httpclient5-3.2.13.jar;C:\Users\Ritesh Ranjan Mishra\.m2\repository\com\github\docker-java\docker-java-transport\3.2.13\docker-java-transport-3.2.13.jar;C:\Users\Ritesh Ranjan Mishra\.m2\repository\net\java\dev\jna\jna\5.8.0\jna-5.8.0.jar;C:\Users\Ritesh Ranjan Mishra\.m2\repository\org\brotli\dec\0.1.2\dec-0.1.2.jar;C:\Users\Ritesh Ranjan Mishra\.m2\repository\org\apache\httpcomponents\client5\httpclient5\5.1.3\httpclient5-5.1.3.jar;C:\Users\Ritesh Ranjan Mishra\.m2\repository\org\apache\httpcomponents\core5\httpcore5\5.1.3\httpcore5-5.1.3.jar;C:\Users\Ritesh Ranjan Mishra\.m2\repository\org\apache\httpcomponents\core5\httpcore5-h2\5.1.3\httpcore5-h2-5.1.3.jar;C:\Users\Ritesh Ranjan Mishra\.m2\repository\com\jhlabs\filters\2.0.235\filters-2.0.235.jar;C:\Users\Ritesh Ranjan Mishra\.m2\repository\com\paulhammant\ngwebdriver\1.1.6\ngwebdriver-1.1.6.jar;C:\Users\Ritesh Ranjan Mishra\.m2\repository\joda-time\joda-time\2.8.2\joda-time-2.8.2.jar;C:\Users\Ritesh Ranjan Mishra\.m2\repository\org\hamcrest\hamcrest\2.2\hamcrest-2.2.jar;C:\Users\Ritesh Ranjan Mishra\.m2\repository\com\google\jimfs\jimfs\1.2\jimfs-1.2.jar;C:\Users\Ritesh Ranjan Mishra\.m2\repository\org\mockito\mockito-core\3.3.3\mockito-core-3.3.3.jar;C:\Users\Ritesh Ranjan Mishra\.m2\repository\com\sun\xml\bind\jaxb-core\2.3.0.1\jaxb-core-2.3.0.1.jar;C:\Users\Ritesh Ranjan Mishra\.m2\repository\com\sun\xml\bind\jaxb-impl\2.3.3\jaxb-impl-2.3.3.jar;C:\Users\Ritesh Ranjan Mishra\.m2\repository\jakarta\xml\bind\jakarta.xml.bind-api\2.3.3\jakarta.xml.bind-api-2.3.3.jar;C:\Users\Ritesh Ranjan Mishra\.m2\repository\com\sun\activation\jakarta.activation\1.2.2\jakarta.activation-1.2.2.jar;C:\Users\Ritesh Ranjan Mishra\.m2\repository\javax\activation\activation\1.1.1\activation-1.1.1.jar;C:\Users\Ritesh Ranjan Mishra\.m2\repository\net\serenity-bdd\serenity-cucumber\3.3.2\serenity-cucumber-3.3.2.jar;C:\Users\Ritesh Ranjan Mishra\.m2\repository\io\cucumber\cucumber-core\7.4.1\cucumber-core-7.4.1.jar;C:\Users\Ritesh Ranjan Mishra\.m2\repository\io\cucumber\cucumber-gherkin\7.4.1\cucumber-gherkin-7.4.1.jar;C:\Users\Ritesh Ranjan Mishra\.m2\repository\io\cucumber\cucumber-gherkin-messages\7.4.1\cucumber-gherkin-messages-7.4.1.jar;C:\Users\Ritesh Ranjan Mishra\.m2\repository\io\cucumber\gherkin\23.0.1\gherkin-23.0.1.jar;C:\Users\Ritesh Ranjan Mishra\.m2\repository\io\cucumber\messages\18.0.0\messages-18.0.0.jar;C:\Users\Ritesh Ranjan Mishra\.m2\repository\io\cucumber\tag-expressions\4.1.0\tag-expressions-4.1.0.jar;C:\Users\Ritesh Ranjan Mishra\.m2\repository\io\cucumber\cucumber-expressions\16.0.0\cucumber-expressions-16.0.0.jar;C:\Users\Ritesh Ranjan Mishra\.m2\repository\io\cucumber\datatable\7.4.1\datatable-7.4.1.jar;C:\Users\Ritesh Ranjan Mishra\.m2\repository\io\cucumber\cucumber-plugin\7.4.1\cucumber-plugin-7.4.1.jar;C:\Users\Ritesh Ranjan Mishra\.m2\repository\io\cucumber\docstring\7.4.1\docstring-7.4.1.jar;C:\Users\Ritesh Ranjan Mishra\.m2\repository\io\cucumber\html-formatter\19.2.0\html-formatter-19.2.0.jar;C:\Users\Ritesh Ranjan Mishra\.m2\repository\io\cucumber\ci-environment\9.0.4\ci-environment-9.0.4.jar;C:\Users\Ritesh Ranjan Mishra\.m2\repository\io\cucumber\cucumber-java\7.4.1\cucumber-java-7.4.1.jar;C:\Users\Ritesh Ranjan Mishra\.m2\repository\io\cucumber\cucumber-junit\7.4.1\cucumber-junit-7.4.1.jar;C:\Users\Ritesh Ranjan Mishra\.m2\repository\org\apache\commons\commons-csv\1.5\commons-csv-1.5.jar;C:\Users\Ritesh Ranjan Mishra\.m2\repository\net\serenity-bdd\serenity-screenplay\3.3.2\serenity-screenplay-3.3.2.jar;C:\Users\Ritesh Ranjan Mishra\.m2\repository\net\serenity-bdd\serenity-screenplay-webdriver\3.3.2\serenity-screenplay-webdriver-3.3.2.jar;C:\Users\Ritesh Ranjan Mishra\.m2\repository\net\serenity-bdd\serenity-ensure\3.3.2\serenity-ensure-3.3.2.jar;C:\Users\Ritesh Ranjan Mishra\.m2\repository\net\serenity-bdd\serenity-junit\3.3.2\serenity-junit-3.3.2.jar;C:\Users\Ritesh Ranjan Mishra\.m2\repository\org\jetbrains\kotlin\kotlin-stdlib\1.7.0\kotlin-stdlib-1.7.0.jar;C:\Users\Ritesh Ranjan Mishra\.m2\repository\org\jetbrains\kotlin\kotlin-stdlib-common\1.7.0\kotlin-stdlib-common-1.7.0.jar;C:\Users\Ritesh Ranjan Mishra\.m2\repository\org\jetbrains\annotations\13.0\annotations-13.0.jar;C:\Users\Ritesh Ranjan Mishra\.m2\repository\net\serenity-bdd\serenity-rest-assured\3.3.2\serenity-rest-assured-3.3.2.jar;C:\Users\Ritesh Ranjan Mishra\.m2\repository\org\apache\httpcomponents\httpclient\4.5.13\httpclient-4.5.13.jar;C:\Users\Ritesh Ranjan Mishra\.m2\repository\org\apache\httpcomponents\httpcore\4.4.13\httpcore-4.4.13.jar;C:\Users\Ritesh Ranjan Mishra\.m2\repository\commons-logging\commons-logging\1.2\commons-logging-1.2.jar;C:\Users\Ritesh Ranjan Mishra\.m2\repository\io\rest-assured\rest-assured\5.1.1\rest-assured-5.1.1.jar;C:\Users\Ritesh Ranjan Mishra\.m2\repository\org\apache\httpcomponents\httpmime\4.5.13\httpmime-4.5.13.jar;C:\Users\Ritesh Ranjan Mishra\.m2\repository\org\ccil\cowan\tagsoup\tagsoup\1.2.1\tagsoup-1.2.1.jar;C:\Users\Ritesh Ranjan Mishra\.m2\repository\io\rest-assured\json-path\5.1.1\json-path-5.1.1.jar;C:\Users\Ritesh Ranjan Mishra\.m2\repository\io\rest-assured\rest-assured-common\5.1.1\rest-assured-common-5.1.1.jar;C:\Users\Ritesh Ranjan Mishra\.m2\repository\io\rest-assured\xml-path\5.1.1\xml-path-5.1.1.jar;C:\Users\Ritesh Ranjan Mishra\.m2\repository\org\apache\groovy\groovy-json\4.0.1\groovy-json-4.0.1.jar;C:\Users\Ritesh Ranjan Mishra\.m2\repository\org\apache\groovy\groovy-xml\4.0.1\groovy-xml-4.0.1.jar;C:\Users\Ritesh Ranjan Mishra\.m2\repository\org\opentest4j\opentest4j\1.2.0\opentest4j-1.2.0.jar;C:\Users\Ritesh Ranjan Mishra\.m2\repository\org\junit\platform\junit-platform-launcher\1.9.0\junit-platform-launcher-1.9.0.jar;C:\Users\Ritesh Ranjan Mishra\.m2\repository\org\junit\platform\junit-platform-engine\1.9.0\junit-platform-engine-1.9.0.jar;C:\Users\Ritesh Ranjan Mishra\.m2\repository\org\junit\platform\junit-platform-commons\1.9.0\junit-platform-commons-1.9.0.jar;C:\Users\Ritesh Ranjan Mishra\.m2\repository\org\apiguardian\apiguardian-api\1.1.2\apiguardian-api-1.1.2.jar;C:\Users\Ritesh Ranjan Mishra\.m2\repository\com\fasterxml\jackson\core\jackson-databind\2.13.4\jackson-databind-2.13.4.jar;C:\Users\Ritesh Ranjan Mishra\.m2\repository\com\fasterxml\jackson\core\jackson-annotations\2.13.4\jackson-annotations-2.13.4.jar;C:\Users\Ritesh Ranjan Mishra\.m2\repository\com\fasterxml\jackson\datatype\jackson-datatype-jdk8\2.13.4\jackson-datatype-jdk8-2.13.4.jar;C:\Users\Ritesh Ranjan Mishra\.m2\repository\org\junit\jupiter\junit-jupiter-engine\5.9.0\junit-jupiter-engine-5.9.0.jar;C:\Users\Ritesh Ranjan Mishra\.m2\repository\org\junit\jupiter\junit-jupiter-api\5.9.0\junit-jupiter-api-5.9.0.jar;C:\Users\Ritesh Ranjan Mishra\.m2\repository\org\junit\vintage\junit-vintage-engine\5.9.0\junit-vintage-engine-5.9.0.jar;C:\Users\Ritesh Ranjan Mishra\.m2\repository\junit\junit\4.13.2\junit-4.13.2.jar;C:\Users\Ritesh Ranjan Mishra\.m2\repository\org\hamcrest\hamcrest-core\1.3\hamcrest-core-1.3.jar;C:\Users\Ritesh Ranjan Mishra\.m2\repository\ch\qos\logback\logback-classic\1.2.11\logback-classic-1.2.11.jar;C:\Users\Ritesh Ranjan Mishra\.m2\repository\ch\qos\logback\logback-core\1.2.11\logback-core-1.2.11.jar;C:\Users\Ritesh Ranjan Mishra\.m2\repository\org\slf4j\slf4j-api\1.7.32\slf4j-api-1.7.32.jar;C:\Users\Ritesh Ranjan Mishra\.m2\repository\org\assertj\assertj-core\3.23.1\assertj-core-3.23.1.jar;C:\Users\Ritesh Ranjan Mishra\.m2\repository\net\bytebuddy\byte-buddy\1.12.10\byte-buddy-1.12.10.jar;C:\Users\Ritesh Ranjan Mishra\.m2\repository\org\apache\poi\poi\5.2.2\poi-5.2.2.jar;C:\Users\Ritesh Ranjan Mishra\.m2\repository\org\apache\commons\commons-collections4\4.4\commons-collections4-4.4.jar;C:\Users\Ritesh Ranjan Mishra\.m2\repository\org\apache\commons\commons-math3\3.6.1\commons-math3-3.6.1.jar;C:\Users\Ritesh Ranjan Mishra\.m2\repository\com\zaxxer\SparseBitSet\1.2\SparseBitSet-1.2.jar;C:\Users\Ritesh Ranjan Mishra\.m2\repository\org\apache\logging\log4j\log4j-api\2.17.2\log4j-api-2.17.2.jar;C:\Users\Ritesh Ranjan Mishra\.m2\repository\org\apache\poi\poi-ooxml\5.2.2\poi-ooxml-5.2.2.jar;C:\Users\Ritesh Ranjan Mishra\.m2\repository\org\apache\poi\poi-ooxml-lite\5.2.2\poi-ooxml-lite-5.2.2.jar;C:\Users\Ritesh Ranjan Mishra\.m2\repository\org\apache\commons\commons-compress\1.21\commons-compress-1.21.jar;C:\Users\Ritesh Ranjan Mishra\.m2\repository\com\github\virtuald\curvesapi\1.07\curvesapi-1.07.jar;C:\Users\Ritesh Ranjan Mishra\.m2\repository\org\apache\poi\poi-ooxml-schemas\4.1.2\poi-ooxml-schemas-4.1.2.jar;C:\Users\Ritesh Ranjan Mishra\.m2\repository\org\apache\xmlbeans\xmlbeans\5.1.1\xmlbeans-5.1.1.jar;C:\Users\Ritesh Ranjan Mishra\.m2\repository\mysql\mysql-connector-java\8.0.30\mysql-connector-java-8.0.30.jar;C:\Users\Ritesh Ranjan Mishra\.m2\repository\com\google\protobuf\protobuf-java\3.19.4\protobuf-java-3.19.4.jar;C:\Users\Ritesh Ranjan Mishra\.m2\repository\org\apache\maven\surefire\surefire-junit-platform\3.0.0-M5\surefire-junit-platform-3.0.0-M5.jar;C:\Users\Ritesh Ranjan Mishra\.m2\repository\org\apache\maven\surefire\common-java5\3.0.0-M5\common-java5-3.0.0-M5.jar"/>
    <property name="user.script" value=""/>
    <property name="sun.management.compiler" value="HotSpot 64-Bit Tiered Compilers"/>
    <property name="java.runtime.version" value="11.0.13+10-LTS-370"/>
    <property name="user.name" value="Ritesh Ranjan Mishra"/>
    <property name="path.separator" value=";"/>
    <property name="os.version" value="10.0"/>
    <property name="java.runtime.name" value="Java(TM) SE Runtime Environment"/>
    <property name="file.encoding" value="Cp1252"/>
    <property name="webdriver.base.url" value=""/>
    <property name="java.vm.name" value="Java HotSpot(TM) 64-Bit Server VM"/>
    <property name="java.vendor.version" value="18.9"/>
    <property name="localRepository" value="C:\Users\Ritesh Ranjan Mishra\.m2\repository"/>
    <property name="java.vendor.url.bug" value="https://bugreport.java.com/bugreport/"/>
    <property name="java.io.tmpdir" value="C:\Users\RITESH~1\AppData\Local\Temp\"/>
    <property name="java.version" value="11.0.13"/>
    <property name="user.dir" value="D:\API Testing\JiraAPI"/>
    <property name="os.arch" value="amd64"/>
    <property name="java.vm.specification.name" value="Java Virtual Machine Specification"/>
    <property name="java.awt.printerjob" value="sun.awt.windows.WPrinterJob"/>
    <property name="sun.os.patch.level" value=""/>
    <property name="java.library.path" value="C:\Program Files\Java\jdk-11.0.13\bin;C:\Windows\Sun\Java\bin;C:\Windows\system32;C:\Windows;C:\Program Files\Common Files\Oracle\Java\javapath;C:\Windows\system32;C:\Windows;C:\Windows\System32\Wbem;C:\Windows\System32\WindowsPowerShell\v1.0\;C:\Windows\System32\OpenSSH\;C:\Program Files\nodejs\;C:\Program Files\Java\jdk-11.0.13\bin;C:\Program Files\apache-maven-3.8.4-bin\apache-maven-3.8.4\bin;D:\Tool\gradle-7.4.1\bin;C:\Program Files\Git\cmd;C:\Program Files\MySQL\MySQL Shell 8.0\bin\;C:\Users\Ritesh Ranjan Mishra\AppData\Local\Programs\Python\Python310\Scripts\;C:\Users\Ritesh Ranjan Mishra\AppData\Local\Programs\Python\Python310\;C:\Users\Ritesh Ranjan Mishra\AppData\Local\Microsoft\WindowsApps;C:\Users\Ritesh Ranjan Mishra\AppData\Roaming\npm;C:\Users\Ritesh Ranjan Mishra\AppData\Local\Programs\Microsoft VS Code\bin;C:\Program Files\JetBrains\PyCharm Community Edition 2021.3.2\bin;;."/>
    <property name="junit.jupiter.extensions.autodetection.enabled" value="true"/>
    <property name="java.vendor" value="Oracle Corporation"/>
    <property name="java.vm.info" value="mixed mode"/>
    <property name="java.vm.version" value="11.0.13+10-LTS-370"/>
    <property name="sun.io.unicode.encoding" value="UnicodeLittle"/>
    <property name="java.class.version" value="55.0"/>
  </properties>
  <testcase name="postRequest" classname="Tests.CreateIssueTest" time="2.149">
    <system-out><![CDATA[17:03:08.357 [main] DEBUG net.thucydides.core.steps.StepEventBus - Test suite started for class Tests.CreateIssueTest
17:03:08.357 [main] INFO  - Test Suite Started: Create issue test
17:03:08.357 [main] INFO  - 
  _____   ___   ___   _____     ___   _____     _     ___   _____   ___   ___  
 |_   _| | __| / __| |_   _|   / __| |_   _|   /_\   | _ \ |_   _| | __| |   \ 
   | |   | _|  \__ \   | |     \__ \   | |    / _ \  |   /   | |   | _|  | |) |
   |_|   |___| |___/   |_|     |___/   |_|   /_/ \_\ |_|_\   |_|   |___| |___/ 

postRequest
--------------------------------------------------------------------------------
17:03:08.365 [main] DEBUG net.thucydides.core.steps.StepInterceptor - STARTING STEP: CreateIssueTest.postRequest - createIssue
17:03:08.389 [main] DEBUG org.apache.http.impl.conn.BasicClientConnectionManager - Get connection for route {s}->https://ritesh21.atlassian.net:443
17:03:08.389 [main] DEBUG org.apache.http.impl.conn.DefaultClientConnectionOperator - Connecting to ritesh21.atlassian.net:443
17:03:08.743 [main] DEBUG org.apache.http.client.protocol.RequestAddCookies - CookieSpec selected: ignoreCookies
17:03:08.743 [main] DEBUG org.apache.http.client.protocol.RequestAuthCache - Auth cache not set in the context
17:03:08.743 [main] DEBUG org.apache.http.client.protocol.RequestProxyAuthentication - Proxy auth state: UNCHALLENGED
17:03:08.743 [main] DEBUG org.apache.http.impl.client.DefaultHttpClient - Attempt 1 to execute request
17:03:08.743 [main] DEBUG org.apache.http.impl.conn.DefaultClientConnection - Sending request: POST /%2F%2Frest/api/2/issue HTTP/1.1
17:03:08.743 [main] DEBUG org.apache.http.wire -  >> "POST /%2F%2Frest/api/2/issue HTTP/1.1[\r][\n]"
17:03:08.743 [main] DEBUG org.apache.http.wire -  >> "Authorization: Basic cml0ZXNocmFuamFubWlzaHJhOTM4QGdtYWlsLmNvbTpmbk5xY2JFZTRUWGY4bnJtOUltRDkwNzg=[\r][\n]"
17:03:08.743 [main] DEBUG org.apache.http.wire -  >> "Accept: */*[\r][\n]"
17:03:08.743 [main] DEBUG org.apache.http.wire -  >> "Content-Type: application/json[\r][\n]"
17:03:08.743 [main] DEBUG org.apache.http.wire -  >> "Content-Length: 157[\r][\n]"
17:03:08.743 [main] DEBUG org.apache.http.wire -  >> "Host: ritesh21.atlassian.net[\r][\n]"
17:03:08.743 [main] DEBUG org.apache.http.wire -  >> "Connection: Keep-Alive[\r][\n]"
17:03:08.743 [main] DEBUG org.apache.http.wire -  >> "User-Agent: Apache-HttpClient/4.5.13 (Java/11.0.13)[\r][\n]"
17:03:08.743 [main] DEBUG org.apache.http.wire -  >> "Accept-Encoding: gzip,deflate[\r][\n]"
17:03:08.743 [main] DEBUG org.apache.http.wire -  >> "[\r][\n]"
17:03:08.743 [main] DEBUG org.apache.http.headers - >> POST /%2F%2Frest/api/2/issue HTTP/1.1
17:03:08.743 [main] DEBUG org.apache.http.headers - >> Authorization: Basic cml0ZXNocmFuamFubWlzaHJhOTM4QGdtYWlsLmNvbTpmbk5xY2JFZTRUWGY4bnJtOUltRDkwNzg=
17:03:08.743 [main] DEBUG org.apache.http.headers - >> Accept: */*
17:03:08.743 [main] DEBUG org.apache.http.headers - >> Content-Type: application/json
17:03:08.743 [main] DEBUG org.apache.http.headers - >> Content-Length: 157
17:03:08.743 [main] DEBUG org.apache.http.headers - >> Host: ritesh21.atlassian.net
17:03:08.743 [main] DEBUG org.apache.http.headers - >> Connection: Keep-Alive
17:03:08.743 [main] DEBUG org.apache.http.headers - >> User-Agent: Apache-HttpClient/4.5.13 (Java/11.0.13)
17:03:08.743 [main] DEBUG org.apache.http.headers - >> Accept-Encoding: gzip,deflate
17:03:08.743 [main] DEBUG org.apache.http.wire -  >> "{"fields":{"summary":"Feature is not working as expeted","description":"Creating of an issue using proj","project":{"key":"JAT"},"issuetype":{"name":"Bug"}}}"
17:03:09.504 [main] DEBUG org.apache.http.wire -  << "HTTP/1.1 201 Created[\r][\n]"
17:03:09.504 [main] DEBUG org.apache.http.wire -  << "Date: Wed, 26 Oct 2022 11:33:08 GMT[\r][\n]"
17:03:09.504 [main] DEBUG org.apache.http.wire -  << "Content-Type: application/json;charset=UTF-8[\r][\n]"
17:03:09.504 [main] DEBUG org.apache.http.wire -  << "Server: AtlassianEdge[\r][\n]"
17:03:09.504 [main] DEBUG org.apache.http.wire -  << "Timing-Allow-Origin: *[\r][\n]"
17:03:09.504 [main] DEBUG org.apache.http.wire -  << "X-Arequestid: 970ac24015fe495025cda6c6beec4400[\r][\n]"
17:03:09.504 [main] DEBUG org.apache.http.wire -  << "Set-Cookie: atlassian.xsrf.token=515d8807-db6a-4ba6-8626-62fa151662ad_ab015ffbfc62116442d863d0db7baddf88e2da56_lin; path=/; SameSite=None; Secure[\r][\n]"
17:03:09.504 [main] DEBUG org.apache.http.wire -  << "X-Aaccountid: 5fab8a6ab45b2e0074a9616e[\r][\n]"
17:03:09.504 [main] DEBUG org.apache.http.wire -  << "Cache-Control: no-cache, no-store, no-transform[\r][\n]"
17:03:09.504 [main] DEBUG org.apache.http.wire -  << "Vary: Accept-Encoding[\r][\n]"
17:03:09.504 [main] DEBUG org.apache.http.wire -  << "Expect-Ct: report-uri="https://web-security-reports.services.atlassian.com/expect-ct-report/atlassian-proxy", max-age=86400[\r][\n]"
17:03:09.504 [main] DEBUG org.apache.http.wire -  << "Strict-Transport-Security: max-age=63072000; preload[\r][\n]"
17:03:09.504 [main] DEBUG org.apache.http.wire -  << "X-Content-Type-Options: nosniff[\r][\n]"
17:03:09.504 [main] DEBUG org.apache.http.wire -  << "X-Xss-Protection: 1; mode=block[\r][\n]"
17:03:09.504 [main] DEBUG org.apache.http.wire -  << "Atl-Traceid: 26db7e88e14b26ef[\r][\n]"
17:03:09.504 [main] DEBUG org.apache.http.wire -  << "Report-To: {"endpoints": [{"url": "https://dz8aopenkvv6s.cloudfront.net"}], "group": "endpoint-1", "include_subdomains": true, "max_age": 600}[\r][\n]"
17:03:09.504 [main] DEBUG org.apache.http.wire -  << "Nel: {"failure_fraction": 0.001, "include_subdomains": true, "max_age": 600, "report_to": "endpoint-1"}[\r][\n]"
17:03:09.504 [main] DEBUG org.apache.http.wire -  << "Transfer-Encoding: chunked[\r][\n]"
17:03:09.504 [main] DEBUG org.apache.http.wire -  << "[\r][\n]"
17:03:09.504 [main] DEBUG org.apache.http.impl.conn.DefaultClientConnection - Receiving response: HTTP/1.1 201 Created
17:03:09.504 [main] DEBUG org.apache.http.headers - << HTTP/1.1 201 Created
17:03:09.504 [main] DEBUG org.apache.http.headers - << Date: Wed, 26 Oct 2022 11:33:08 GMT
17:03:09.504 [main] DEBUG org.apache.http.headers - << Content-Type: application/json;charset=UTF-8
17:03:09.504 [main] DEBUG org.apache.http.headers - << Server: AtlassianEdge
17:03:09.504 [main] DEBUG org.apache.http.headers - << Timing-Allow-Origin: *
17:03:09.504 [main] DEBUG org.apache.http.headers - << X-Arequestid: 970ac24015fe495025cda6c6beec4400
17:03:09.504 [main] DEBUG org.apache.http.headers - << Set-Cookie: atlassian.xsrf.token=515d8807-db6a-4ba6-8626-62fa151662ad_ab015ffbfc62116442d863d0db7baddf88e2da56_lin; path=/; SameSite=None; Secure
17:03:09.504 [main] DEBUG org.apache.http.headers - << X-Aaccountid: 5fab8a6ab45b2e0074a9616e
17:03:09.504 [main] DEBUG org.apache.http.headers - << Cache-Control: no-cache, no-store, no-transform
17:03:09.504 [main] DEBUG org.apache.http.headers - << Vary: Accept-Encoding
17:03:09.504 [main] DEBUG org.apache.http.headers - << Expect-Ct: report-uri="https://web-security-reports.services.atlassian.com/expect-ct-report/atlassian-proxy", max-age=86400
17:03:09.504 [main] DEBUG org.apache.http.headers - << Strict-Transport-Security: max-age=63072000; preload
17:03:09.505 [main] DEBUG org.apache.http.headers - << X-Content-Type-Options: nosniff
17:03:09.505 [main] DEBUG org.apache.http.headers - << X-Xss-Protection: 1; mode=block
17:03:09.505 [main] DEBUG org.apache.http.headers - << Atl-Traceid: 26db7e88e14b26ef
17:03:09.505 [main] DEBUG org.apache.http.headers - << Report-To: {"endpoints": [{"url": "https://dz8aopenkvv6s.cloudfront.net"}], "group": "endpoint-1", "include_subdomains": true, "max_age": 600}
17:03:09.505 [main] DEBUG org.apache.http.headers - << Nel: {"failure_fraction": 0.001, "include_subdomains": true, "max_age": 600, "report_to": "endpoint-1"}
17:03:09.505 [main] DEBUG org.apache.http.headers - << Transfer-Encoding: chunked
17:03:09.505 [main] DEBUG org.apache.http.impl.client.DefaultHttpClient - Connection can be kept alive indefinitely
17:03:09.505 [main] DEBUG io.restassured.internal.RestAssuredHttpBuilder - Parsing response as: application/json;charset=UTF-8
17:03:09.505 [main] DEBUG io.restassured.internal.RestAssuredHttpBuilder - Parsed data to instance of: class org.apache.http.conn.EofSensorInputStream
17:03:09.507 [main] DEBUG org.apache.http.wire -  << "5c[\r][\n]"
17:03:09.507 [main] DEBUG org.apache.http.wire -  << "{"id":"10047","key":"JAT-48","self":"https://ritesh21.atlassian.net/rest/api/2/issue/10047"}"
17:03:09.507 [main] DEBUG org.apache.http.wire -  << "[\r][\n]"
17:03:09.507 [main] DEBUG org.apache.http.wire -  << "0[\r][\n]"
17:03:09.508 [main] DEBUG org.apache.http.wire -  << "[\r][\n]"
17:03:09.508 [main] DEBUG org.apache.http.impl.conn.BasicClientConnectionManager - Releasing connection org.apache.http.impl.conn.ManagedClientConnectionImpl@55731ccd
17:03:09.508 [main] DEBUG org.apache.http.impl.conn.BasicClientConnectionManager - Connection can be kept alive indefinitely
17:03:09.508 [main] DEBUG net.thucydides.core.steps.StepInterceptor - STEP DONE: createIssue
17:03:09.530 [main] DEBUG net.thucydides.core.steps.StepInterceptor - STARTING STEP: CreateIssueTest.postRequest - getIssueDetails
17:03:09.539 [main] DEBUG org.apache.http.impl.conn.BasicClientConnectionManager - Get connection for route {s}->https://ritesh21.atlassian.net:443
17:03:09.539 [main] DEBUG org.apache.http.impl.conn.DefaultClientConnectionOperator - Connecting to ritesh21.atlassian.net:443
17:03:09.978 [main] DEBUG org.apache.http.client.protocol.RequestAddCookies - CookieSpec selected: ignoreCookies
17:03:09.978 [main] DEBUG org.apache.http.client.protocol.RequestAuthCache - Auth cache not set in the context
17:03:09.978 [main] DEBUG org.apache.http.client.protocol.RequestProxyAuthentication - Proxy auth state: UNCHALLENGED
17:03:09.978 [main] DEBUG org.apache.http.impl.client.DefaultHttpClient - Attempt 1 to execute request
17:03:09.978 [main] DEBUG org.apache.http.impl.conn.DefaultClientConnection - Sending request: GET /%2F%2Frest/api/2/issue/JAT-48 HTTP/1.1
17:03:09.978 [main] DEBUG org.apache.http.wire -  >> "GET /%2F%2Frest/api/2/issue/JAT-48 HTTP/1.1[\r][\n]"
17:03:09.978 [main] DEBUG org.apache.http.wire -  >> "Authorization: Basic cml0ZXNocmFuamFubWlzaHJhOTM4QGdtYWlsLmNvbTpmbk5xY2JFZTRUWGY4bnJtOUltRDkwNzg=[\r][\n]"
17:03:09.978 [main] DEBUG org.apache.http.wire -  >> "Accept: */*[\r][\n]"
17:03:09.978 [main] DEBUG org.apache.http.wire -  >> "Content-Type: application/json[\r][\n]"
17:03:09.978 [main] DEBUG org.apache.http.wire -  >> "Content-Length: 157[\r][\n]"
17:03:09.978 [main] DEBUG org.apache.http.wire -  >> "Host: ritesh21.atlassian.net[\r][\n]"
17:03:09.978 [main] DEBUG org.apache.http.wire -  >> "Connection: Keep-Alive[\r][\n]"
17:03:09.978 [main] DEBUG org.apache.http.wire -  >> "User-Agent: Apache-HttpClient/4.5.13 (Java/11.0.13)[\r][\n]"
17:03:09.978 [main] DEBUG org.apache.http.wire -  >> "Accept-Encoding: gzip,deflate[\r][\n]"
17:03:09.978 [main] DEBUG org.apache.http.wire -  >> "[\r][\n]"
17:03:09.978 [main] DEBUG org.apache.http.headers - >> GET /%2F%2Frest/api/2/issue/JAT-48 HTTP/1.1
17:03:09.978 [main] DEBUG org.apache.http.headers - >> Authorization: Basic cml0ZXNocmFuamFubWlzaHJhOTM4QGdtYWlsLmNvbTpmbk5xY2JFZTRUWGY4bnJtOUltRDkwNzg=
17:03:09.978 [main] DEBUG org.apache.http.headers - >> Accept: */*
17:03:09.978 [main] DEBUG org.apache.http.headers - >> Content-Type: application/json
17:03:09.978 [main] DEBUG org.apache.http.headers - >> Content-Length: 157
17:03:09.978 [main] DEBUG org.apache.http.headers - >> Host: ritesh21.atlassian.net
17:03:09.978 [main] DEBUG org.apache.http.headers - >> Connection: Keep-Alive
17:03:09.978 [main] DEBUG org.apache.http.headers - >> User-Agent: Apache-HttpClient/4.5.13 (Java/11.0.13)
17:03:09.978 [main] DEBUG org.apache.http.headers - >> Accept-Encoding: gzip,deflate
17:03:09.978 [main] DEBUG org.apache.http.wire -  >> "{"fields":{"summary":"Feature is not working as expeted","description":"Creating of an issue using proj","project":{"key":"JAT"},"issuetype":{"name":"Bug"}}}"
17:03:10.480 [main] DEBUG org.apache.http.wire -  << "HTTP/1.1 200 OK[\r][\n]"
17:03:10.480 [main] DEBUG org.apache.http.wire -  << "Date: Wed, 26 Oct 2022 11:33:09 GMT[\r][\n]"
17:03:10.480 [main] DEBUG org.apache.http.wire -  << "Content-Type: application/json;charset=UTF-8[\r][\n]"
17:03:10.480 [main] DEBUG org.apache.http.wire -  << "Server: AtlassianEdge[\r][\n]"
17:03:10.480 [main] DEBUG org.apache.http.wire -  << "Timing-Allow-Origin: *[\r][\n]"
17:03:10.480 [main] DEBUG org.apache.http.wire -  << "X-Arequestid: 0eb0784aa40fcded4aa0c8a5787f6f63[\r][\n]"
17:03:10.480 [main] DEBUG org.apache.http.wire -  << "Set-Cookie: atlassian.xsrf.token=515d8807-db6a-4ba6-8626-62fa151662ad_129618efc53b96347f7d09ed4b46627671fe39e1_lin; path=/; SameSite=None; Secure[\r][\n]"
17:03:10.480 [main] DEBUG org.apache.http.wire -  << "X-Aaccountid: 5fab8a6ab45b2e0074a9616e[\r][\n]"
17:03:10.480 [main] DEBUG org.apache.http.wire -  << "Cache-Control: no-cache, no-store, no-transform[\r][\n]"
17:03:10.480 [main] DEBUG org.apache.http.wire -  << "Vary: Accept-Encoding[\r][\n]"
17:03:10.480 [main] DEBUG org.apache.http.wire -  << "Content-Encoding: gzip[\r][\n]"
17:03:10.480 [main] DEBUG org.apache.http.wire -  << "Expect-Ct: report-uri="https://web-security-reports.services.atlassian.com/expect-ct-report/atlassian-proxy", max-age=86400[\r][\n]"
17:03:10.480 [main] DEBUG org.apache.http.wire -  << "Strict-Transport-Security: max-age=63072000; preload[\r][\n]"
17:03:10.480 [main] DEBUG org.apache.http.wire -  << "X-Content-Type-Options: nosniff[\r][\n]"
17:03:10.480 [main] DEBUG org.apache.http.wire -  << "X-Xss-Protection: 1; mode=block[\r][\n]"
17:03:10.480 [main] DEBUG org.apache.http.wire -  << "Atl-Traceid: b7631920e03a3ded[\r][\n]"
17:03:10.480 [main] DEBUG org.apache.http.wire -  << "Report-To: {"endpoints": [{"url": "https://dz8aopenkvv6s.cloudfront.net"}], "group": "endpoint-1", "include_subdomains": true, "max_age": 600}[\r][\n]"
17:03:10.480 [main] DEBUG org.apache.http.wire -  << "Nel: {"failure_fraction": 0.001, "include_subdomains": true, "max_age": 600, "report_to": "endpoint-1"}[\r][\n]"
17:03:10.480 [main] DEBUG org.apache.http.wire -  << "Transfer-Encoding: chunked[\r][\n]"
17:03:10.480 [main] DEBUG org.apache.http.wire -  << "[\r][\n]"
17:03:10.480 [main] DEBUG org.apache.http.impl.conn.DefaultClientConnection - Receiving response: HTTP/1.1 200 OK
17:03:10.480 [main] DEBUG org.apache.http.headers - << HTTP/1.1 200 OK
17:03:10.480 [main] DEBUG org.apache.http.headers - << Date: Wed, 26 Oct 2022 11:33:09 GMT
17:03:10.480 [main] DEBUG org.apache.http.headers - << Content-Type: application/json;charset=UTF-8
17:03:10.480 [main] DEBUG org.apache.http.headers - << Server: AtlassianEdge
17:03:10.480 [main] DEBUG org.apache.http.headers - << Timing-Allow-Origin: *
17:03:10.480 [main] DEBUG org.apache.http.headers - << X-Arequestid: 0eb0784aa40fcded4aa0c8a5787f6f63
17:03:10.480 [main] DEBUG org.apache.http.headers - << Set-Cookie: atlassian.xsrf.token=515d8807-db6a-4ba6-8626-62fa151662ad_129618efc53b96347f7d09ed4b46627671fe39e1_lin; path=/; SameSite=None; Secure
17:03:10.480 [main] DEBUG org.apache.http.headers - << X-Aaccountid: 5fab8a6ab45b2e0074a9616e
17:03:10.480 [main] DEBUG org.apache.http.headers - << Cache-Control: no-cache, no-store, no-transform
17:03:10.480 [main] DEBUG org.apache.http.headers - << Vary: Accept-Encoding
17:03:10.480 [main] DEBUG org.apache.http.headers - << Content-Encoding: gzip
17:03:10.480 [main] DEBUG org.apache.http.headers - << Expect-Ct: report-uri="https://web-security-reports.services.atlassian.com/expect-ct-report/atlassian-proxy", max-age=86400
17:03:10.480 [main] DEBUG org.apache.http.headers - << Strict-Transport-Security: max-age=63072000; preload
17:03:10.480 [main] DEBUG org.apache.http.headers - << X-Content-Type-Options: nosniff
17:03:10.480 [main] DEBUG org.apache.http.headers - << X-Xss-Protection: 1; mode=block
17:03:10.480 [main] DEBUG org.apache.http.headers - << Atl-Traceid: b7631920e03a3ded
17:03:10.480 [main] DEBUG org.apache.http.headers - << Report-To: {"endpoints": [{"url": "https://dz8aopenkvv6s.cloudfront.net"}], "group": "endpoint-1", "include_subdomains": true, "max_age": 600}
17:03:10.480 [main] DEBUG org.apache.http.headers - << Nel: {"failure_fraction": 0.001, "include_subdomains": true, "max_age": 600, "report_to": "endpoint-1"}
17:03:10.480 [main] DEBUG org.apache.http.headers - << Transfer-Encoding: chunked
17:03:10.480 [main] DEBUG org.apache.http.impl.client.DefaultHttpClient - Connection can be kept alive indefinitely
17:03:10.480 [main] DEBUG io.restassured.internal.RestAssuredHttpBuilder - Parsing response as: application/json;charset=UTF-8
17:03:10.480 [main] DEBUG org.apache.http.wire -  << "632[\r][\n]"
17:03:10.480 [main] DEBUG org.apache.http.wire -  << "[0x1f][0x8b][0x8][0x0][0x0][0x0][0x0][0x0][0x0][0x3][0xcc]W[0xeb]j[0xe3]F[0x14]~[0x15]![0xd8]_[0xb5][0xac][0x9b]/[0x92]![0xa4]n[0xd6][0xbb][0xeb]4q[0x83][0xe3][0xdd]BK[0x9]c[0xe9]X[0x9e][0xcd]h[0xa4][0x9d][0x19][0xc5]v[0xd3][0xbc]{[0xcf][0x91]l[0xa7]8u [0x81]@ [0x4][0xcd][0xb9]_[0xbf][0x19][0xdf][0xdb][0xb0].[0x99]L[0xed][0x81][0xad]@[0xa6][0xa0] [0xfd][0xc4]A[0xa4][0xba]%Y[0xe][0xba][0xa5][0x93]%[0xe4][0xac]U[0x94][0xa0][0x98][0xe1][0x85][0xd4]-H[0xb9][0xc9][0xc1][0xb0]V[0xb2]d2[0x3]Qd[0xad];P[0x1a]y[0x90]N[0xa1]T[0xa0]A[0x9a][0xad]lRiS[0xe4][0xb]2x[0xe3]{[0x9e][0xef][0xb5][0x15][0xfc][0xa8]@[0x9b][0xd9][0xa6][0x84]+[0xc5][0x12][0xc3][0x13][0xb0][6'[0xff]([0xd0][0xe9][0xe3]A[0x83]X[0xe0]qiL[0xa9][0x7][0xae][0xab][0xb8][0x1][0xbd][0xc][0xfc]63[0x82]i[0xcd][0x99]lK0.[0xfa]1.+[0xb9][0x1b][0xb8]\[0xeb][\n]"
17:03:10.480 [main] DEBUG org.apache.http.wire -  << "[0xdc][0x9d][0xfa]-lP[0xfb]|8s:[0x11][0x1e]k[0xe7][0xda][0x1e][0xdc][0xdb][0x1a][0xa3][0xaa]t[0xc2][0xc]d[0x85][0xda]4[0xd1][0xa7]xB[0xe9][0xc0][0xb][0x2][0xc7][0xf7][0x9c][0xa0]7[0xf3][0xfb][0x3]/[0x1c]xQ;[0xea][0xf7]~[0xf2][0xba][0xa1]G[0xe1][0x91][0x3][0x83]![0xd7]f^[0x15][0x1e]iS[0x88]^[0xf7]?[0xe9][0xd6][0x87][0x14]t[0xa2]xI[0x5]C[0xea]/U[0xa6]-[0x83][0x95][0xb9][0xb5]JU[0xcc][0x5][0xe4][0xda]*[0x94][0x5]J[0x15]J[0xb7]I7)[0xe4]W%^[0x14]A%9[0xb5][0x88][0x89][0x1b]v[0xc7][0xc]S[0xee][0x1d][0x87][0x95][[0x87][0xf4][0x18][0xdc][0x96][0xe5]{[0xa1][0x17][0x9e]j[0xfe]7[0x9c][0xe4][0xd8][0xea]*G[0x9f]4[\n]"
17:03:10.480 [main] DEBUG org.apache.http.wire -  << "Ml[0xd4][0x9e]jn[0x98][0xbe][0xb5][0x7][0xb]&4[0xb4][0xec]Fo[0x8c])[0xd5][0xaa]-[0x1b][0xdb][0xcf][0xcd][0x86][0x8]6[0x83][0x8]z[0xb][0x88][0x9d]N/[0xc][0xf1]_[0x1a]9Q[0xea][0xc7][0x8e][0x1f][0xb3][0xb8][0x1b]{A[0x9c][0xc6][0xd4][0xfe]%[0xc7][0xe9]R[0xc9]rs[0x1]w[0x80][0xa9]y[0xf]-[0xdb]p[0x1c][0xbf][0x12]m[0xd9][0x3]Y[0x9][0xd1][0xb2][0xb1][0x1c][0xdf]!1[0xaf]j[0xc1]V[0xb7]n@[0xdd][0xd0]][0x3][0xe8][0xb0][0x1f][0x98][0xc7]L[0xcf][0xb9]b[0xd6][0xf0]jl[0xcd]F[0xd7][0xb3][0xf1][0xe4][0xb3][0xbd]wO[0x83][0xfb]k[0xad][0xa0][0x8b][0x85]Y1E[0xf1]k[0x9e][0x97][0x82][0xe3][0xa4][0xa1]Y[0xa3][0xaa]}Q[0xb0]O[0xf5][0xe4]u[0xa2]5[0xce][0xe2]K[0x2]~[0xa6]c[0xbb]\[0xf6][0xfd][0xea][0xf8]4[0xf6]Ag[0x1d]t[0xde][0xd2]G3[0x13]:gB[0xa0];[0xbf][0xb7][0xf6]{o[0xef]n[0xbd][0xf3][0x17][0x6][0xeb]0x{[0xdb][0x91]x [0xe0]Xkp[\r]{[0xf8][0xe7]_[0xd8][0xd3],S[0x90]!`<[0x19]M[0xf4]Z[0x88][0xaa][0xd9][0xe0][0x86]r[0x0]|A[0xff][0x18]#:[0xc6][0x88][0x9f][0x1a]o[0xc0][0xaa][0xa1][0xae][\n]"
17:03:10.480 [main] DEBUG org.apache.http.wire -  << "u[#[0xb2]=p[0xfc]-BQ[0xf2][0x8a]'M[0x1c][0xf7]Oh4[0x8a][0x98][0x97]^[0x16][0x95]H?r][\n]"
17:03:10.480 [main] DEBUG org.apache.http.wire -  << "[0xb6]i[0xe6][0x15][0xa9]+f[0x10][0xe9][0x1b][0x9c]|[0xe9]v5[0xf8][0xdb] [0xae][0xdb][0x18]R[0xda][0xde][0xda]<+**T[0x1d][0xe3][0xef]D[0xe0]2[0xdb]{E[0x83][0xe6][0x1b][0xb6][0x85][0x16]g[[0x6][0x5][0x98]%[0xad][0xe7][0xff]ar7[0xea][0xee]0[0xf9][0xb0]^[0xde][0xb1]B[0xfa][0xc7][0x18][0xc1]1F[0xf8][0x8]9[0xbc][0xc0][0xf4]7[0xaf][0xaa][0xca]N[0xd9][\r]_[0x82][0xda]<g[0x19]h[0x97][0xe4][0xf5][0xce][0x4]GB3[0x98]m}G[0x10][0xbc]E[0xa9][0xcb][0x1d]>[0xd7]p[0x16][0xda][0xf]OS[0xe9][0x1c][0xcb][0xb1]{[0x8c][0xd1][0xdb]1[0x4][0x9b][0x3][0xc1][0x17][0x8d][0xfe][0xe1]=[0xbe][0x17]:d[0x1c][0x9b]s?[0xa2][0x1a].[0x99][0x1e][0x95]<[0xb9][0xe0][0xf2][0xf6][0x13]q>BIo[0xe][0x99]l[0xf6][0xb7][0x9]N[0xe7][0xaa][0xe6][0xed])[0xb2][0x90]#|r0[0xbc][0xb][0xa7][0xc0]t3[0xdb]j[0xfb]e_]|[0xfd]<[0x9e][0xdc]\[0x8c][0xcf]F[0x93][0xeb][0xd1][0xcd]h:[0xfd]m[0x8a][0x15][0xc1][0x5][0xd5]XH[0x14][0x98]-[0xc1][0xba]B[0x98][0x96][0xc6]"[0xbf][0x16][0xc7][0xfb]T[0x8a][0x8d][0x85][0xbb][0xcf][0x5][0x19][0xb5]La[0xd5]x[0xa5] [0xc7]zZ[0x95][0x6][0xba]j[0x9][0x3][0xe][0xb3][0xc0][0xa5][0xb4][0xbd]8][0x1c]r`[0x1f]@[0x2][0xb6]*[0xe3][0x92][0x9][0x1c][0x1][0xec][0xe2][0xe3][0xaa][0x12][0xef][0x90][0xb6]}1m[0xcb][/[0x90][0xc0][0xe8]vH[0x83][0xf3][0x90]Ix[0xdd]s[0x83][0xc2]?eIB{7NO[0xba][0xb]6[0x8f]X[0x8f][0xcd];[0xdd]y[0x0][0x9e][0xd7][0xef][0xb0][0xb8][0xe7][0xf7][0xe8][0xda][0xda][0xb][0xa1][0xfd]g[0xc4][0xf0][0xfd][0xc7][0xc5]0M[0xd1][0x7][0xc6]g7[0x11](&[0xbf]3[0x99]s[0xfa][0x8a][0xc3][0xe8][0xe7][0x8c][0x84][0xda]IA[0xe3][0xf8][0xfc][0xe5][0xa7]![0xa9][0x14][0xb4]3[0xd5][0x88][0x91][0xce][0xe][0x88][0x83][0xa0]7[0xf]=[0xf]|[0xbf][0xbf][0xe8][0x3][0x4]q[0xcc][0x92][0x94]E[0x1e]R[0xc3](M[0x17][0xa7][0xe9]Im[0xe5]C8[0xfc][0x10]|[0xc2][0xbf]F[0xcf][0xc9][0x99][0xc4]f[0xe7][0xd8]c[0xc7]iH[0xba]]ig[0x85]Eq[0x82]6[0xa2]}[0xda].[0xab][0xb9][0xe0][0x9]U[0xcd])[0x19][0xd3]T4[0xd4][0xe7][0x12][0xb7][0xb][0xc7][0xc]?[0xa7][0x97]$*i[0xbd][0xe][0xaf][0xd2][0xf7][0x1f][0xf1][0xe1]m[0xfc][0xfe]#>[0xbc][0xcf][0xdf]{[0xc4][0x8][0x6]iseN[0x1a][0xf0][0x9d][0x8e][0xf1]m[0xf8][0xc5][0x9a][0xe]'[0xe7][0xc3][0x89]u9[0xbe][0xfe]2[0x1d][0xd6];e[0xf0][0xd9][0xb1]{[0x6][0xd2][0xea][0xff][0x81]?[0x8c]P~[0x88][0xbb][0xea][0x9e]1[0x91]T[0xe6]_[0x0][0x0][0x0][0xff][0xff][0xec]Y[0xc1]N[0xc3]0[0xc][0xfd][0x95]h[0xe7][0xa1][0x95][0xfe][0x1][0x1a][0xe2][0x3][0x10][0xe2][0x1e][0xa6][0xc0][0x90][0xda][0xb8]J[0xd3]14[0xf5][0xdf][0xb1][0x13]'[#[0x82]F[0x87][0xc6]%[0xb7][0xb6]il7[0x89][0xdf]{v[0xad]<&[0x1f][0xe9]I[0x1c][0x8d][0xd9]L[0x8e][0x86][0x8e][0x98][0xfe][0xc][0xe][0xf4][0x15][0xcd],[0x94][0xf0]S[0xa3] [0x9e][0x16]![0xbf]![0xac]#[0x1d]=[0x81][0xb8][0x87][0xc0]F[0xc1][0xb0][0xf7][0xb3][0xe6][0xa2][0xeb][0x82]PC[0xdd][0xb6][0xaa][0xd9]E[0x1d][0x94][0xbb]V[0x1f][0xf8]h[0x3][\r][0x18][0xde][0x9b][0x97]fP7x[0x94]>[0xd3][0xe0][0x1c][0xa6]C[0xdb][0xe1][0x96]h[0xcb]`[0xfb][0x13]tO[0x97]eM[0xda][0x4][0xe5][0x8b][0x80]W![0xb5]p[0xa8][0x8d]lAOHQR[0x10]i[0xbd][0x9b][0xa3][0xc3][0xc8][0xcb][0xe4][0xdd][0x95]{N[0x16][0x91]>K_[0xcd]1u[0x95][0x1d][0xc8][0xb1]s[0x15][0xd9][0xd9]e[0x9b][0x13]6[0xdf][0xbf][0x18]U[0xe9][0x84][0xe0][0xd2][0xd5]IgE[0xc9]*[0xf1][0x88]o[0xb6][0x94]y~[0x89][0xfb][0xa1]m%[0xed][0xfe][0xe2][0x1]W[0x10][0xf3][0x9c]XX[0x83][0x15][0xa4]bi[0xf9]d/[0xd4][0xbe]St[0xe8][0x97]^[0x2][0x82][0x99]uV[\n]"
17:03:10.480 [main] DEBUG org.apache.http.wire -  << "[0xf9]][0x6]s[0x85][0xfc][0xae][0x11]q![0xbf]<[0xf9]q{[0x89][0xc1][0xd9][0xa8][0xe][0x8c]U[0x5][0xc][0xfe]c[0xdb][0xb][0x18]\#[0xe2][0x2][0x6]y0[0x88][0xf2][0x3]c|[0xf3]Yw[0xa0]N,_Wh[0x17][0xac][0xe4][0x8e]q*Gr[0x8d][0x9f]*[0xd7][0xf8][0xa9]b[0xe3]'[0x1d][0x88]rM[0xe9][0xdd][0xbb][0x1][0xed][0xa5][\r]k[0xc4][0x81][0xff]"[0xf8][0xdb]s"[0xdd][0x81][0xfd][0x8b]V[0x9b]7[0x13][0xcd][0xa1][0x8f][0xad][0xec][0x9f][0xc1][0x95][0xe][0xae]y[0xe2][0xd5][0xae][0xf][0xf6][0x10].[0x19]Yg[0xba][0xbe][0xa5][0xbf],[0xab]`u[0xb9]h[0xe5][0xfe]Q[0xf5]CCfO>[0xd2][0x9]c[0xef][0xac][0xff]`[0xd2]y[\r][0x90][0xc0]=y>[0x9d]\Of[0xf3][0x4][0x17][0xeb]8[0x8e]_[0x0][0x0][0x0][0xff][0xff]"
17:03:10.480 [main] DEBUG org.apache.http.wire -  << "[\r][\n]"
17:03:10.480 [main] DEBUG org.apache.http.wire -  << "a[\r][\n]"
17:03:10.480 [main] DEBUG org.apache.http.wire -  << "[0x3][0x0][0x1]yW-[0xa6][0x1a][0x0][0x0]"
17:03:10.480 [main] DEBUG org.apache.http.wire -  << "[\r][\n]"
17:03:10.480 [main] DEBUG org.apache.http.wire -  << "0[\r][\n]"
17:03:10.480 [main] DEBUG org.apache.http.wire -  << "[\r][\n]"
17:03:10.480 [main] DEBUG io.restassured.internal.RestAssuredHttpBuilder - Parsed data to instance of: class org.apache.http.conn.EofSensorInputStream
17:03:10.480 [main] DEBUG org.apache.http.impl.conn.BasicClientConnectionManager - Releasing connection org.apache.http.impl.conn.ManagedClientConnectionImpl@208b8425
17:03:10.480 [main] DEBUG org.apache.http.impl.conn.BasicClientConnectionManager - Connection can be kept alive indefinitely
17:03:10.489 [main] DEBUG net.thucydides.core.steps.StepInterceptor - STEP DONE: getIssueDetails
]]></system-out>
  </testcase>
</testsuite>